<?xml version="1.0" encoding="UTF-8"?>
<coverage generated="1787010770779" clover="3.2.0">
  <project timestamp="1787010770779" name="All files">
    <metrics statements="3721" coveredstatements="1841" conditionals="2562" coveredconditionals="1048" methods="615" coveredmethods="247" elements="6898" coveredelements="3136" complexity="0" loc="3721" ncloc="3721" packages="14" files="78" classes="78"/>
    <package name="src">
      <metrics statements="32" coveredstatements="0" conditionals="4" coveredconditionals="0" methods="2" coveredmethods="0"/>
      <file name="app.module.ts" path="C:\Users\rykup\source\repos\AI-LMS-Tool\api\src\app.module.ts">
        <metrics statements="18" coveredstatements="0" conditionals="2" coveredconditionals="0" methods="1" coveredmethods="0"/>
        <line num="1" count="0" type="stmt"/>
        <line num="2" count="0" type="stmt"/>
        <line num="3" count="0" type="stmt"/>
        <line num="4" count="0" type="stmt"/>
        <line num="5" count="0" type="stmt"/>
        <line num="6" count="0" type="stmt"/>
        <line num="8" count="0" type="stmt"/>
        <line num="9" count="0" type="stmt"/>
        <line num="10" count="0" type="stmt"/>
        <line num="11" count="0" type="stmt"/>
        <line num="12" count="0" type="stmt"/>
        <line num="13" count="0" type="stmt"/>
        <line num="14" count="0" type="stmt"/>
        <line num="15" count="0" type="stmt"/>
        <line num="16" count="0" type="stmt"/>
        <line num="17" count="0" type="stmt"/>
        <line num="56" count="0" type="stmt"/>
        <line num="88" count="0" type="stmt"/>
      </file>
      <file name="main.ts" path="C:\Users\rykup\source\repos\AI-LMS-Tool\api\src\main.ts">
        <metrics statements="14" coveredstatements="0" conditionals="2" coveredconditionals="0" methods="1" coveredmethods="0"/>
        <line num="1" count="0" type="stmt"/>
        <line num="2" count="0" type="stmt"/>
        <line num="3" count="0" type="stmt"/>
        <line num="5" count="0" type="stmt"/>
        <line num="8" count="0" type="stmt"/>
        <line num="10" count="0" type="stmt"/>
        <line num="11" count="0" type="stmt"/>
        <line num="13" count="0" type="stmt"/>
        <line num="15" count="0" type="stmt"/>
        <line num="21" count="0" type="stmt"/>
        <line num="29" count="0" type="cond" truecount="0" falsecount="2"/>
        <line num="30" count="0" type="stmt"/>
        <line num="31" count="0" type="stmt"/>
        <line num="34" count="0" type="stmt"/>
      </file>
    </package>
    <package name="src.chat">
      <metrics statements="1565" coveredstatements="724" conditionals="1166" coveredconditionals="464" methods="224" coveredmethods="64"/>
      <file name="ai-content-title.ts" path="C:\Users\rykup\source\repos\AI-LMS-Tool\api\src\chat\ai-content-title.ts">
        <metrics statements="27" coveredstatements="5" conditionals="10" coveredconditionals="0" methods="3" coveredmethods="0"/>
        <line num="3" count="3" type="stmt"/>
        <line num="10" count="3" type="stmt"/>
        <line num="12" count="3" type="stmt"/>
        <line num="13" count="0" type="cond" truecount="0" falsecount="2"/>
        <line num="23" count="3" type="stmt"/>
        <line num="24" count="0" type="cond" truecount="0" falsecount="2"/>
        <line num="26" count="0" type="stmt"/>
        <line num="27" count="0" type="stmt"/>
        <line num="28" count="0" type="cond" truecount="0" falsecount="2"/>
        <line num="29" count="0" type="stmt"/>
        <line num="31" count="0" type="stmt"/>
        <line num="35" count="0" type="stmt"/>
        <line num="36" count="0" type="stmt"/>
        <line num="37" count="0" type="stmt"/>
        <line num="38" count="0" type="stmt"/>
        <line num="41" count="0" type="stmt"/>
        <line num="42" count="0" type="stmt"/>
        <line num="43" count="0" type="stmt"/>
        <line num="44" count="0" type="stmt"/>
        <line num="46" count="0" type="stmt"/>
        <line num="53" count="0" type="stmt"/>
        <line num="57" count="3" type="stmt"/>
        <line num="61" count="0" type="cond" truecount="0" falsecount="2"/>
        <line num="62" count="0" type="stmt"/>
        <line num="63" count="0" type="stmt"/>
        <line num="65" count="0" type="cond" truecount="0" falsecount="2"/>
        <line num="66" count="0" type="stmt"/>
      </file>
      <file name="ai-content.controller.ts" path="C:\Users\rykup\source\repos\AI-LMS-Tool\api\src\chat\ai-content.controller.ts">
        <metrics statements="17" coveredstatements="0" conditionals="0" coveredconditionals="0" methods="7" coveredmethods="0"/>
        <line num="1" count="0" type="stmt"/>
        <line num="8" count="0" type="stmt"/>
        <line num="9" count="0" type="stmt"/>
        <line num="19" count="0" type="stmt"/>
        <line num="20" count="0" type="stmt"/>
        <line num="26" count="0" type="stmt"/>
        <line num="27" count="0" type="stmt"/>
        <line num="34" count="0" type="stmt"/>
        <line num="35" count="0" type="stmt"/>
        <line num="42" count="0" type="stmt"/>
        <line num="43" count="0" type="stmt"/>
        <line num="50" count="0" type="stmt"/>
        <line num="51" count="0" type="stmt"/>
        <line num="58" count="0" type="stmt"/>
        <line num="59" count="0" type="stmt"/>
        <line num="67" count="0" type="stmt"/>
        <line num="68" count="0" type="stmt"/>
      </file>
      <file name="ai-content.service.ts" path="C:\Users\rykup\source\repos\AI-LMS-Tool\api\src\chat\ai-content.service.ts">
        <metrics statements="38" coveredstatements="0" conditionals="20" coveredconditionals="0" methods="7" coveredmethods="0"/>
        <line num="1" count="0" type="stmt"/>
        <line num="7" count="0" type="stmt"/>
        <line num="8" count="0" type="stmt"/>
        <line num="9" count="0" type="stmt"/>
        <line num="19" count="0" type="stmt"/>
        <line num="20" count="0" type="stmt"/>
        <line num="23" count="0" type="stmt"/>
        <line num="24" count="0" type="stmt"/>
        <line num="28" count="0" type="stmt"/>
        <line num="30" count="0" type="cond" truecount="0" falsecount="2"/>
        <line num="31" count="0" type="stmt"/>
        <line num="36" count="0" type="stmt"/>
        <line num="37" count="0" type="stmt"/>
        <line num="38" count="0" type="stmt"/>
        <line num="45" count="0" type="cond" truecount="0" falsecount="2"/>
        <line num="46" count="0" type="stmt"/>
        <line num="51" count="0" type="stmt"/>
        <line num="52" count="0" type="stmt"/>
        <line num="58" count="0" type="cond" truecount="0" falsecount="2"/>
        <line num="59" count="0" type="stmt"/>
        <line num="64" count="0" type="stmt"/>
        <line num="65" count="0" type="stmt"/>
        <line num="71" count="0" type="cond" truecount="0" falsecount="2"/>
        <line num="72" count="0" type="stmt"/>
        <line num="77" count="0" type="stmt"/>
        <line num="78" count="0" type="stmt"/>
        <line num="84" count="0" type="cond" truecount="0" falsecount="2"/>
        <line num="85" count="0" type="stmt"/>
        <line num="90" count="0" type="stmt"/>
        <line num="91" count="0" type="cond" truecount="0" falsecount="2"/>
        <line num="92" count="0" type="stmt"/>
        <line num="95" count="0" type="stmt"/>
        <line num="96" count="0" type="cond" truecount="0" falsecount="4"/>
        <line num="97" count="0" type="stmt"/>
        <line num="100" count="0" type="stmt"/>
        <line num="101" count="0" type="stmt"/>
        <line num="111" count="0" type="cond" truecount="0" falsecount="2"/>
        <line num="112" count="0" type="stmt"/>
      </file>
      <file name="chat-gratitude.ts" path="C:\Users\rykup\source\repos\AI-LMS-Tool\api\src\chat\chat-gratitude.ts">
        <metrics statements="18" coveredstatements="18" conditionals="16" coveredconditionals="13" methods="2" coveredmethods="2"/>
        <line num="8" count="4" type="stmt"/>
        <line num="10" count="4" type="stmt"/>
        <line num="18" count="4" type="stmt"/>
        <line num="19" count="50" type="cond" truecount="1" falsecount="1"/>
        <line num="20" count="50" type="cond" truecount="4" falsecount="0"/>
        <line num="21" count="49" type="cond" truecount="2" falsecount="0"/>
        <line num="23" count="21" type="cond" truecount="2" falsecount="0"/>
        <line num="25" count="18" type="stmt"/>
        <line num="31" count="18" type="stmt"/>
        <line num="47" count="18" type="cond" truecount="2" falsecount="0"/>
        <line num="49" count="16" type="stmt"/>
        <line num="53" count="4" type="stmt"/>
        <line num="54" count="4" type="cond" truecount="1" falsecount="1"/>
        <line num="55" count="4" type="stmt"/>
        <line num="56" count="4" type="cond" truecount="1" falsecount="1"/>
        <line num="57" count="4" type="stmt"/>
        <line num="58" count="24" type="stmt"/>
        <line num="60" count="4" type="stmt"/>
      </file>
      <file name="chat.controller.ts" path="C:\Users\rykup\source\repos\AI-LMS-Tool\api\src\chat\chat.controller.ts">
        <metrics statements="27" coveredstatements="0" conditionals="0" coveredconditionals="0" methods="10" coveredmethods="0"/>
        <line num="1" count="0" type="stmt"/>
        <line num="10" count="0" type="stmt"/>
        <line num="11" count="0" type="stmt"/>
        <line num="12" count="0" type="stmt"/>
        <line num="13" count="0" type="stmt"/>
        <line num="20" count="0" type="stmt"/>
        <line num="21" count="0" type="stmt"/>
        <line num="29" count="0" type="stmt"/>
        <line num="30" count="0" type="stmt"/>
        <line num="38" count="0" type="stmt"/>
        <line num="39" count="0" type="stmt"/>
        <line num="47" count="0" type="stmt"/>
        <line num="48" count="0" type="stmt"/>
        <line num="56" count="0" type="stmt"/>
        <line num="57" count="0" type="stmt"/>
        <line num="64" count="0" type="stmt"/>
        <line num="65" count="0" type="stmt"/>
        <line num="81" count="0" type="stmt"/>
        <line num="82" count="0" type="stmt"/>
        <line num="89" count="0" type="stmt"/>
        <line num="93" count="0" type="stmt"/>
        <line num="97" count="0" type="stmt"/>
        <line num="104" count="0" type="stmt"/>
        <line num="108" count="0" type="stmt"/>
        <line num="112" count="0" type="stmt"/>
        <line num="119" count="0" type="stmt"/>
        <line num="120" count="0" type="stmt"/>
      </file>
      <file name="chat.module.ts" path="C:\Users\rykup\source\repos\AI-LMS-Tool\api\src\chat\chat.module.ts">
        <metrics statements="21" coveredstatements="0" conditionals="0" coveredconditionals="0" methods="0" coveredmethods="0"/>
        <line num="1" count="0" type="stmt"/>
        <line num="2" count="0" type="stmt"/>
        <line num="3" count="0" type="stmt"/>
        <line num="4" count="0" type="stmt"/>
        <line num="5" count="0" type="stmt"/>
        <line num="6" count="0" type="stmt"/>
        <line num="7" count="0" type="stmt"/>
        <line num="8" count="0" type="stmt"/>
        <line num="9" count="0" type="stmt"/>
        <line num="10" count="0" type="stmt"/>
        <line num="11" count="0" type="stmt"/>
        <line num="12" count="0" type="stmt"/>
        <line num="13" count="0" type="stmt"/>
        <line num="14" count="0" type="stmt"/>
        <line num="15" count="0" type="stmt"/>
        <line num="16" count="0" type="stmt"/>
        <line num="17" count="0" type="stmt"/>
        <line num="18" count="0" type="stmt"/>
        <line num="19" count="0" type="stmt"/>
        <line num="24" count="0" type="stmt"/>
        <line num="50" count="0" type="stmt"/>
      </file>
      <file name="chat.prompts.ts" path="C:\Users\rykup\source\repos\AI-LMS-Tool\api\src\chat\chat.prompts.ts">
        <metrics statements="75" coveredstatements="43" conditionals="52" coveredconditionals="30" methods="13" coveredmethods="1"/>
        <line num="2" count="5" type="stmt"/>
        <line num="10" count="5" type="stmt"/>
        <line num="17" count="5" type="stmt"/>
        <line num="18" count="5" type="stmt"/>
        <line num="19" count="5" type="stmt"/>
        <line num="20" count="5" type="stmt"/>
        <line num="21" count="5" type="stmt"/>
        <line num="22" count="5" type="stmt"/>
        <line num="26" count="0" type="stmt"/>
        <line num="27" count="0" type="stmt"/>
        <line num="34" count="0" type="stmt"/>
        <line num="37" count="5" type="stmt"/>
        <line num="52" count="31" type="cond" truecount="1" falsecount="1"/>
        <line num="55" count="31" type="cond" truecount="2" falsecount="0"/>
        <line num="56" count="31" type="stmt"/>
        <line num="61" count="31" type="cond" truecount="1" falsecount="1"/>
        <line num="62" count="0" type="stmt"/>
        <line num="70" count="31" type="stmt"/>
        <line num="75" count="31" type="stmt"/>
        <line num="95" count="31" type="cond" truecount="2" falsecount="0"/>
        <line num="96" count="26" type="stmt"/>
        <line num="105" count="5" type="stmt"/>
        <line num="113" count="31" type="cond" truecount="2" falsecount="0"/>
        <line num="114" count="24" type="stmt"/>
        <line num="134" count="7" type="stmt"/>
        <line num="142" count="31" type="cond" truecount="2" falsecount="0"/>
        <line num="143" count="26" type="stmt"/>
        <line num="144" count="26" type="stmt"/>
        <line num="154" count="31" type="cond" truecount="2" falsecount="0"/>
        <line num="155" count="26" type="stmt"/>
        <line num="160" count="31" type="cond" truecount="4" falsecount="0"/>
        <line num="161" count="30" type="stmt"/>
        <line num="164" count="30" type="stmt"/>
        <line num="167" count="1" type="cond" truecount="1" falsecount="1"/>
        <line num="168" count="0" type="stmt"/>
        <line num="170" count="1" type="stmt"/>
        <line num="175" count="31" type="cond" truecount="4" falsecount="0"/>
        <line num="176" count="2" type="stmt"/>
        <line num="179" count="29" type="cond" truecount="2" falsecount="0"/>
        <line num="180" count="26" type="stmt"/>
        <line num="183" count="31" type="cond" truecount="2" falsecount="0"/>
        <line num="184" count="30" type="stmt"/>
        <line num="187" count="31" type="stmt"/>
        <line num="190" count="5" type="stmt"/>
        <line num="200" count="0" type="stmt"/>
        <line num="201" count="0" type="stmt"/>
        <line num="210" count="0" type="stmt"/>
        <line num="219" count="0" type="stmt"/>
        <line num="236" count="0" type="cond" truecount="0" falsecount="2"/>
        <line num="237" count="0" type="stmt"/>
        <line num="239" count="0" type="stmt"/>
        <line num="243" count="0" type="stmt"/>
        <line num="250" count="0" type="stmt"/>
        <line num="253" count="5" type="stmt"/>
        <line num="258" count="0" type="stmt"/>
        <line num="277" count="5" type="stmt"/>
        <line num="283" count="0" type="stmt"/>
        <line num="303" count="5" type="stmt"/>
        <line num="309" count="0" type="stmt"/>
        <line num="325" count="5" type="stmt"/>
        <line num="330" count="0" type="stmt"/>
        <line num="338" count="0" type="cond" truecount="0" falsecount="2"/>
        <line num="339" count="0" type="stmt"/>
        <line num="341" count="0" type="cond" truecount="0" falsecount="2"/>
        <line num="342" count="0" type="stmt"/>
        <line num="345" count="0" type="stmt"/>
        <line num="346" count="0" type="stmt"/>
        <line num="347" count="0" type="cond" truecount="0" falsecount="2"/>
        <line num="348" count="0" type="stmt"/>
        <line num="350" count="0" type="stmt"/>
        <line num="351" count="0" type="cond" truecount="0" falsecount="2"/>
        <line num="352" count="0" type="cond" truecount="0" falsecount="2"/>
        <line num="353" count="0" type="cond" truecount="0" falsecount="2"/>
        <line num="354" count="0" type="stmt"/>
        <line num="358" count="0" type="stmt"/>
      </file>
      <file name="chat.service.ts" path="C:\Users\rykup\source\repos\AI-LMS-Tool\api\src\chat\chat.service.ts">
        <metrics statements="343" coveredstatements="168" conditionals="321" coveredconditionals="115" methods="34" coveredmethods="10"/>
        <line num="1" count="3" type="stmt"/>
        <line num="6" count="3" type="stmt"/>
        <line num="7" count="3" type="stmt"/>
        <line num="8" count="3" type="stmt"/>
        <line num="9" count="3" type="stmt"/>
        <line num="10" count="3" type="stmt"/>
        <line num="17" count="3" type="stmt"/>
        <line num="20" count="3" type="stmt"/>
        <line num="21" count="3" type="stmt"/>
        <line num="22" count="3" type="stmt"/>
        <line num="23" count="3" type="stmt"/>
        <line num="24" count="3" type="stmt"/>
        <line num="25" count="3" type="stmt"/>
        <line num="32" count="3" type="stmt"/>
        <line num="41" count="3" type="stmt"/>
        <line num="47" count="3" type="stmt"/>
        <line num="54" count="3" type="stmt"/>
        <line num="60" count="3" type="stmt"/>
        <line num="65" count="3" type="stmt"/>
        <line num="66" count="3" type="stmt"/>
        <line num="70" count="3" type="stmt"/>
        <line num="84" count="3" type="stmt"/>
        <line num="87" count="3" type="stmt"/>
        <line num="90" count="0" type="cond" truecount="0" falsecount="2"/>
        <line num="91" count="0" type="cond" truecount="0" falsecount="2"/>
        <line num="92" count="0" type="stmt"/>
        <line num="108" count="3" type="stmt"/>
        <line num="112" count="16" type="cond" truecount="1" falsecount="1"/>
        <line num="113" count="0" type="stmt"/>
        <line num="116" count="16" type="stmt"/>
        <line num="120" count="16" type="stmt"/>
        <line num="121" count="16" type="cond" truecount="2" falsecount="0"/>
        <line num="122" count="12" type="stmt"/>
        <line num="124" count="12" type="stmt"/>
        <line num="132" count="16" type="stmt"/>
        <line num="133" count="16" type="stmt"/>
        <line num="134" count="25" type="stmt"/>
        <line num="135" count="25" type="stmt"/>
        <line num="136" count="56" type="stmt"/>
        <line num="137" count="56" type="cond" truecount="4" falsecount="0"/>
        <line num="138" count="9" type="stmt"/>
        <line num="139" count="9" type="stmt"/>
        <line num="140" count="9" type="stmt"/>
        <line num="143" count="25" type="cond" truecount="2" falsecount="0"/>
        <line num="145" count="16" type="cond" truecount="1" falsecount="1"/>
        <line num="152" count="3" type="stmt"/>
        <line num="157" count="26" type="cond" truecount="2" falsecount="0"/>
        <line num="158" count="22" type="stmt"/>
        <line num="160" count="4" type="stmt"/>
        <line num="168" count="3" type="stmt"/>
        <line num="172" count="26" type="stmt"/>
        <line num="173" count="15" type="cond" truecount="2" falsecount="0"/>
        <line num="174" count="7" type="stmt"/>
        <line num="176" count="8" type="stmt"/>
        <line num="184" count="3" type="stmt"/>
        <line num="185" count="25" type="stmt"/>
        <line num="188" count="25" type="stmt"/>
        <line num="189" count="25" type="stmt"/>
        <line num="190" count="25" type="stmt"/>
        <line num="191" count="25" type="stmt"/>
        <line num="192" count="25" type="stmt"/>
        <line num="193" count="25" type="stmt"/>
        <line num="194" count="25" type="stmt"/>
        <line num="195" count="25" type="stmt"/>
        <line num="196" count="25" type="stmt"/>
        <line num="197" count="25" type="stmt"/>
        <line num="198" count="25" type="stmt"/>
        <line num="199" count="25" type="stmt"/>
        <line num="203" count="0" type="stmt"/>
        <line num="218" count="28" type="stmt"/>
        <line num="219" count="28" type="cond" truecount="1" falsecount="1"/>
        <line num="220" count="28" type="cond" truecount="1" falsecount="1"/>
        <line num="222" count="28" type="cond" truecount="1" falsecount="1"/>
        <line num="226" count="28" type="stmt"/>
        <line num="227" count="28" type="cond" truecount="2" falsecount="0"/>
        <line num="228" count="26" type="stmt"/>
        <line num="229" count="26" type="cond" truecount="2" falsecount="0"/>
        <line num="230" count="23" type="stmt"/>
        <line num="235" count="3" type="stmt"/>
        <line num="238" count="2" type="stmt"/>
        <line num="241" count="28" type="cond" truecount="2" falsecount="0"/>
        <line num="242" count="4" type="cond" truecount="2" falsecount="0"/>
        <line num="252" count="4" type="stmt"/>
        <line num="255" count="28" type="cond" truecount="2" falsecount="0"/>
        <line num="256" count="28" type="cond" truecount="2" falsecount="2"/>
        <line num="257" count="0" type="stmt"/>
        <line num="262" count="28" type="cond" truecount="2" falsecount="0"/>
        <line num="277" count="28" type="cond" truecount="1" falsecount="1"/>
        <line num="282" count="0" type="stmt"/>
        <line num="287" count="28" type="cond" truecount="2" falsecount="2"/>
        <line num="288" count="0" type="stmt"/>
        <line num="291" count="28" type="stmt"/>
        <line num="296" count="28" type="stmt"/>
        <line num="308" count="28" type="cond" truecount="3" falsecount="1"/>
        <line num="309" count="0" type="stmt"/>
        <line num="317" count="28" type="stmt"/>
        <line num="318" count="28" type="stmt"/>
        <line num="323" count="28" type="stmt"/>
        <line num="346" count="29" type="stmt"/>
        <line num="347" count="29" type="cond" truecount="1" falsecount="1"/>
        <line num="348" count="29" type="cond" truecount="1" falsecount="1"/>
        <line num="350" count="29" type="cond" truecount="1" falsecount="1"/>
        <line num="353" count="29" type="stmt"/>
        <line num="355" count="29" type="stmt"/>
        <line num="356" count="29" type="cond" truecount="2" falsecount="0"/>
        <line num="357" count="25" type="stmt"/>
        <line num="359" count="4" type="stmt"/>
        <line num="362" count="29" type="stmt"/>
        <line num="366" count="29" type="cond" truecount="2" falsecount="0"/>
        <line num="367" count="1" type="stmt"/>
        <line num="371" count="28" type="stmt"/>
        <line num="373" count="28" type="cond" truecount="2" falsecount="0"/>
        <line num="374" count="28" type="cond" truecount="2" falsecount="2"/>
        <line num="375" count="0" type="stmt"/>
        <line num="380" count="28" type="cond" truecount="2" falsecount="0"/>
        <line num="395" count="28" type="stmt"/>
        <line num="399" count="28" type="stmt"/>
        <line num="400" count="28" type="cond" truecount="1" falsecount="1"/>
        <line num="404" count="28" type="stmt"/>
        <line num="405" count="28" type="stmt"/>
        <line num="406" count="28" type="stmt"/>
        <line num="407" count="28" type="cond" truecount="1" falsecount="1"/>
        <line num="408" count="0" type="stmt"/>
        <line num="409" count="0" type="stmt"/>
        <line num="410" count="0" type="cond" truecount="0" falsecount="2"/>
        <line num="411" count="0" type="cond" truecount="0" falsecount="2"/>
        <line num="415" count="0" type="stmt"/>
        <line num="416" count="0" type="stmt"/>
        <line num="420" count="0" type="cond" truecount="0" falsecount="2"/>
        <line num="425" count="28" type="cond" truecount="2" falsecount="0"/>
        <line num="430" count="2" type="stmt"/>
        <line num="431" count="2" type="stmt"/>
        <line num="439" count="2" type="stmt"/>
        <line num="442" count="2" type="stmt"/>
        <line num="445" count="2" type="stmt"/>
        <line num="461" count="26" type="stmt"/>
        <line num="478" count="25" type="cond" truecount="3" falsecount="1"/>
        <line num="483" count="25" type="stmt"/>
        <line num="485" count="25" type="cond" truecount="3" falsecount="0"/>
        <line num="487" count="25" type="cond" truecount="3" falsecount="1"/>
        <line num="488" count="25" type="stmt"/>
        <line num="489" count="25" type="stmt"/>
        <line num="503" count="25" type="stmt"/>
        <line num="504" count="25" type="stmt"/>
        <line num="506" count="25" type="cond" truecount="1" falsecount="1"/>
        <line num="507" count="0" type="stmt"/>
        <line num="531" count="25" type="stmt"/>
        <line num="534" count="25" type="stmt"/>
        <line num="535" count="25" type="cond" truecount="2" falsecount="0"/>
        <line num="536" count="19" type="stmt"/>
        <line num="538" count="25" type="cond" truecount="1" falsecount="1"/>
        <line num="539" count="0" type="stmt"/>
        <line num="541" count="25" type="stmt"/>
        <line num="542" count="25" type="stmt"/>
        <line num="550" count="23" type="cond" truecount="1" falsecount="1"/>
        <line num="551" count="0" type="stmt"/>
        <line num="564" count="23" type="cond" truecount="1" falsecount="1"/>
        <line num="566" count="23" type="stmt"/>
        <line num="568" count="23" type="stmt"/>
        <line num="570" count="23" type="stmt"/>
        <line num="571" count="0" type="stmt"/>
        <line num="573" count="23" type="stmt"/>
        <line num="574" count="0" type="stmt"/>
        <line num="576" count="23" type="stmt"/>
        <line num="577" count="0" type="stmt"/>
        <line num="579" count="23" type="stmt"/>
        <line num="580" count="0" type="stmt"/>
        <line num="583" count="23" type="cond" truecount="2" falsecount="0"/>
        <line num="587" count="23" type="cond" truecount="2" falsecount="3"/>
        <line num="588" count="0" type="cond" truecount="0" falsecount="2"/>
        <line num="596" count="0" type="cond" truecount="0" falsecount="2"/>
        <line num="599" count="0" type="stmt"/>
        <line num="600" count="0" type="stmt"/>
        <line num="605" count="0" type="cond" truecount="0" falsecount="3"/>
        <line num="609" count="0" type="cond" truecount="0" falsecount="4"/>
        <line num="611" count="0" type="cond" truecount="0" falsecount="4"/>
        <line num="613" count="0" type="stmt"/>
        <line num="615" count="0" type="stmt"/>
        <line num="630" count="0" type="stmt"/>
        <line num="639" count="0" type="stmt"/>
        <line num="646" count="23" type="cond" truecount="2" falsecount="3"/>
        <line num="647" count="0" type="cond" truecount="0" falsecount="2"/>
        <line num="652" count="0" type="cond" truecount="0" falsecount="4"/>
        <line num="654" count="0" type="cond" truecount="0" falsecount="4"/>
        <line num="657" count="0" type="stmt"/>
        <line num="670" count="0" type="stmt"/>
        <line num="677" count="0" type="stmt"/>
        <line num="678" count="23" type="cond" truecount="2" falsecount="3"/>
        <line num="679" count="0" type="cond" truecount="0" falsecount="2"/>
        <line num="686" count="0" type="cond" truecount="0" falsecount="2"/>
        <line num="689" count="0" type="stmt"/>
        <line num="690" count="0" type="stmt"/>
        <line num="695" count="0" type="cond" truecount="0" falsecount="3"/>
        <line num="699" count="0" type="cond" truecount="0" falsecount="4"/>
        <line num="701" count="0" type="cond" truecount="0" falsecount="4"/>
        <line num="704" count="0" type="stmt"/>
        <line num="718" count="0" type="stmt"/>
        <line num="726" count="0" type="stmt"/>
        <line num="733" count="23" type="cond" truecount="1" falsecount="1"/>
        <line num="734" count="23" type="cond" truecount="1" falsecount="1"/>
        <line num="735" count="0" type="stmt"/>
        <line num="742" count="23" type="cond" truecount="2" falsecount="2"/>
        <line num="743" count="0" type="cond" truecount="0" falsecount="2"/>
        <line num="744" count="0" type="stmt"/>
        <line num="747" count="23" type="cond" truecount="2" falsecount="2"/>
        <line num="748" count="0" type="stmt"/>
        <line num="749" count="0" type="cond" truecount="0" falsecount="2"/>
        <line num="750" count="0" type="stmt"/>
        <line num="753" count="0" type="stmt"/>
        <line num="758" count="0" type="stmt"/>
        <line num="761" count="0" type="stmt"/>
        <line num="764" count="0" type="stmt"/>
        <line num="766" count="23" type="cond" truecount="1" falsecount="1"/>
        <line num="767" count="0" type="stmt"/>
        <line num="770" count="0" type="stmt"/>
        <line num="773" count="0" type="stmt"/>
        <line num="776" count="23" type="stmt"/>
        <line num="781" count="23" type="cond" truecount="1" falsecount="1"/>
        <line num="782" count="0" type="stmt"/>
        <line num="797" count="23" type="cond" truecount="1" falsecount="1"/>
        <line num="799" count="0" type="stmt"/>
        <line num="801" count="0" type="stmt"/>
        <line num="808" count="23" type="stmt"/>
        <line num="817" count="23" type="stmt"/>
        <line num="819" count="23" type="cond" truecount="4" falsecount="0"/>
        <line num="820" count="22" type="stmt"/>
        <line num="825" count="22" type="stmt"/>
        <line num="833" count="22" type="cond" truecount="1" falsecount="1"/>
        <line num="834" count="0" type="stmt"/>
        <line num="842" count="23" type="stmt"/>
        <line num="852" count="23" type="stmt"/>
        <line num="856" count="23" type="cond" truecount="1" falsecount="1"/>
        <line num="860" count="29" type="stmt"/>
        <line num="866" count="27" type="stmt"/>
        <line num="867" count="27" type="stmt"/>
        <line num="888" count="0" type="stmt"/>
        <line num="889" count="0" type="stmt"/>
        <line num="894" count="0" type="cond" truecount="0" falsecount="2"/>
        <line num="899" count="0" type="stmt"/>
        <line num="902" count="0" type="cond" truecount="0" falsecount="2"/>
        <line num="903" count="0" type="stmt"/>
        <line num="905" count="0" type="cond" truecount="0" falsecount="2"/>
        <line num="906" count="0" type="stmt"/>
        <line num="908" count="0" type="cond" truecount="0" falsecount="2"/>
        <line num="909" count="0" type="stmt"/>
        <line num="912" count="0" type="stmt"/>
        <line num="919" count="0" type="stmt"/>
        <line num="924" count="0" type="cond" truecount="0" falsecount="2"/>
        <line num="925" count="0" type="stmt"/>
        <line num="928" count="0" type="cond" truecount="0" falsecount="2"/>
        <line num="929" count="0" type="stmt"/>
        <line num="931" count="0" type="stmt"/>
        <line num="934" count="0" type="cond" truecount="0" falsecount="2"/>
        <line num="935" count="0" type="cond" truecount="0" falsecount="2"/>
        <line num="936" count="0" type="stmt"/>
        <line num="940" count="0" type="cond" truecount="0" falsecount="2"/>
        <line num="941" count="0" type="stmt"/>
        <line num="949" count="0" type="cond" truecount="0" falsecount="4"/>
        <line num="950" count="0" type="stmt"/>
        <line num="955" count="0" type="stmt"/>
        <line num="963" count="0" type="stmt"/>
        <line num="971" count="0" type="stmt"/>
        <line num="972" count="0" type="stmt"/>
        <line num="974" count="0" type="stmt"/>
        <line num="979" count="0" type="cond" truecount="0" falsecount="2"/>
        <line num="980" count="0" type="stmt"/>
        <line num="985" count="0" type="stmt"/>
        <line num="991" count="0" type="stmt"/>
        <line num="997" count="0" type="cond" truecount="0" falsecount="2"/>
        <line num="998" count="0" type="stmt"/>
        <line num="1005" count="0" type="stmt"/>
        <line num="1013" count="0" type="stmt"/>
        <line num="1024" count="0" type="stmt"/>
        <line num="1033" count="0" type="stmt"/>
        <line num="1041" count="0" type="stmt"/>
        <line num="1052" count="0" type="stmt"/>
        <line num="1056" count="0" type="stmt"/>
        <line num="1069" count="0" type="stmt"/>
        <line num="1071" count="0" type="stmt"/>
        <line num="1073" count="0" type="stmt"/>
        <line num="1078" count="0" type="cond" truecount="0" falsecount="2"/>
        <line num="1079" count="0" type="stmt"/>
        <line num="1084" count="0" type="stmt"/>
        <line num="1090" count="0" type="stmt"/>
        <line num="1096" count="0" type="cond" truecount="0" falsecount="2"/>
        <line num="1097" count="0" type="stmt"/>
        <line num="1104" count="0" type="stmt"/>
        <line num="1112" count="0" type="stmt"/>
        <line num="1121" count="0" type="stmt"/>
        <line num="1130" count="0" type="stmt"/>
        <line num="1138" count="0" type="stmt"/>
        <line num="1148" count="0" type="stmt"/>
        <line num="1152" count="0" type="stmt"/>
        <line num="1165" count="0" type="stmt"/>
        <line num="1173" count="0" type="stmt"/>
        <line num="1175" count="0" type="stmt"/>
        <line num="1180" count="0" type="cond" truecount="0" falsecount="2"/>
        <line num="1181" count="0" type="stmt"/>
        <line num="1186" count="0" type="stmt"/>
        <line num="1192" count="0" type="stmt"/>
        <line num="1198" count="0" type="cond" truecount="0" falsecount="2"/>
        <line num="1199" count="0" type="stmt"/>
        <line num="1206" count="0" type="stmt"/>
        <line num="1214" count="0" type="stmt"/>
        <line num="1224" count="0" type="stmt"/>
        <line num="1233" count="0" type="stmt"/>
        <line num="1241" count="0" type="stmt"/>
        <line num="1251" count="0" type="stmt"/>
        <line num="1255" count="0" type="stmt"/>
        <line num="1267" count="0" type="stmt"/>
        <line num="1271" count="0" type="stmt"/>
        <line num="1274" count="0" type="cond" truecount="0" falsecount="2"/>
        <line num="1279" count="0" type="stmt"/>
        <line num="1283" count="0" type="stmt"/>
        <line num="1293" count="0" type="stmt"/>
        <line num="1294" count="0" type="stmt"/>
        <line num="1298" count="0" type="cond" truecount="0" falsecount="2"/>
        <line num="1299" count="0" type="stmt"/>
        <line num="1301" count="0" type="stmt"/>
        <line num="1305" count="0" type="cond" truecount="0" falsecount="2"/>
        <line num="1306" count="0" type="stmt"/>
        <line num="1307" count="0" type="stmt"/>
        <line num="1314" count="0" type="cond" truecount="0" falsecount="2"/>
        <line num="1315" count="0" type="stmt"/>
        <line num="1316" count="0" type="stmt"/>
        <line num="1324" count="0" type="stmt"/>
        <line num="1325" count="0" type="stmt"/>
        <line num="1339" count="0" type="stmt"/>
        <line num="1350" count="0" type="stmt"/>
        <line num="1351" count="0" type="stmt"/>
        <line num="1362" count="25" type="cond" truecount="2" falsecount="2"/>
        <line num="1363" count="0" type="stmt"/>
        <line num="1364" count="0" type="stmt"/>
        <line num="1365" count="0" type="stmt"/>
        <line num="1366" count="0" type="cond" truecount="0" falsecount="2"/>
        <line num="1367" count="0" type="stmt"/>
        <line num="1368" count="0" type="cond" truecount="0" falsecount="2"/>
        <line num="1369" count="0" type="stmt"/>
        <line num="1370" count="0" type="cond" truecount="0" falsecount="2"/>
        <line num="1371" count="0" type="stmt"/>
        <line num="1372" count="0" type="stmt"/>
        <line num="1373" count="0" type="cond" truecount="0" falsecount="2"/>
        <line num="1375" count="0" type="cond" truecount="0" falsecount="2"/>
      </file>
      <file name="flashcards-generation.service.ts" path="C:\Users\rykup\source\repos\AI-LMS-Tool\api\src\chat\flashcards-generation.service.ts">
        <metrics statements="19" coveredstatements="5" conditionals="6" coveredconditionals="0" methods="2" coveredmethods="0"/>
        <line num="1" count="3" type="stmt"/>
        <line num="6" count="3" type="stmt"/>
        <line num="7" count="3" type="stmt"/>
        <line num="14" count="3" type="stmt"/>
        <line num="34" count="3" type="stmt"/>
        <line num="35" count="0" type="stmt"/>
        <line num="46" count="0" type="stmt"/>
        <line num="47" count="0" type="stmt"/>
        <line num="53" count="0" type="stmt"/>
        <line num="54" count="0" type="stmt"/>
        <line num="56" count="0" type="stmt"/>
        <line num="57" count="0" type="stmt"/>
        <line num="60" count="0" type="stmt"/>
        <line num="67" count="0" type="cond" truecount="0" falsecount="2"/>
        <line num="68" count="0" type="stmt"/>
        <line num="71" count="0" type="stmt"/>
        <line num="72" count="0" type="cond" truecount="0" falsecount="2"/>
        <line num="73" count="0" type="stmt"/>
        <line num="76" count="0" type="stmt"/>
      </file>
      <file name="flashcards-update.service.ts" path="C:\Users\rykup\source\repos\AI-LMS-Tool\api\src\chat\flashcards-update.service.ts">
        <metrics statements="26" coveredstatements="0" conditionals="14" coveredconditionals="0" methods="2" coveredmethods="0"/>
        <line num="1" count="0" type="stmt"/>
        <line num="7" count="0" type="stmt"/>
        <line num="8" count="0" type="stmt"/>
        <line num="9" count="0" type="stmt"/>
        <line num="15" count="0" type="stmt"/>
        <line num="19" count="0" type="stmt"/>
        <line num="21" count="0" type="stmt"/>
        <line num="22" count="0" type="stmt"/>
        <line num="27" count="0" type="cond" truecount="0" falsecount="4"/>
        <line num="28" count="0" type="stmt"/>
        <line num="33" count="0" type="cond" truecount="0" falsecount="2"/>
        <line num="34" count="0" type="stmt"/>
        <line num="39" count="0" type="cond" truecount="0" falsecount="2"/>
        <line num="40" count="0" type="stmt"/>
        <line num="45" count="0" type="cond" truecount="0" falsecount="2"/>
        <line num="46" count="0" type="stmt"/>
        <line num="51" count="0" type="stmt"/>
        <line num="52" count="0" type="stmt"/>
        <line num="54" count="0" type="stmt"/>
        <line num="55" count="0" type="stmt"/>
        <line num="62" count="0" type="cond" truecount="0" falsecount="2"/>
        <line num="63" count="0" type="stmt"/>
        <line num="64" count="0" type="stmt"/>
        <line num="75" count="0" type="stmt"/>
        <line num="80" count="0" type="cond" truecount="0" falsecount="2"/>
        <line num="81" count="0" type="stmt"/>
      </file>
      <file name="flashcards.controller.ts" path="C:\Users\rykup\source\repos\AI-LMS-Tool\api\src\chat\flashcards.controller.ts">
        <metrics statements="7" coveredstatements="0" conditionals="0" coveredconditionals="0" methods="2" coveredmethods="0"/>
        <line num="1" count="0" type="stmt"/>
        <line num="2" count="0" type="stmt"/>
        <line num="3" count="0" type="stmt"/>
        <line num="6" count="0" type="stmt"/>
        <line num="7" count="0" type="stmt"/>
        <line num="14" count="0" type="stmt"/>
        <line num="15" count="0" type="stmt"/>
      </file>
      <file name="flashcards.helpers.ts" path="C:\Users\rykup\source\repos\AI-LMS-Tool\api\src\chat\flashcards.helpers.ts">
        <metrics statements="46" coveredstatements="12" conditionals="34" coveredconditionals="0" methods="10" coveredmethods="0"/>
        <line num="3" count="5" type="stmt"/>
        <line num="4" count="5" type="stmt"/>
        <line num="10" count="5" type="stmt"/>
        <line num="12" count="5" type="stmt"/>
        <line num="13" count="5" type="stmt"/>
        <line num="14" count="5" type="stmt"/>
        <line num="15" count="5" type="stmt"/>
        <line num="27" count="5" type="stmt"/>
        <line num="31" count="0" type="cond" truecount="0" falsecount="2"/>
        <line num="32" count="0" type="cond" truecount="0" falsecount="2"/>
        <line num="33" count="0" type="stmt"/>
        <line num="35" count="0" type="cond" truecount="0" falsecount="2"/>
        <line num="38" count="0" type="stmt"/>
        <line num="41" count="5" type="stmt"/>
        <line num="51" count="0" type="cond" truecount="0" falsecount="2"/>
        <line num="52" count="0" type="cond" truecount="0" falsecount="2"/>
        <line num="53" count="0" type="cond" truecount="0" falsecount="2"/>
        <line num="55" count="0" type="cond" truecount="0" falsecount="2"/>
        <line num="56" count="0" type="stmt"/>
        <line num="63" count="0" type="stmt"/>
        <line num="70" count="5" type="stmt"/>
        <line num="76" count="0" type="stmt"/>
        <line num="86" count="0" type="cond" truecount="0" falsecount="2"/>
        <line num="87" count="0" type="stmt"/>
        <line num="93" count="0" type="stmt"/>
        <line num="98" count="0" type="stmt"/>
        <line num="101" count="5" type="stmt"/>
        <line num="105" count="0" type="cond" truecount="0" falsecount="2"/>
        <line num="106" count="0" type="stmt"/>
        <line num="108" count="0" type="cond" truecount="0" falsecount="2"/>
        <line num="109" count="0" type="cond" truecount="0" falsecount="2"/>
        <line num="110" count="0" type="stmt"/>
        <line num="114" count="0" type="cond" truecount="0" falsecount="2"/>
        <line num="117" count="0" type="cond" truecount="0" falsecount="4"/>
        <line num="118" count="0" type="stmt"/>
        <line num="121" count="0" type="stmt"/>
        <line num="127" count="5" type="stmt"/>
        <line num="128" count="0" type="stmt"/>
        <line num="129" count="0" type="stmt"/>
        <line num="140" count="0" type="stmt"/>
        <line num="141" count="0" type="stmt"/>
        <line num="142" count="0" type="stmt"/>
        <line num="143" count="0" type="cond" truecount="0" falsecount="2"/>
        <line num="144" count="0" type="stmt"/>
        <line num="163" count="0" type="stmt"/>
        <line num="177" count="0" type="stmt"/>
      </file>
      <file name="gemini.client.ts" path="C:\Users\rykup\source\repos\AI-LMS-Tool\api\src\chat\gemini.client.ts">
        <metrics statements="14" coveredstatements="4" conditionals="14" coveredconditionals="0" methods="4" coveredmethods="0"/>
        <line num="1" count="4" type="stmt"/>
        <line num="2" count="4" type="stmt"/>
        <line num="3" count="4" type="stmt"/>
        <line num="10" count="4" type="stmt"/>
        <line num="15" count="0" type="cond" truecount="0" falsecount="2"/>
        <line num="16" count="0" type="stmt"/>
        <line num="20" count="0" type="cond" truecount="0" falsecount="2"/>
        <line num="24" count="0" type="stmt"/>
        <line num="28" count="0" type="cond" truecount="0" falsecount="2"/>
        <line num="29" count="0" type="stmt"/>
        <line num="31" count="0" type="stmt"/>
        <line num="38" count="0" type="cond" truecount="0" falsecount="2"/>
        <line num="39" count="0" type="stmt"/>
        <line num="41" count="0" type="stmt"/>
      </file>
      <file name="greeting-debug.ts" path="C:\Users\rykup\source\repos\AI-LMS-Tool\api\src\chat\greeting-debug.ts">
        <metrics statements="17" coveredstatements="11" conditionals="16" coveredconditionals="10" methods="5" coveredmethods="2"/>
        <line num="1" count="4" type="stmt"/>
        <line num="3" count="4" type="stmt"/>
        <line num="5" count="4" type="stmt"/>
        <line num="6" count="25" type="stmt"/>
        <line num="9" count="25" type="cond" truecount="4" falsecount="1"/>
        <line num="10" count="25" type="cond" truecount="4" falsecount="1"/>
        <line num="11" count="25" type="stmt"/>
        <line num="15" count="4" type="stmt"/>
        <line num="16" count="25" type="cond" truecount="2" falsecount="0"/>
        <line num="19" count="4" type="stmt"/>
        <line num="20" count="0" type="cond" truecount="0" falsecount="2"/>
        <line num="21" count="0" type="stmt"/>
        <line num="24" count="4" type="stmt"/>
        <line num="27" count="0" type="cond" truecount="0" falsecount="2"/>
        <line num="28" count="0" type="stmt"/>
        <line num="30" count="0" type="stmt"/>
        <line num="31" count="0" type="stmt"/>
      </file>
      <file name="link-fetch.ts" path="C:\Users\rykup\source\repos\AI-LMS-Tool\api\src\chat\link-fetch.ts">
        <metrics statements="471" coveredstatements="396" conditionals="440" coveredconditionals="296" methods="54" coveredmethods="49"/>
        <line num="5" count="4" type="stmt"/>
        <line num="6" count="4" type="stmt"/>
        <line num="8" count="4" type="stmt"/>
        <line num="9" count="4" type="stmt"/>
        <line num="10" count="4" type="stmt"/>
        <line num="11" count="4" type="stmt"/>
        <line num="12" count="4" type="stmt"/>
        <line num="13" count="4" type="stmt"/>
        <line num="14" count="4" type="stmt"/>
        <line num="15" count="4" type="stmt"/>
        <line num="17" count="4" type="stmt"/>
        <line num="19" count="4" type="stmt"/>
        <line num="28" count="4" type="stmt"/>
        <line num="58" count="4" type="cond" truecount="1" falsecount="0"/>
        <line num="59" count="29" type="cond" truecount="1" falsecount="1"/>
        <line num="60" count="29" type="stmt"/>
        <line num="61" count="29" type="stmt"/>
        <line num="62" count="29" type="stmt"/>
        <line num="64" count="29" type="stmt"/>
        <line num="65" count="3" type="stmt"/>
        <line num="67" count="3" type="stmt"/>
        <line num="68" count="3" type="stmt"/>
        <line num="69" count="3" type="stmt"/>
        <line num="70" count="3" type="cond" truecount="3" falsecount="1"/>
        <line num="71" count="3" type="stmt"/>
        <line num="72" count="3" type="cond" truecount="1" falsecount="1"/>
        <line num="73" count="3" type="stmt"/>
        <line num="74" count="3" type="stmt"/>
        <line num="75" count="3" type="cond" truecount="2" falsecount="0"/>
        <line num="80" count="29" type="stmt"/>
        <line num="84" count="4" type="stmt"/>
        <line num="85" count="0" type="stmt"/>
        <line num="95" count="4" type="stmt"/>
        <line num="96" count="17" type="stmt"/>
        <line num="97" count="17" type="cond" truecount="1" falsecount="1"/>
        <line num="98" count="17" type="cond" truecount="2" falsecount="0"/>
        <line num="99" count="16" type="cond" truecount="4" falsecount="0"/>
        <line num="100" count="15" type="cond" truecount="3" falsecount="1"/>
        <line num="101" count="15" type="stmt"/>
        <line num="105" count="4" type="stmt"/>
        <line num="106" count="62" type="cond" truecount="2" falsecount="0"/>
        <line num="107" count="140" type="stmt"/>
        <line num="108" count="140" type="cond" truecount="3" falsecount="1"/>
        <line num="109" count="35" type="stmt"/>
        <line num="110" count="35" type="cond" truecount="5" falsecount="0"/>
        <line num="111" count="31" type="cond" truecount="4" falsecount="0"/>
        <line num="112" count="30" type="cond" truecount="4" falsecount="1"/>
        <line num="113" count="30" type="cond" truecount="4" falsecount="0"/>
        <line num="114" count="28" type="cond" truecount="2" falsecount="3"/>
        <line num="115" count="28" type="cond" truecount="1" falsecount="1"/>
        <line num="116" count="28" type="stmt"/>
        <line num="119" count="27" type="cond" truecount="1" falsecount="1"/>
        <line num="120" count="27" type="stmt"/>
        <line num="121" count="27" type="cond" truecount="3" falsecount="1"/>
        <line num="123" count="27" type="stmt"/>
        <line num="124" count="27" type="cond" truecount="1" falsecount="1"/>
        <line num="126" count="27" type="cond" truecount="1" falsecount="1"/>
        <line num="134" count="0" type="stmt"/>
        <line num="136" count="27" type="stmt"/>
        <line num="140" count="0" type="stmt"/>
        <line num="144" count="4" type="stmt"/>
        <line num="146" count="15" type="stmt"/>
        <line num="147" count="15" type="stmt"/>
        <line num="149" count="0" type="stmt"/>
        <line num="152" count="15" type="cond" truecount="3" falsecount="1"/>
        <line num="153" count="0" type="stmt"/>
        <line num="155" count="15" type="cond" truecount="3" falsecount="1"/>
        <line num="156" count="0" type="stmt"/>
        <line num="158" count="15" type="cond" truecount="1" falsecount="1"/>
        <line num="159" count="0" type="stmt"/>
        <line num="163" count="15" type="cond" truecount="2" falsecount="0"/>
        <line num="164" count="3" type="cond" truecount="1" falsecount="1"/>
        <line num="165" count="3" type="stmt"/>
        <line num="167" count="0" type="stmt"/>
        <line num="171" count="12" type="stmt"/>
        <line num="172" count="12" type="stmt"/>
        <line num="174" count="0" type="stmt"/>
        <line num="176" count="12" type="cond" truecount="1" falsecount="1"/>
        <line num="177" count="0" type="stmt"/>
        <line num="179" count="12" type="stmt"/>
        <line num="180" count="54" type="cond" truecount="1" falsecount="1"/>
        <line num="181" count="0" type="stmt"/>
        <line num="184" count="12" type="stmt"/>
        <line num="188" count="8" type="stmt"/>
        <line num="196" count="55" type="stmt"/>
        <line num="200" count="17" type="stmt"/>
        <line num="201" count="17" type="cond" truecount="2" falsecount="0"/>
        <line num="202" count="14" type="cond" truecount="1" falsecount="1"/>
        <line num="203" count="0" type="stmt"/>
        <line num="204" count="0" type="stmt"/>
        <line num="205" count="0" type="cond" truecount="0" falsecount="2"/>
        <line num="209" count="16" type="stmt"/>
        <line num="220" count="9" type="stmt"/>
        <line num="221" count="9" type="cond" truecount="5" falsecount="0"/>
        <line num="222" count="8" type="cond" truecount="3" falsecount="1"/>
        <line num="223" count="8" type="cond" truecount="1" falsecount="1"/>
        <line num="224" count="8" type="stmt"/>
        <line num="228" count="8" type="stmt"/>
        <line num="233" count="10" type="stmt"/>
        <line num="234" count="10" type="cond" truecount="3" falsecount="1"/>
        <line num="235" count="0" type="stmt"/>
        <line num="238" count="10" type="stmt"/>
        <line num="246" count="10" type="cond" truecount="2" falsecount="0"/>
        <line num="247" count="7" type="stmt"/>
        <line num="258" count="7" type="stmt"/>
        <line num="259" count="7" type="cond" truecount="2" falsecount="0"/>
        <line num="260" count="6" type="stmt"/>
        <line num="261" count="6" type="stmt"/>
        <line num="263" count="1" type="stmt"/>
        <line num="264" count="1" type="stmt"/>
        <line num="273" count="7" type="stmt"/>
        <line num="276" count="7" type="cond" truecount="2" falsecount="0"/>
        <line num="277" count="1" type="stmt"/>
        <line num="278" count="1" type="cond" truecount="1" falsecount="1"/>
        <line num="280" count="6" type="stmt"/>
        <line num="281" count="6" type="cond" truecount="1" falsecount="1"/>
        <line num="282" count="0" type="stmt"/>
        <line num="283" count="0" type="cond" truecount="0" falsecount="2"/>
        <line num="285" count="6" type="stmt"/>
        <line num="286" count="6" type="cond" truecount="2" falsecount="0"/>
        <line num="287" count="1" type="stmt"/>
        <line num="288" count="1" type="cond" truecount="1" falsecount="1"/>
        <line num="290" count="5" type="stmt"/>
        <line num="295" count="7" type="stmt"/>
        <line num="298" count="7" type="cond" truecount="2" falsecount="0"/>
        <line num="299" count="1" type="stmt"/>
        <line num="301" count="6" type="stmt"/>
        <line num="308" count="4" type="stmt"/>
        <line num="314" count="5" type="stmt"/>
        <line num="315" count="5" type="stmt"/>
        <line num="317" count="0" type="stmt"/>
        <line num="320" count="5" type="stmt"/>
        <line num="321" count="5" type="stmt"/>
        <line num="322" count="5" type="stmt"/>
        <line num="323" count="5" type="stmt"/>
        <line num="324" count="5" type="stmt"/>
        <line num="327" count="5" type="stmt"/>
        <line num="328" count="9" type="cond" truecount="1" falsecount="1"/>
        <line num="329" count="9" type="cond" truecount="1" falsecount="1"/>
        <line num="330" count="9" type="stmt"/>
        <line num="331" count="9" type="cond" truecount="1" falsecount="1"/>
        <line num="332" count="9" type="cond" truecount="1" falsecount="3"/>
        <line num="333" count="9" type="cond" truecount="2" falsecount="0"/>
        <line num="336" count="8" type="stmt"/>
        <line num="337" count="8" type="stmt"/>
        <line num="339" count="0" type="stmt"/>
        <line num="341" count="8" type="cond" truecount="3" falsecount="1"/>
        <line num="342" count="8" type="cond" truecount="2" falsecount="0"/>
        <line num="345" count="7" type="stmt"/>
        <line num="346" count="7" type="stmt"/>
        <line num="347" count="7" type="cond" truecount="1" falsecount="1"/>
        <line num="349" count="7" type="stmt"/>
        <line num="350" count="7" type="cond" truecount="3" falsecount="1"/>
        <line num="352" count="7" type="cond" truecount="1" falsecount="1"/>
        <line num="356" count="7" type="stmt"/>
        <line num="357" count="7" type="stmt"/>
        <line num="358" count="7" type="cond" truecount="1" falsecount="1"/>
        <line num="359" count="7" type="stmt"/>
        <line num="362" count="7" type="stmt"/>
        <line num="363" count="7" type="cond" truecount="2" falsecount="0"/>
        <line num="366" count="7" type="stmt"/>
        <line num="367" count="7" type="cond" truecount="3" falsecount="0"/>
        <line num="369" count="7" type="cond" truecount="2" falsecount="0"/>
        <line num="374" count="7" type="cond" truecount="2" falsecount="0"/>
        <line num="377" count="7" type="stmt"/>
        <line num="378" count="7" type="stmt"/>
        <line num="379" count="7" type="cond" truecount="2" falsecount="0"/>
        <line num="380" count="6" type="stmt"/>
        <line num="382" count="7" type="cond" truecount="1" falsecount="1"/>
        <line num="385" count="5" type="stmt"/>
        <line num="389" count="4" type="stmt"/>
        <line num="390" count="3" type="stmt"/>
        <line num="391" count="3" type="cond" truecount="2" falsecount="0"/>
        <line num="395" count="3" type="stmt"/>
        <line num="397" count="3" type="stmt"/>
        <line num="403" count="3" type="stmt"/>
        <line num="411" count="3" type="stmt"/>
        <line num="415" count="22" type="stmt"/>
        <line num="424" count="0" type="stmt"/>
        <line num="425" count="0" type="cond" truecount="0" falsecount="2"/>
        <line num="430" count="2" type="cond" truecount="1" falsecount="1"/>
        <line num="431" count="0" type="stmt"/>
        <line num="438" count="2" type="cond" truecount="1" falsecount="1"/>
        <line num="439" count="0" type="stmt"/>
        <line num="440" count="0" type="stmt"/>
        <line num="441" count="0" type="cond" truecount="0" falsecount="2"/>
        <line num="442" count="0" type="stmt"/>
        <line num="444" count="0" type="stmt"/>
        <line num="447" count="2" type="stmt"/>
        <line num="448" count="2" type="stmt"/>
        <line num="449" count="2" type="stmt"/>
        <line num="450" count="2" type="stmt"/>
        <line num="451" count="4" type="stmt"/>
        <line num="452" count="4" type="cond" truecount="2" falsecount="0"/>
        <line num="453" count="2" type="stmt"/>
        <line num="454" count="2" type="stmt"/>
        <line num="455" count="2" type="cond" truecount="1" falsecount="1"/>
        <line num="456" count="0" type="stmt"/>
        <line num="457" count="0" type="stmt"/>
        <line num="461" count="0" type="stmt"/>
        <line num="463" count="2" type="stmt"/>
        <line num="465" count="2" type="stmt"/>
        <line num="472" count="4" type="stmt"/>
        <line num="479" count="3" type="cond" truecount="1" falsecount="1"/>
        <line num="480" count="3" type="cond" truecount="2" falsecount="0"/>
        <line num="481" count="3" type="stmt"/>
        <line num="483" count="3" type="stmt"/>
        <line num="484" count="3" type="stmt"/>
        <line num="485" count="5" type="stmt"/>
        <line num="486" count="4" type="stmt"/>
        <line num="487" count="4" type="stmt"/>
        <line num="489" count="4" type="stmt"/>
        <line num="490" count="4" type="stmt"/>
        <line num="500" count="4" type="stmt"/>
        <line num="503" count="4" type="cond" truecount="2" falsecount="0"/>
        <line num="504" count="2" type="stmt"/>
        <line num="505" count="2" type="cond" truecount="1" falsecount="1"/>
        <line num="506" count="0" type="stmt"/>
        <line num="508" count="2" type="stmt"/>
        <line num="509" count="2" type="stmt"/>
        <line num="512" count="2" type="cond" truecount="1" falsecount="1"/>
        <line num="513" count="0" type="stmt"/>
        <line num="520" count="2" type="cond" truecount="1" falsecount="1"/>
        <line num="521" count="2" type="stmt"/>
        <line num="522" count="2" type="stmt"/>
        <line num="524" count="2" type="cond" truecount="1" falsecount="1"/>
        <line num="529" count="2" type="stmt"/>
        <line num="530" count="2" type="cond" truecount="1" falsecount="1"/>
        <line num="531" count="0" type="stmt"/>
        <line num="533" count="2" type="stmt"/>
        <line num="534" count="2" type="stmt"/>
        <line num="544" count="0" type="cond" truecount="0" falsecount="2"/>
        <line num="549" count="0" type="stmt"/>
        <line num="550" count="0" type="cond" truecount="0" falsecount="2"/>
        <line num="551" count="0" type="stmt"/>
        <line num="553" count="0" type="stmt"/>
        <line num="561" count="0" type="stmt"/>
        <line num="568" count="0" type="stmt"/>
        <line num="570" count="1" type="cond" truecount="1" falsecount="1"/>
        <line num="571" count="1" type="cond" truecount="1" falsecount="1"/>
        <line num="572" count="0" type="stmt"/>
        <line num="575" count="1" type="cond" truecount="3" falsecount="1"/>
        <line num="578" count="1" type="stmt"/>
        <line num="582" count="4" type="stmt"/>
        <line num="589" count="0" type="stmt"/>
        <line num="590" count="0" type="stmt"/>
        <line num="591" count="0" type="cond" truecount="0" falsecount="2"/>
        <line num="592" count="0" type="stmt"/>
        <line num="595" count="0" type="stmt"/>
        <line num="596" count="0" type="stmt"/>
        <line num="597" count="0" type="stmt"/>
        <line num="599" count="0" type="stmt"/>
        <line num="607" count="4" type="stmt"/>
        <line num="608" count="4" type="cond" truecount="2" falsecount="2"/>
        <line num="610" count="4" type="stmt"/>
        <line num="614" count="4" type="cond" truecount="2" falsecount="0"/>
        <line num="615" count="1" type="stmt"/>
        <line num="620" count="4" type="stmt"/>
        <line num="621" count="7" type="cond" truecount="2" falsecount="0"/>
        <line num="622" count="6" type="cond" truecount="2" falsecount="0"/>
        <line num="625" count="6" type="stmt"/>
        <line num="627" count="6" type="stmt"/>
        <line num="628" count="6" type="cond" truecount="2" falsecount="0"/>
        <line num="629" count="1" type="stmt"/>
        <line num="633" count="5" type="stmt"/>
        <line num="636" count="6" type="cond" truecount="2" falsecount="0"/>
        <line num="637" count="3" type="stmt"/>
        <line num="642" count="3" type="stmt"/>
        <line num="643" count="15" type="cond" truecount="2" falsecount="0"/>
        <line num="644" count="15" type="stmt"/>
        <line num="646" count="3" type="cond" truecount="1" falsecount="1"/>
        <line num="647" count="0" type="stmt"/>
        <line num="651" count="6" type="stmt"/>
        <line num="653" count="1" type="stmt"/>
        <line num="657" count="4" type="stmt"/>
        <line num="665" count="4" type="stmt"/>
        <line num="668" count="8" type="cond" truecount="2" falsecount="0"/>
        <line num="669" count="8" type="stmt"/>
        <line num="670" count="8" type="stmt"/>
        <line num="671" count="8" type="cond" truecount="2" falsecount="0"/>
        <line num="677" count="8" type="cond" truecount="2" falsecount="1"/>
        <line num="680" count="8" type="cond" truecount="2" falsecount="0"/>
        <line num="683" count="6" type="cond" truecount="3" falsecount="0"/>
        <line num="687" count="6" type="cond" truecount="4" falsecount="0"/>
        <line num="690" count="4" type="cond" truecount="1" falsecount="1"/>
        <line num="691" count="0" type="cond" truecount="0" falsecount="2"/>
        <line num="692" count="0" type="cond" truecount="0" falsecount="2"/>
        <line num="694" count="4" type="stmt"/>
        <line num="697" count="4" type="stmt"/>
        <line num="698" count="2" type="stmt"/>
        <line num="699" count="4" type="stmt"/>
        <line num="700" count="1" type="stmt"/>
        <line num="702" count="2" type="cond" truecount="2" falsecount="0"/>
        <line num="703" count="1" type="stmt"/>
        <line num="707" count="2" type="stmt"/>
        <line num="711" count="4" type="stmt"/>
        <line num="712" count="2" type="stmt"/>
        <line num="713" count="2" type="stmt"/>
        <line num="714" count="2" type="cond" truecount="1" falsecount="1"/>
        <line num="715" count="2" type="stmt"/>
        <line num="716" count="2" type="stmt"/>
        <line num="720" count="2" type="cond" truecount="1" falsecount="1"/>
        <line num="721" count="6" type="stmt"/>
        <line num="722" count="6" type="stmt"/>
        <line num="728" count="2" type="stmt"/>
        <line num="732" count="58" type="stmt"/>
        <line num="733" count="58" type="stmt"/>
        <line num="734" count="58" type="cond" truecount="3" falsecount="1"/>
        <line num="735" count="58" type="stmt"/>
        <line num="737" count="0" type="stmt"/>
        <line num="742" count="42" type="stmt"/>
        <line num="750" count="16" type="stmt"/>
        <line num="751" count="16" type="stmt"/>
        <line num="753" count="0" type="stmt"/>
        <line num="758" count="4" type="stmt"/>
        <line num="759" count="12" type="stmt"/>
        <line num="762" count="54" type="stmt"/>
        <line num="764" count="12" type="stmt"/>
        <line num="767" count="54" type="stmt"/>
        <line num="769" count="12" type="cond" truecount="4" falsecount="0"/>
        <line num="770" count="6" type="stmt"/>
        <line num="771" count="6" type="stmt"/>
        <line num="772" count="36" type="cond" truecount="2" falsecount="0"/>
        <line num="774" count="6" type="stmt"/>
        <line num="778" count="12" type="stmt"/>
        <line num="779" count="12" type="stmt"/>
        <line num="780" count="12" type="stmt"/>
        <line num="781" count="12" type="cond" truecount="1" falsecount="1"/>
        <line num="782" count="12" type="cond" truecount="1" falsecount="1"/>
        <line num="783" count="36" type="stmt"/>
        <line num="784" count="36" type="cond" truecount="3" falsecount="1"/>
        <line num="785" count="36" type="stmt"/>
        <line num="786" count="36" type="stmt"/>
        <line num="793" count="12" type="stmt"/>
        <line num="800" count="4" type="stmt"/>
        <line num="805" count="9" type="stmt"/>
        <line num="806" count="9" type="cond" truecount="1" falsecount="1"/>
        <line num="808" count="9" type="stmt"/>
        <line num="809" count="9" type="cond" truecount="1" falsecount="1"/>
        <line num="810" count="23" type="stmt"/>
        <line num="811" count="9" type="cond" truecount="2" falsecount="0"/>
        <line num="814" count="4" type="cond" truecount="1" falsecount="1"/>
        <line num="815" count="4" type="stmt"/>
        <line num="816" count="4" type="stmt"/>
        <line num="817" count="4" type="stmt"/>
        <line num="818" count="4" type="stmt"/>
        <line num="819" count="12" type="stmt"/>
        <line num="820" count="12" type="cond" truecount="2" falsecount="0"/>
        <line num="821" count="2" type="stmt"/>
        <line num="822" count="2" type="stmt"/>
        <line num="826" count="4" type="cond" truecount="4" falsecount="0"/>
        <line num="829" count="2" type="stmt"/>
        <line num="830" count="2" type="cond" truecount="1" falsecount="1"/>
        <line num="831" count="0" type="stmt"/>
        <line num="832" count="0" type="stmt"/>
        <line num="833" count="0" type="stmt"/>
        <line num="834" count="0" type="stmt"/>
        <line num="835" count="0" type="cond" truecount="0" falsecount="2"/>
        <line num="836" count="0" type="stmt"/>
        <line num="837" count="0" type="stmt"/>
        <line num="840" count="0" type="cond" truecount="0" falsecount="4"/>
        <line num="843" count="2" type="stmt"/>
        <line num="847" count="0" type="stmt"/>
        <line num="848" count="0" type="cond" truecount="0" falsecount="2"/>
        <line num="849" count="0" type="stmt"/>
        <line num="850" count="0" type="cond" truecount="0" falsecount="2"/>
        <line num="851" count="0" type="cond" truecount="0" falsecount="2"/>
        <line num="856" count="0" type="cond" truecount="0" falsecount="2"/>
        <line num="857" count="0" type="stmt"/>
        <line num="858" count="0" type="cond" truecount="0" falsecount="2"/>
        <line num="864" count="0" type="stmt"/>
        <line num="868" count="4" type="stmt"/>
        <line num="869" count="3" type="cond" truecount="1" falsecount="1"/>
        <line num="870" count="3" type="stmt"/>
        <line num="871" count="3" type="stmt"/>
        <line num="872" count="3" type="stmt"/>
        <line num="874" count="3" type="stmt"/>
        <line num="875" count="7" type="cond" truecount="1" falsecount="1"/>
        <line num="876" count="7" type="cond" truecount="1" falsecount="1"/>
        <line num="877" count="7" type="cond" truecount="4" falsecount="1"/>
        <line num="878" count="7" type="stmt"/>
        <line num="879" count="7" type="stmt"/>
        <line num="881" count="3" type="stmt"/>
        <line num="892" count="4" type="stmt"/>
        <line num="897" count="3" type="stmt"/>
        <line num="898" count="3" type="cond" truecount="2" falsecount="2"/>
        <line num="899" count="0" type="stmt"/>
        <line num="902" count="3" type="stmt"/>
        <line num="903" count="3" type="stmt"/>
        <line num="905" count="3" type="stmt"/>
        <line num="906" count="8" type="cond" truecount="1" falsecount="1"/>
        <line num="908" count="8" type="cond" truecount="2" falsecount="0"/>
        <line num="911" count="2" type="stmt"/>
        <line num="912" count="2" type="cond" truecount="1" falsecount="1"/>
        <line num="913" count="2" type="stmt"/>
        <line num="914" count="2" type="cond" truecount="1" falsecount="1"/>
        <line num="915" count="0" type="stmt"/>
        <line num="921" count="8" type="cond" truecount="2" falsecount="0"/>
        <line num="922" count="6" type="stmt"/>
        <line num="923" count="6" type="cond" truecount="1" falsecount="1"/>
        <line num="924" count="6" type="stmt"/>
        <line num="926" count="6" type="cond" truecount="1" falsecount="2"/>
        <line num="929" count="6" type="cond" truecount="1" falsecount="1"/>
        <line num="931" count="6" type="cond" truecount="5" falsecount="0"/>
        <line num="934" count="6" type="stmt"/>
        <line num="941" count="3" type="stmt"/>
        <line num="942" count="3" type="cond" truecount="2" falsecount="0"/>
        <line num="943" count="1" type="stmt"/>
        <line num="944" count="3" type="cond" truecount="3" falsecount="1"/>
        <line num="945" count="3" type="cond" truecount="1" falsecount="1"/>
        <line num="946" count="3" type="cond" truecount="1" falsecount="1"/>
        <line num="947" count="3" type="cond" truecount="1" falsecount="1"/>
        <line num="948" count="3" type="stmt"/>
        <line num="952" count="3" type="cond" truecount="4" falsecount="0"/>
        <line num="953" count="2" type="stmt"/>
        <line num="954" count="5" type="stmt"/>
        <line num="958" count="3" type="stmt"/>
        <line num="965" count="4" type="stmt"/>
        <line num="969" count="1" type="stmt"/>
        <line num="970" count="1" type="stmt"/>
        <line num="972" count="1" type="stmt"/>
        <line num="973" count="1" type="cond" truecount="3" falsecount="1"/>
        <line num="974" count="1" type="stmt"/>
        <line num="975" count="1" type="stmt"/>
        <line num="976" count="1" type="stmt"/>
        <line num="978" count="0" type="stmt"/>
        <line num="980" count="1" type="stmt"/>
        <line num="982" count="1" type="stmt"/>
        <line num="983" count="2" type="stmt"/>
        <line num="984" count="4" type="stmt"/>
        <line num="985" count="4" type="stmt"/>
        <line num="987" count="0" type="stmt"/>
        <line num="990" count="2" type="cond" truecount="3" falsecount="1"/>
        <line num="991" count="2" type="cond" truecount="3" falsecount="1"/>
        <line num="992" count="2" type="cond" truecount="1" falsecount="1"/>
        <line num="993" count="2" type="cond" truecount="1" falsecount="1"/>
        <line num="994" count="2" type="cond" truecount="2" falsecount="0"/>
        <line num="995" count="2" type="stmt"/>
        <line num="998" count="1" type="stmt"/>
        <line num="999" count="3" type="cond" truecount="1" falsecount="1"/>
        <line num="1000" count="3" type="stmt"/>
        <line num="1001" count="3" type="cond" truecount="4" falsecount="1"/>
        <line num="1003" count="3" type="stmt"/>
        <line num="1004" count="3" type="cond" truecount="4" falsecount="0"/>
        <line num="1005" count="2" type="stmt"/>
        <line num="1006" count="2" type="stmt"/>
        <line num="1014" count="1" type="stmt"/>
        <line num="1020" count="4" type="stmt"/>
        <line num="1021" count="4" type="stmt"/>
        <line num="1022" count="8" type="stmt"/>
        <line num="1023" count="8" type="stmt"/>
        <line num="1024" count="8" type="stmt"/>
        <line num="1032" count="8" type="cond" truecount="2" falsecount="0"/>
        <line num="1034" count="4" type="stmt"/>
        <line num="1038" count="6" type="cond" truecount="1" falsecount="1"/>
        <line num="1039" count="6" type="stmt"/>
        <line num="1040" count="6" type="cond" truecount="1" falsecount="1"/>
        <line num="1041" count="6" type="cond" truecount="1" falsecount="1"/>
        <line num="1042" count="16" type="stmt"/>
        <line num="1043" count="16" type="cond" truecount="4" falsecount="0"/>
        <line num="1044" count="1" type="stmt"/>
        <line num="1051" count="5" type="stmt"/>
        <line num="1058" count="4" type="stmt"/>
        <line num="1063" count="1" type="cond" truecount="1" falsecount="1"/>
        <line num="1064" count="1" type="stmt"/>
        <line num="1070" count="1" type="stmt"/>
        <line num="1071" count="2" type="cond" truecount="2" falsecount="0"/>
        <line num="1072" count="2" type="cond" truecount="1" falsecount="1"/>
        <line num="1073" count="2" type="stmt"/>
        <line num="1075" count="1" type="stmt"/>
        <line num="1079" count="1" type="stmt"/>
      </file>
      <file name="pending-action.service.ts" path="C:\Users\rykup\source\repos\AI-LMS-Tool\api\src\chat\pending-action.service.ts">
        <metrics statements="79" coveredstatements="6" conditionals="42" coveredconditionals="0" methods="15" coveredmethods="0"/>
        <line num="1" count="3" type="stmt"/>
        <line num="6" count="3" type="stmt"/>
        <line num="7" count="3" type="stmt"/>
        <line num="8" count="3" type="stmt"/>
        <line num="16" count="3" type="stmt"/>
        <line num="19" count="3" type="stmt"/>
        <line num="22" count="0" type="stmt"/>
        <line num="26" count="0" type="stmt"/>
        <line num="41" count="0" type="stmt"/>
        <line num="43" count="0" type="stmt"/>
        <line num="52" count="0" type="stmt"/>
        <line num="61" count="0" type="stmt"/>
        <line num="63" count="0" type="stmt"/>
        <line num="72" count="0" type="stmt"/>
        <line num="81" count="0" type="stmt"/>
        <line num="83" count="0" type="stmt"/>
        <line num="92" count="0" type="stmt"/>
        <line num="99" count="0" type="stmt"/>
        <line num="109" count="0" type="stmt"/>
        <line num="110" count="0" type="cond" truecount="0" falsecount="2"/>
        <line num="111" count="0" type="stmt"/>
        <line num="113" count="0" type="cond" truecount="0" falsecount="2"/>
        <line num="114" count="0" type="stmt"/>
        <line num="115" count="0" type="stmt"/>
        <line num="116" count="0" type="stmt"/>
        <line num="118" count="0" type="stmt"/>
        <line num="125" count="0" type="stmt"/>
        <line num="126" count="0" type="cond" truecount="0" falsecount="2"/>
        <line num="127" count="0" type="stmt"/>
        <line num="129" count="0" type="cond" truecount="0" falsecount="2"/>
        <line num="130" count="0" type="stmt"/>
        <line num="132" count="0" type="cond" truecount="0" falsecount="2"/>
        <line num="133" count="0" type="stmt"/>
        <line num="135" count="0" type="cond" truecount="0" falsecount="2"/>
        <line num="136" count="0" type="stmt"/>
        <line num="137" count="0" type="stmt"/>
        <line num="138" count="0" type="stmt"/>
        <line num="140" count="0" type="stmt"/>
        <line num="147" count="0" type="stmt"/>
        <line num="148" count="0" type="cond" truecount="0" falsecount="2"/>
        <line num="149" count="0" type="stmt"/>
        <line num="151" count="0" type="cond" truecount="0" falsecount="2"/>
        <line num="152" count="0" type="stmt"/>
        <line num="154" count="0" type="stmt"/>
        <line num="155" count="0" type="stmt"/>
        <line num="159" count="0" type="stmt"/>
        <line num="172" count="0" type="stmt"/>
        <line num="173" count="0" type="cond" truecount="0" falsecount="2"/>
        <line num="174" count="0" type="stmt"/>
        <line num="176" count="0" type="cond" truecount="0" falsecount="2"/>
        <line num="177" count="0" type="stmt"/>
        <line num="179" count="0" type="stmt"/>
        <line num="180" count="0" type="stmt"/>
        <line num="181" count="0" type="stmt"/>
        <line num="195" count="0" type="stmt"/>
        <line num="196" count="0" type="stmt"/>
        <line num="209" count="0" type="stmt"/>
        <line num="210" count="0" type="cond" truecount="0" falsecount="2"/>
        <line num="211" count="0" type="stmt"/>
        <line num="213" count="0" type="cond" truecount="0" falsecount="4"/>
        <line num="214" count="0" type="stmt"/>
        <line num="216" count="0" type="stmt"/>
        <line num="217" count="0" type="stmt"/>
        <line num="218" count="0" type="stmt"/>
        <line num="230" count="0" type="stmt"/>
        <line num="231" count="0" type="stmt"/>
        <line num="238" count="0" type="stmt"/>
        <line num="249" count="0" type="stmt"/>
        <line num="251" count="0" type="stmt"/>
        <line num="252" count="0" type="cond" truecount="0" falsecount="2"/>
        <line num="258" count="0" type="stmt"/>
        <line num="259" count="0" type="cond" truecount="0" falsecount="2"/>
        <line num="260" count="0" type="stmt"/>
        <line num="262" count="0" type="cond" truecount="0" falsecount="2"/>
        <line num="263" count="0" type="stmt"/>
        <line num="265" count="0" type="stmt"/>
        <line num="266" count="0" type="stmt"/>
        <line num="271" count="0" type="stmt"/>
        <line num="275" count="0" type="stmt"/>
      </file>
      <file name="practice-quiz-generation.service.ts" path="C:\Users\rykup\source\repos\AI-LMS-Tool\api\src\chat\practice-quiz-generation.service.ts">
        <metrics statements="41" coveredstatements="5" conditionals="14" coveredconditionals="0" methods="4" coveredmethods="0"/>
        <line num="1" count="3" type="stmt"/>
        <line num="7" count="3" type="stmt"/>
        <line num="8" count="3" type="stmt"/>
        <line num="15" count="3" type="stmt"/>
        <line num="49" count="3" type="stmt"/>
        <line num="50" count="0" type="stmt"/>
        <line num="62" count="0" type="stmt"/>
        <line num="63" count="0" type="stmt"/>
        <line num="64" count="0" type="cond" truecount="0" falsecount="2"/>
        <line num="66" count="0" type="stmt"/>
        <line num="69" count="0" type="stmt"/>
        <line num="70" count="0" type="stmt"/>
        <line num="71" count="0" type="stmt"/>
        <line num="73" count="0" type="stmt"/>
        <line num="74" count="0" type="stmt"/>
        <line num="75" count="0" type="cond" truecount="0" falsecount="2"/>
        <line num="76" count="0" type="stmt"/>
        <line num="79" count="0" type="stmt"/>
        <line num="85" count="0" type="stmt"/>
        <line num="86" count="0" type="stmt"/>
        <line num="87" count="0" type="stmt"/>
        <line num="89" count="0" type="stmt"/>
        <line num="92" count="0" type="stmt"/>
        <line num="95" count="0" type="stmt"/>
        <line num="96" count="0" type="stmt"/>
        <line num="97" count="0" type="cond" truecount="0" falsecount="2"/>
        <line num="98" count="0" type="stmt"/>
        <line num="100" count="0" type="stmt"/>
        <line num="101" count="0" type="cond" truecount="0" falsecount="2"/>
        <line num="102" count="0" type="stmt"/>
        <line num="104" count="0" type="stmt"/>
        <line num="105" count="0" type="stmt"/>
        <line num="106" count="0" type="stmt"/>
        <line num="109" count="0" type="stmt"/>
        <line num="114" count="0" type="cond" truecount="0" falsecount="2"/>
        <line num="115" count="0" type="stmt"/>
        <line num="119" count="0" type="cond" truecount="0" falsecount="2"/>
        <line num="120" count="0" type="stmt"/>
        <line num="122" count="0" type="cond" truecount="0" falsecount="2"/>
        <line num="123" count="0" type="stmt"/>
        <line num="129" count="0" type="stmt"/>
      </file>
      <file name="practice-quiz-review.service.ts" path="C:\Users\rykup\source\repos\AI-LMS-Tool\api\src\chat\practice-quiz-review.service.ts">
        <metrics statements="76" coveredstatements="9" conditionals="40" coveredconditionals="0" methods="7" coveredmethods="0"/>
        <line num="1" count="3" type="stmt"/>
        <line num="6" count="3" type="stmt"/>
        <line num="8" count="3" type="stmt"/>
        <line num="9" count="3" type="stmt"/>
        <line num="10" count="3" type="stmt"/>
        <line num="17" count="3" type="stmt"/>
        <line num="18" count="3" type="stmt"/>
        <line num="24" count="3" type="stmt"/>
        <line num="33" count="3" type="stmt"/>
        <line num="34" count="0" type="stmt"/>
        <line num="37" count="0" type="stmt"/>
        <line num="38" count="0" type="stmt"/>
        <line num="39" count="0" type="stmt"/>
[...]
        <line num="428" count="16" type="stmt"/>
        <line num="432" count="16" type="cond" truecount="2" falsecount="0"/>
        <line num="433" count="1" type="stmt"/>
        <line num="436" count="15" type="cond" truecount="2" falsecount="0"/>
        <line num="437" count="4" type="stmt"/>
        <line num="440" count="11" type="stmt"/>
        <line num="447" count="0" type="stmt"/>
        <line num="454" count="3" type="stmt"/>
        <line num="465" count="6" type="stmt"/>
        <line num="470" count="5" type="stmt"/>
        <line num="472" count="5" type="stmt"/>
        <line num="476" count="5" type="cond" truecount="2" falsecount="0"/>
        <line num="477" count="1" type="stmt"/>
        <line num="480" count="5" type="stmt"/>
        <line num="486" count="5" type="stmt"/>
        <line num="487" count="5" type="stmt"/>
        <line num="493" count="5" type="cond" truecount="2" falsecount="2"/>
        <line num="495" count="0" type="stmt"/>
        <line num="500" count="5" type="stmt"/>
        <line num="501" count="151" type="stmt"/>
        <line num="518" count="0" type="stmt"/>
        <line num="525" count="0" type="stmt"/>
        <line num="535" count="0" type="stmt"/>
        <line num="537" count="0" type="stmt"/>
        <line num="545" count="0" type="stmt"/>
        <line num="547" count="0" type="stmt"/>
        <line num="555" count="0" type="stmt"/>
        <line num="556" count="0" type="stmt"/>
        <line num="560" count="0" type="stmt"/>
        <line num="569" count="0" type="stmt"/>
        <line num="572" count="0" type="cond" truecount="0" falsecount="2"/>
        <line num="573" count="0" type="stmt"/>
        <line num="577" count="0" type="stmt"/>
        <line num="584" count="0" type="stmt"/>
        <line num="599" count="2" type="stmt"/>
        <line num="600" count="2" type="stmt"/>
        <line num="601" count="2" type="stmt"/>
        <line num="610" count="2" type="stmt"/>
        <line num="613" count="2" type="stmt"/>
        <line num="617" count="2" type="stmt"/>
        <line num="624" count="0" type="cond" truecount="0" falsecount="2"/>
        <line num="625" count="0" type="stmt"/>
        <line num="626" count="0" type="cond" truecount="0" falsecount="2"/>
        <line num="627" count="0" type="stmt"/>
        <line num="628" count="0" type="stmt"/>
        <line num="635" count="3" type="stmt"/>
        <line num="650" count="2" type="stmt"/>
        <line num="656" count="2" type="cond" truecount="1" falsecount="1"/>
        <line num="657" count="2" type="stmt"/>
        <line num="658" count="0" type="cond" truecount="0" falsecount="2"/>
        <line num="659" count="0" type="stmt"/>
        <line num="661" count="0" type="stmt"/>
        <line num="664" count="2" type="stmt"/>
        <line num="669" count="7" type="cond" truecount="1" falsecount="1"/>
        <line num="670" count="7" type="cond" truecount="1" falsecount="1"/>
        <line num="672" count="7" type="cond" truecount="2" falsecount="0"/>
        <line num="676" count="7" type="stmt"/>
        <line num="700" count="7" type="cond" truecount="1" falsecount="1"/>
        <line num="701" count="0" type="stmt"/>
        <line num="702" count="0" type="stmt"/>
        <line num="703" count="0" type="stmt"/>
        <line num="704" count="0" type="cond" truecount="0" falsecount="2"/>
        <line num="705" count="0" type="stmt"/>
        <line num="706" count="0" type="cond" truecount="0" falsecount="2"/>
        <line num="707" count="0" type="stmt"/>
        <line num="708" count="0" type="cond" truecount="0" falsecount="2"/>
        <line num="709" count="0" type="stmt"/>
        <line num="710" count="0" type="stmt"/>
        <line num="711" count="0" type="cond" truecount="0" falsecount="2"/>
        <line num="713" count="0" type="cond" truecount="0" falsecount="2"/>
        <line num="718" count="13" type="stmt"/>
        <line num="722" count="7" type="cond" truecount="1" falsecount="1"/>
        <line num="730" count="2" type="cond" truecount="3" falsecount="1"/>
        <line num="731" count="2" type="stmt"/>
        <line num="734" count="0" type="cond" truecount="0" falsecount="2"/>
        <line num="735" count="0" type="stmt"/>
        <line num="738" count="0" type="stmt"/>
        <line num="746" count="13" type="cond" truecount="2" falsecount="0"/>
        <line num="747" count="6" type="cond" truecount="1" falsecount="1"/>
        <line num="750" count="7" type="cond" truecount="1" falsecount="1"/>
        <line num="754" count="7" type="stmt"/>
        <line num="759" count="7" type="stmt"/>
        <line num="760" count="7" type="cond" truecount="2" falsecount="0"/>
        <line num="761" count="4" type="stmt"/>
        <line num="764" count="3" type="cond" truecount="1" falsecount="1"/>
        <line num="768" count="12" type="stmt"/>
        <line num="769" count="12" type="cond" truecount="2" falsecount="0"/>
        <line num="776" count="5" type="cond" truecount="5" falsecount="1"/>
        <line num="777" count="4" type="stmt"/>
        <line num="781" count="1" type="stmt"/>
        <line num="783" count="2" type="stmt"/>
        <line num="791" count="6" type="stmt"/>
        <line num="793" count="4" type="cond" truecount="2" falsecount="0"/>
        <line num="794" count="3" type="stmt"/>
        <line num="797" count="1" type="stmt"/>
        <line num="801" count="6" type="stmt"/>
        <line num="802" count="5" type="cond" truecount="1" falsecount="1"/>
        <line num="803" count="5" type="stmt"/>
      </file>
    </package>
    <package name="src.conversation.dto">
      <metrics statements="58" coveredstatements="58" conditionals="2" coveredconditionals="1" methods="10" coveredmethods="10"/>
      <file name="create-conversation.dto.ts" path="C:\Users\rykup\source\repos\AI-LMS-Tool\api\src\conversation\dto\create-conversation.dto.ts">
        <metrics statements="9" coveredstatements="9" conditionals="0" coveredconditionals="0" methods="0" coveredmethods="0"/>
        <line num="1" count="2" type="stmt"/>
        <line num="4" count="2" type="stmt"/>
        <line num="7" count="2" type="stmt"/>
        <line num="11" count="2" type="stmt"/>
        <line num="15" count="2" type="stmt"/>
        <line num="19" count="2" type="stmt"/>
        <line num="24" count="2" type="stmt"/>
        <line num="29" count="2" type="stmt"/>
        <line num="33" count="2" type="stmt"/>
      </file>
      <file name="delete-conversation-query.dto.ts" path="C:\Users\rykup\source\repos\AI-LMS-Tool\api\src\conversation\dto\delete-conversation-query.dto.ts">
        <metrics statements="5" coveredstatements="5" conditionals="0" coveredconditionals="0" methods="1" coveredmethods="1"/>
        <line num="1" count="2" type="stmt"/>
        <line num="2" count="2" type="stmt"/>
        <line num="4" count="2" type="stmt"/>
        <line num="5" count="2" type="stmt"/>
        <line num="8" count="2" type="stmt"/>
      </file>
      <file name="find-active-conversation-query.dto.ts" path="C:\Users\rykup\source\repos\AI-LMS-Tool\api\src\conversation\dto\find-active-conversation-query.dto.ts">
        <metrics statements="7" coveredstatements="7" conditionals="0" coveredconditionals="0" methods="2" coveredmethods="2"/>
        <line num="1" count="2" type="stmt"/>
        <line num="2" count="2" type="stmt"/>
        <line num="4" count="2" type="stmt"/>
        <line num="5" count="3" type="stmt"/>
        <line num="8" count="2" type="stmt"/>
        <line num="10" count="3" type="stmt"/>
        <line num="13" count="2" type="stmt"/>
      </file>
      <file name="get-messages-query.dto.ts" path="C:\Users\rykup\source\repos\AI-LMS-Tool\api\src\conversation\dto\get-messages-query.dto.ts">
        <metrics statements="8" coveredstatements="8" conditionals="0" coveredconditionals="0" methods="2" coveredmethods="2"/>
        <line num="1" count="2" type="stmt"/>
        <line num="2" count="2" type="stmt"/>
        <line num="4" count="2" type="stmt"/>
        <line num="5" count="6" type="stmt"/>
        <line num="8" count="2" type="stmt"/>
        <line num="11" count="2" type="stmt"/>
        <line num="14" count="2" type="stmt"/>
        <line num="19" count="2" type="stmt"/>
      </file>
      <file name="list-conversations-query.dto.ts" path="C:\Users\rykup\source\repos\AI-LMS-Tool\api\src\conversation\dto\list-conversations-query.dto.ts">
        <metrics statements="7" coveredstatements="7" conditionals="0" coveredconditionals="0" methods="2" coveredmethods="2"/>
        <line num="1" count="2" type="stmt"/>
        <line num="2" count="2" type="stmt"/>
        <line num="4" count="2" type="stmt"/>
        <line num="5" count="4" type="stmt"/>
        <line num="8" count="2" type="stmt"/>
        <line num="10" count="4" type="stmt"/>
        <line num="13" count="2" type="stmt"/>
      </file>
      <file name="open-conversation.dto.ts" path="C:\Users\rykup\source\repos\AI-LMS-Tool\api\src\conversation\dto\open-conversation.dto.ts">
        <metrics statements="9" coveredstatements="9" conditionals="0" coveredconditionals="0" methods="0" coveredmethods="0"/>
        <line num="1" count="2" type="stmt"/>
        <line num="4" count="2" type="stmt"/>
        <line num="7" count="2" type="stmt"/>
        <line num="11" count="2" type="stmt"/>
        <line num="15" count="2" type="stmt"/>
        <line num="19" count="2" type="stmt"/>
        <line num="24" count="2" type="stmt"/>
        <line num="29" count="2" type="stmt"/>
        <line num="33" count="2" type="stmt"/>
      </file>
      <file name="search-conversations-query.dto.ts" path="C:\Users\rykup\source\repos\AI-LMS-Tool\api\src\conversation\dto\search-conversations-query.dto.ts">
        <metrics statements="9" coveredstatements="9" conditionals="2" coveredconditionals="1" methods="3" coveredmethods="3"/>
        <line num="1" count="2" type="stmt"/>
        <line num="2" count="2" type="stmt"/>
        <line num="4" count="2" type="stmt"/>
        <line num="5" count="5" type="stmt"/>
        <line num="8" count="2" type="stmt"/>
        <line num="10" count="5" type="stmt"/>
        <line num="13" count="2" type="stmt"/>
        <line num="15" count="5" type="cond" truecount="1" falsecount="1"/>
        <line num="18" count="2" type="stmt"/>
      </file>
      <file name="update-conversation.dto.ts" path="C:\Users\rykup\source\repos\AI-LMS-Tool\api\src\conversation\dto\update-conversation.dto.ts">
        <metrics statements="4" coveredstatements="4" conditionals="0" coveredconditionals="0" methods="0" coveredmethods="0"/>
        <line num="1" count="2" type="stmt"/>
        <line num="3" count="2" type="stmt"/>
        <line num="7" count="2" type="stmt"/>
        <line num="11" count="2" type="stmt"/>
      </file>
    </package>
    <package name="src.conversation.entities">
      <metrics statements="31" coveredstatements="29" conditionals="0" coveredconditionals="0" methods="4" coveredmethods="0"/>
      <file name="conversation.entity.ts" path="C:\Users\rykup\source\repos\AI-LMS-Tool\api\src\conversation\entities\conversation.entity.ts">
        <metrics statements="19" coveredstatements="18" conditionals="0" coveredconditionals="0" methods="2" coveredmethods="0"/>
        <line num="1" count="7" type="stmt"/>
        <line num="10" count="7" type="stmt"/>
        <line num="16" count="7" type="stmt"/>
        <line num="18" count="7" type="stmt"/>
        <line num="21" count="7" type="stmt"/>
        <line num="24" count="7" type="stmt"/>
        <line num="27" count="7" type="stmt"/>
        <line num="30" count="7" type="stmt"/>
        <line num="33" count="7" type="stmt"/>
        <line num="36" count="7" type="stmt"/>
        <line num="39" count="7" type="stmt"/>
        <line num="42" count="7" type="stmt"/>
        <line num="45" count="7" type="stmt"/>
        <line num="48" count="7" type="stmt"/>
        <line num="52" count="7" type="stmt"/>
        <line num="55" count="7" type="stmt"/>
        <line num="58" count="7" type="stmt"/>
        <line num="60" count="0" type="stmt"/>
        <line num="63" count="7" type="stmt"/>
      </file>
      <file name="message.entity.ts" path="C:\Users\rykup\source\repos\AI-LMS-Tool\api\src\conversation\entities\message.entity.ts">
        <metrics statements="12" coveredstatements="11" conditionals="0" coveredconditionals="0" methods="2" coveredmethods="0"/>
        <line num="1" count="7" type="stmt"/>
        <line num="9" count="7" type="stmt"/>
        <line num="17" count="7" type="stmt"/>
        <line num="19" count="7" type="stmt"/>
        <line num="21" count="0" type="stmt"/>
        <line num="25" count="7" type="stmt"/>
        <line num="28" count="7" type="stmt"/>
        <line num="31" count="7" type="stmt"/>
        <line num="34" count="7" type="stmt"/>
        <line num="38" count="7" type="stmt"/>
        <line num="42" count="7" type="stmt"/>
        <line num="45" count="7" type="stmt"/>
      </file>
    </package>
    <package name="src.speech">
      <metrics statements="87" coveredstatements="63" conditionals="48" coveredconditionals="35" methods="16" coveredmethods="11"/>
      <file name="azure-tts.client.ts" path="C:\Users\rykup\source\repos\AI-LMS-Tool\api\src\speech\azure-tts.client.ts">
        <metrics statements="19" coveredstatements="3" conditionals="4" coveredconditionals="0" methods="4" coveredmethods="0"/>
        <line num="1" count="1" type="stmt"/>
        <line num="2" count="1" type="stmt"/>
        <line num="18" count="1" type="stmt"/>
        <line num="19" count="0" type="stmt"/>
        <line num="22" count="0" type="stmt"/>
        <line num="23" count="0" type="stmt"/>
        <line num="24" count="0" type="stmt"/>
        <line num="26" count="0" type="stmt"/>
        <line num="37" count="0" type="cond" truecount="0" falsecount="2"/>
        <line num="38" count="0" type="stmt"/>
        <line num="39" count="0" type="stmt"/>
        <line num="42" count="0" type="stmt"/>
        <line num="45" count="0" type="stmt"/>
        <line num="46" count="0" type="stmt"/>
        <line num="49" count="0" type="stmt"/>
        <line num="50" count="0" type="stmt"/>
        <line num="56" count="0" type="stmt"/>
        <line num="63" count="0" type="cond" truecount="0" falsecount="2"/>
        <line num="65" count="0" type="stmt"/>
      </file>
      <file name="speech.constants.ts" path="C:\Users\rykup\source\repos\AI-LMS-Tool\api\src\speech\speech.constants.ts">
        <metrics statements="20" coveredstatements="20" conditionals="13" coveredconditionals="11" methods="2" coveredmethods="2"/>
        <line num="2" count="1" type="stmt"/>
        <line num="5" count="1" type="stmt"/>
        <line num="6" count="1" type="stmt"/>
        <line num="9" count="1" type="stmt"/>
        <line num="15" count="1" type="stmt"/>
        <line num="62" count="1" type="stmt"/>
        <line num="226" count="1" type="stmt"/>
        <line num="230" count="8" type="stmt"/>
        <line num="232" count="8" type="cond" truecount="1" falsecount="1"/>
        <line num="234" count="8" type="stmt"/>
        <line num="240" count="1" type="stmt"/>
        <line num="241" count="8" type="cond" truecount="2" falsecount="0"/>
        <line num="244" count="8" type="cond" truecount="2" falsecount="0"/>
        <line num="246" count="3" type="stmt"/>
        <line num="247" count="52" type="cond" truecount="2" falsecount="0"/>
        <line num="250" count="1" type="stmt"/>
        <line num="251" count="1" type="stmt"/>
        <line num="282" count="1" type="cond" truecount="2" falsecount="0"/>
        <line num="286" count="1" type="stmt"/>
        <line num="287" count="1" type="stmt"/>
      </file>
      <file name="speech.controller.ts" path="C:\Users\rykup\source\repos\AI-LMS-Tool\api\src\speech\speech.controller.ts">
        <metrics statements="11" coveredstatements="9" conditionals="2" coveredconditionals="0" methods="3" coveredmethods="2"/>
        <line num="1" count="1" type="stmt"/>
        <line num="2" count="1" type="stmt"/>
        <line num="3" count="1" type="stmt"/>
        <line num="4" count="1" type="stmt"/>
        <line num="7" count="1" type="stmt"/>
        <line num="8" count="11" type="stmt"/>
        <line num="15" count="1" type="stmt"/>
        <line num="16" count="1" type="stmt"/>
        <line num="26" count="1" type="stmt"/>
        <line num="27" count="0" type="stmt"/>
        <line num="32" count="0" type="stmt"/>
      </file>
      <file name="speech.module.ts" path="C:\Users\rykup\source\repos\AI-LMS-Tool\api\src\speech\speech.module.ts">
        <metrics statements="5" coveredstatements="0" conditionals="0" coveredconditionals="0" methods="0" coveredmethods="0"/>
        <line num="1" count="0" type="stmt"/>
        <line num="2" count="0" type="stmt"/>
        <line num="3" count="0" type="stmt"/>
        <line num="4" count="0" type="stmt"/>
        <line num="11" count="0" type="stmt"/>
      </file>
      <file name="speech.service.ts" path="C:\Users\rykup\source\repos\AI-LMS-Tool\api\src\speech\speech.service.ts">
        <metrics statements="32" coveredstatements="31" conditionals="29" coveredconditionals="24" methods="7" coveredmethods="7"/>
        <line num="1" count="1" type="stmt"/>
        <line num="7" count="1" type="stmt"/>
        <line num="8" count="1" type="stmt"/>
        <line num="9" count="1" type="stmt"/>
        <line num="25" count="1" type="stmt"/>
        <line num="27" count="11" type="stmt"/>
        <line num="28" count="11" type="stmt"/>
        <line num="32" count="4" type="stmt"/>
        <line num="33" count="4" type="stmt"/>
        <line num="50" count="15" type="cond" truecount="1" falsecount="1"/>
        <line num="51" count="15" type="cond" truecount="2" falsecount="0"/>
        <line num="52" count="1" type="stmt"/>
        <line num="54" count="14" type="cond" truecount="2" falsecount="0"/>
        <line num="55" count="2" type="stmt"/>
        <line num="60" count="12" type="cond" truecount="2" falsecount="0"/>
        <line num="61" count="2" type="stmt"/>
        <line num="66" count="10" type="stmt"/>
        <line num="67" count="10" type="stmt"/>
        <line num="68" count="10" type="cond" truecount="4" falsecount="0"/>
        <line num="69" count="2" type="stmt"/>
        <line num="74" count="8" type="stmt"/>
        <line num="76" count="8" type="stmt"/>
        <line num="77" count="8" type="stmt"/>
        <line num="85" count="2" type="cond" truecount="1" falsecount="1"/>
        <line num="89" count="0" type="stmt"/>
        <line num="91" count="2" type="stmt"/>
        <line num="98" count="16" type="stmt"/>
        <line num="99" count="16" type="cond" truecount="2" falsecount="0"/>
        <line num="100" count="1" type="cond" truecount="1" falsecount="1"/>
        <line num="104" count="2" type="cond" truecount="2" falsecount="0"/>
        <line num="108" count="12" type="cond" truecount="1" falsecount="1"/>
        <line num="112" count="11" type="cond" truecount="1" falsecount="1"/>
      </file>
    </package>
    <package name="src.speech.dto">
      <metrics statements="6" coveredstatements="6" conditionals="0" coveredconditionals="0" methods="0" coveredmethods="0"/>
      <file name="synthesize-speech.dto.ts" path="C:\Users\rykup\source\repos\AI-LMS-Tool\api\src\speech\dto\synthesize-speech.dto.ts">
        <metrics statements="6" coveredstatements="6" conditionals="0" coveredconditionals="0" methods="0" coveredmethods="0"/>
        <line num="1" count="1" type="stmt"/>
        <line num="2" count="1" type="stmt"/>
        <line num="7" count="1" type="stmt"/>
        <line num="11" count="1" type="stmt"/>
        <line num="16" count="1" type="stmt"/>
        <line num="22" count="1" type="stmt"/>
      </file>
    </package>
  </project>
</coverage>
