{"C:\\Users\\rykup\\source\\repos\\AI-LMS-Tool\\api\\src\\chat\\chat.prompts.ts": {"path":"C:\\Users\\rykup\\source\\repos\\AI-LMS-Tool\\api\\src\\chat\\chat.prompts.ts","statementMap":{"0":{"start":{"line":37,"column":0},"end":{"line":37,"column":16}},"1":{"start":{"line":190,"column":0},"end":{"line":190,"column":16}},"2":{"start":{"line":253,"column":0},"end":{"line":253,"column":16}},"3":{"start":{"line":277,"column":0},"end":{"line":277,"column":16}},"4":{"start":{"line":303,"column":0},"end":{"line":303,"column":16}},"5":{"start":{"line":325,"column":0},"end":{"line":325,"column":16}},"6":{"start":{"line":2,"column":0},"end":{"line":2,"column":null}},"7":{"start":{"line":10,"column":0},"end":{"line":10,"column":null}},"8":{"start":{"line":17,"column":0},"end":{"line":17,"column":null}},"9":{"start":{"line":18,"column":2},"end":{"line":18,"column":null}},"10":{"start":{"line":19,"column":2},"end":{"line":19,"column":null}},"11":{"start":{"line":20,"column":2},"end":{"line":20,"column":null}},"12":{"start":{"line":21,"column":2},"end":{"line":21,"column":null}},"13":{"start":{"line":22,"column":2},"end":{"line":22,"column":null}},"14":{"start":{"line":26,"column":18},"end":{"line":26,"column":61}},"15":{"start":{"line":27,"column":42},"end":{"line":33,"column":4}},"16":{"start":{"line":34,"column":2},"end":{"line":34,"column":26}},"17":{"start":{"line":52,"column":15},"end":{"line":52,"column":56}},"18":{"start":{"line":55,"column":4},"end":{"line":55,"column":66}},"19":{"start":{"line":56,"column":26},"end":{"line":59,"column":4}},"20":{"start":{"line":61,"column":2},"end":{"line":73,"column":3}},"21":{"start":{"line":62,"column":4},"end":{"line":68,"column":6}},"22":{"start":{"line":70,"column":4},"end":{"line":72,"column":6}},"23":{"start":{"line":75,"column":2},"end":{"line":93,"column":4}},"24":{"start":{"line":95,"column":2},"end":{"line":111,"column":3}},"25":{"start":{"line":96,"column":4},"end":{"line":103,"column":6}},"26":{"start":{"line":105,"column":4},"end":{"line":110,"column":6}},"27":{"start":{"line":113,"column":2},"end":{"line":140,"column":3}},"28":{"start":{"line":114,"column":4},"end":{"line":132,"column":6}},"29":{"start":{"line":134,"column":4},"end":{"line":139,"column":6}},"30":{"start":{"line":142,"column":2},"end":{"line":152,"column":3}},"31":{"start":{"line":143,"column":22},"end":{"line":143,"column":46}},"32":{"start":{"line":144,"column":4},"end":{"line":151,"column":6}},"33":{"start":{"line":154,"column":2},"end":{"line":158,"column":3}},"34":{"start":{"line":155,"column":4},"end":{"line":157,"column":6}},"35":{"start":{"line":160,"column":2},"end":{"line":173,"column":3}},"36":{"start":{"line":161,"column":4},"end":{"line":163,"column":6}},"37":{"start":{"line":164,"column":4},"end":{"line":166,"column":6}},"38":{"start":{"line":167,"column":9},"end":{"line":173,"column":3}},"39":{"start":{"line":168,"column":4},"end":{"line":168,"column":78}},"40":{"start":{"line":170,"column":4},"end":{"line":172,"column":6}},"41":{"start":{"line":175,"column":2},"end":{"line":181,"column":3}},"42":{"start":{"line":176,"column":4},"end":{"line":178,"column":6}},"43":{"start":{"line":179,"column":9},"end":{"line":181,"column":3}},"44":{"start":{"line":180,"column":4},"end":{"line":180,"column":72}},"45":{"start":{"line":183,"column":2},"end":{"line":185,"column":3}},"46":{"start":{"line":184,"column":4},"end":{"line":184,"column":73}},"47":{"start":{"line":187,"column":2},"end":{"line":187,"column":26}},"48":{"start":{"line":200,"column":21},"end":{"line":200,"column":62}},"49":{"start":{"line":201,"column":61},"end":{"line":208,"column":4}},"50":{"start":{"line":210,"column":23},"end":{"line":217,"column":4}},"51":{"start":{"line":219,"column":16},"end":{"line":234,"column":4}},"52":{"start":{"line":236,"column":2},"end":{"line":241,"column":3}},"53":{"start":{"line":237,"column":4},"end":{"line":240,"column":6}},"54":{"start":{"line":239,"column":39},"end":{"line":239,"column":70}},"55":{"start":{"line":243,"column":2},"end":{"line":249,"column":4}},"56":{"start":{"line":250,"column":2},"end":{"line":250,"column":26}},"57":{"start":{"line":258,"column":2},"end":{"line":274,"column":15}},"58":{"start":{"line":283,"column":2},"end":{"line":300,"column":15}},"59":{"start":{"line":309,"column":2},"end":{"line":322,"column":15}},"60":{"start":{"line":330,"column":16},"end":{"line":336,"column":4}},"61":{"start":{"line":338,"column":2},"end":{"line":340,"column":3}},"62":{"start":{"line":339,"column":4},"end":{"line":339,"column":46}},"63":{"start":{"line":341,"column":2},"end":{"line":343,"column":3}},"64":{"start":{"line":342,"column":4},"end":{"line":342,"column":61}},"65":{"start":{"line":345,"column":2},"end":{"line":345,"column":41}},"66":{"start":{"line":346,"column":16},"end":{"line":346,"column":43}},"67":{"start":{"line":347,"column":2},"end":{"line":356,"column":3}},"68":{"start":{"line":348,"column":4},"end":{"line":348,"column":38}},"69":{"start":{"line":350,"column":4},"end":{"line":355,"column":5}},"70":{"start":{"line":351,"column":19},"end":{"line":351,"column":65}},"71":{"start":{"line":352,"column":22},"end":{"line":352,"column":84}},"72":{"start":{"line":353,"column":6},"end":{"line":353,"column":29}},"73":{"start":{"line":353,"column":20},"end":{"line":353,"column":29}},"74":{"start":{"line":354,"column":6},"end":{"line":354,"column":40}},"75":{"start":{"line":358,"column":2},"end":{"line":358,"column":26}}},"fnMap":{"0":{"name":"(anonymous_0)","decl":{"start":{"line":18,"column":2},"end":{"line":18,"column":28}},"loc":{"start":{"line":18,"column":2},"end":{"line":18,"column":null}}},"1":{"name":"(anonymous_1)","decl":{"start":{"line":19,"column":2},"end":{"line":19,"column":26}},"loc":{"start":{"line":19,"column":2},"end":{"line":19,"column":null}}},"2":{"name":"(anonymous_2)","decl":{"start":{"line":20,"column":2},"end":{"line":20,"column":25}},"loc":{"start":{"line":20,"column":2},"end":{"line":20,"column":null}}},"3":{"name":"(anonymous_3)","decl":{"start":{"line":21,"column":2},"end":{"line":21,"column":22}},"loc":{"start":{"line":21,"column":2},"end":{"line":21,"column":null}}},"4":{"name":"(anonymous_4)","decl":{"start":{"line":22,"column":2},"end":{"line":22,"column":29}},"loc":{"start":{"line":22,"column":2},"end":{"line":22,"column":null}}},"5":{"name":"coachGuidanceInstructions","decl":{"start":{"line":25,"column":9},"end":{"line":25,"column":34}},"loc":{"start":{"line":25,"column":48},"end":{"line":35,"column":1}}},"6":{"name":"buildSystemPrompt","decl":{"start":{"line":37,"column":16},"end":{"line":37,"column":33}},"loc":{"start":{"line":51,"column":1},"end":{"line":188,"column":1}}},"7":{"name":"buildPracticeQuestionsPrompt","decl":{"start":{"line":190,"column":16},"end":{"line":190,"column":44}},"loc":{"start":{"line":198,"column":41},"end":{"line":251,"column":1}}},"8":{"name":"(anonymous_8)","decl":{"start":{"line":239,"column":29},"end":{"line":239,"column":30}},"loc":{"start":{"line":239,"column":39},"end":{"line":239,"column":70}}},"9":{"name":"buildStudyGuidePrompt","decl":{"start":{"line":253,"column":16},"end":{"line":253,"column":37}},"loc":{"start":{"line":257,"column":1},"end":{"line":275,"column":1}}},"10":{"name":"buildFlashcardsPrompt","decl":{"start":{"line":277,"column":16},"end":{"line":277,"column":37}},"loc":{"start":{"line":282,"column":1},"end":{"line":301,"column":1}}},"11":{"name":"buildWrongAnswerExplanationPrompt","decl":{"start":{"line":303,"column":16},"end":{"line":303,"column":49}},"loc":{"start":{"line":308,"column":1},"end":{"line":323,"column":1}}},"12":{"name":"buildTopicSuggestionsPrompt","decl":{"start":{"line":325,"column":16},"end":{"line":325,"column":43}},"loc":{"start":{"line":329,"column":1},"end":{"line":359,"column":1}}}},"branchMap":{"0":{"loc":{"start":{"line":52,"column":15},"end":{"line":52,"column":56}},"type":"cond-expr","locations":[{"start":{"line":52,"column":38},"end":{"line":52,"column":45}},{"start":{"line":52,"column":48},"end":{"line":52,"column":56}}]},"1":{"loc":{"start":{"line":55,"column":4},"end":{"line":55,"column":66}},"type":"binary-expr","locations":[{"start":{"line":55,"column":4},"end":{"line":55,"column":28}},{"start":{"line":55,"column":32},"end":{"line":55,"column":66}}]},"2":{"loc":{"start":{"line":61,"column":2},"end":{"line":73,"column":3}},"type":"if","locations":[{"start":{"line":61,"column":2},"end":{"line":73,"column":3}},{"start":{"line":69,"column":9},"end":{"line":73,"column":3}}]},"3":{"loc":{"start":{"line":65,"column":32},"end":{"line":65,"column":49}},"type":"binary-expr","locations":[{"start":{"line":65,"column":32},"end":{"line":65,"column":44}},{"start":{"line":65,"column":48},"end":{"line":65,"column":49}}]},"4":{"loc":{"start":{"line":95,"column":2},"end":{"line":111,"column":3}},"type":"if","locations":[{"start":{"line":95,"column":2},"end":{"line":111,"column":3}},{"start":{"line":104,"column":9},"end":{"line":111,"column":3}}]},"5":{"loc":{"start":{"line":113,"column":2},"end":{"line":140,"column":3}},"type":"if","locations":[{"start":{"line":113,"column":2},"end":{"line":140,"column":3}},{"start":{"line":133,"column":9},"end":{"line":140,"column":3}}]},"6":{"loc":{"start":{"line":115,"column":6},"end":{"line":117,"column":175}},"type":"cond-expr","locations":[{"start":{"line":116,"column":10},"end":{"line":116,"column":173}},{"start":{"line":117,"column":10},"end":{"line":117,"column":175}}]},"7":{"loc":{"start":{"line":136,"column":6},"end":{"line":138,"column":198}},"type":"cond-expr","locations":[{"start":{"line":137,"column":10},"end":{"line":137,"column":397}},{"start":{"line":138,"column":10},"end":{"line":138,"column":198}}]},"8":{"loc":{"start":{"line":142,"column":2},"end":{"line":152,"column":3}},"type":"if","locations":[{"start":{"line":142,"column":2},"end":{"line":152,"column":3}},{"start":{},"end":{}}]},"9":{"loc":{"start":{"line":146,"column":8},"end":{"line":148,"column":null}},"type":"cond-expr","locations":[{"start":{"line":147,"column":12},"end":{"line":147,"column":87}},{"start":{"line":148,"column":12},"end":{"line":148,"column":null}}]},"10":{"loc":{"start":{"line":154,"column":2},"end":{"line":158,"column":3}},"type":"if","locations":[{"start":{"line":154,"column":2},"end":{"line":158,"column":3}},{"start":{},"end":{}}]},"11":{"loc":{"start":{"line":160,"column":2},"end":{"line":173,"column":3}},"type":"if","locations":[{"start":{"line":160,"column":2},"end":{"line":173,"column":3}},{"start":{"line":167,"column":9},"end":{"line":173,"column":3}}]},"12":{"loc":{"start":{"line":160,"column":6},"end":{"line":160,"column":40}},"type":"binary-expr","locations":[{"start":{"line":160,"column":6},"end":{"line":160,"column":22}},{"start":{"line":160,"column":26},"end":{"line":160,"column":40}}]},"13":{"loc":{"start":{"line":167,"column":9},"end":{"line":173,"column":3}},"type":"if","locations":[{"start":{"line":167,"column":9},"end":{"line":173,"column":3}},{"start":{"line":169,"column":9},"end":{"line":173,"column":3}}]},"14":{"loc":{"start":{"line":175,"column":2},"end":{"line":181,"column":3}},"type":"if","locations":[{"start":{"line":175,"column":2},"end":{"line":181,"column":3}},{"start":{"line":179,"column":9},"end":{"line":181,"column":3}}]},"15":{"loc":{"start":{"line":175,"column":6},"end":{"line":175,"column":59}},"type":"binary-expr","locations":[{"start":{"line":175,"column":6},"end":{"line":175,"column":40}},{"start":{"line":175,"column":44},"end":{"line":175,"column":59}}]},"16":{"loc":{"start":{"line":179,"column":9},"end":{"line":181,"column":3}},"type":"if","locations":[{"start":{"line":179,"column":9},"end":{"line":181,"column":3}},{"start":{},"end":{}}]},"17":{"loc":{"start":{"line":183,"column":2},"end":{"line":185,"column":3}},"type":"if","locations":[{"start":{"line":183,"column":2},"end":{"line":185,"column":3}},{"start":{},"end":{}}]},"18":{"loc":{"start":{"line":236,"column":2},"end":{"line":241,"column":3}},"type":"if","locations":[{"start":{"line":236,"column":2},"end":{"line":241,"column":3}},{"start":{},"end":{}}]},"19":{"loc":{"start":{"line":320,"column":5},"end":{"line":320,"column":31}},"type":"binary-expr","locations":[{"start":{"line":320,"column":5},"end":{"line":320,"column":25}},{"start":{"line":320,"column":29},"end":{"line":320,"column":31}}]},"20":{"loc":{"start":{"line":338,"column":2},"end":{"line":340,"column":3}},"type":"if","locations":[{"start":{"line":338,"column":2},"end":{"line":340,"column":3}},{"start":{},"end":{}}]},"21":{"loc":{"start":{"line":341,"column":2},"end":{"line":343,"column":3}},"type":"if","locations":[{"start":{"line":341,"column":2},"end":{"line":343,"column":3}},{"start":{},"end":{}}]},"22":{"loc":{"start":{"line":347,"column":2},"end":{"line":356,"column":3}},"type":"if","locations":[{"start":{"line":347,"column":2},"end":{"line":356,"column":3}},{"start":{"line":349,"column":9},"end":{"line":356,"column":3}}]},"23":{"loc":{"start":{"line":351,"column":19},"end":{"line":351,"column":65}},"type":"cond-expr","locations":[{"start":{"line":351,"column":42},"end":{"line":351,"column":51}},{"start":{"line":351,"column":54},"end":{"line":351,"column":65}}]},"24":{"loc":{"start":{"line":352,"column":23},"end":{"line":352,"column":41}},"type":"binary-expr","locations":[{"start":{"line":352,"column":23},"end":{"line":352,"column":35}},{"start":{"line":352,"column":39},"end":{"line":352,"column":41}}]},"25":{"loc":{"start":{"line":353,"column":6},"end":{"line":353,"column":29}},"type":"if","locations":[{"start":{"line":353,"column":6},"end":{"line":353,"column":29}},{"start":{},"end":{}}]}},"s":{"0":2,"1":2,"2":2,"3":2,"4":2,"5":2,"6":2,"7":2,"8":2,"9":2,"10":2,"11":2,"12":2,"13":2,"14":14,"15":14,"16":14,"17":33,"18":33,"19":33,"20":33,"21":14,"22":19,"23":33,"24":33,"25":4,"26":29,"27":33,"28":5,"29":28,"30":33,"31":2,"32":2,"33":33,"34":0,"35":33,"36":31,"37":31,"38":2,"39":2,"40":0,"41":33,"42":0,"43":33,"44":0,"45":33,"46":0,"47":33,"48":11,"49":11,"50":11,"51":11,"52":11,"53":1,"54":2,"55":11,"56":11,"57":3,"58":3,"59":3,"60":29,"61":29,"62":20,"63":29,"64":19,"65":29,"66":29,"67":29,"68":6,"69":23,"70":52,"71":52,"72":52,"73":2,"74":50,"75":29},"f":{"0":0,"1":0,"2":0,"3":0,"4":0,"5":14,"6":33,"7":11,"8":2,"9":3,"10":3,"11":3,"12":29},"b":{"0":[14,19],"1":[33,6],"2":[14,19],"3":[14,2],"4":[4,29],"5":[5,28],"6":[1,4],"7":[3,25],"8":[2,31],"9":[1,1],"10":[0,33],"11":[31,2],"12":[33,33],"13":[2,0],"14":[0,33],"15":[33,1],"16":[0,33],"17":[0,33],"18":[1,10],"19":[3,1],"20":[20,9],"21":[19,10],"22":[6,23],"23":[31,21],"24":[52,1],"25":[2,50]}}
}
