{"C:\\Users\\rykup\\source\\repos\\AI-LMS-Tool\\api\\src\\app.module.ts": {"path":"C:\\Users\\rykup\\source\\repos\\AI-LMS-Tool\\api\\src\\app.module.ts","statementMap":{"0":{"start":{"line":1,"column":0},"end":{"line":1,"column":40}},"1":{"start":{"line":2,"column":0},"end":{"line":2,"column":61}},"2":{"start":{"line":3,"column":0},"end":{"line":3,"column":48}},"3":{"start":{"line":4,"column":0},"end":{"line":4,"column":52}},"4":{"start":{"line":5,"column":0},"end":{"line":5,"column":27}},"5":{"start":{"line":7,"column":0},"end":{"line":7,"column":48}},"6":{"start":{"line":8,"column":0},"end":{"line":8,"column":72}},"7":{"start":{"line":9,"column":0},"end":{"line":9,"column":57}},"8":{"start":{"line":10,"column":0},"end":{"line":10,"column":75}},"9":{"start":{"line":11,"column":0},"end":{"line":11,"column":65}},"10":{"start":{"line":58,"column":7},"end":{"line":58,"column":null}},"11":{"start":{"line":58,"column":13},"end":{"line":58,"column":22}},"12":{"start":{"line":58,"column":13},"end":{"line":58,"column":null}},"13":{"start":{"line":34,"column":46},"end":{"line":42,"column":8}}},"fnMap":{"0":{"name":"(anonymous_1)","decl":{"start":{"line":34,"column":18},"end":{"line":34,"column":19}},"loc":{"start":{"line":34,"column":46},"end":{"line":42,"column":8}}}},"branchMap":{"0":{"loc":{"start":{"line":39,"column":13},"end":{"line":41,"column":17}},"type":"cond-expr","locations":[{"start":{"line":40,"column":12},"end":{"line":40,"column":41}},{"start":{"line":41,"column":12},"end":{"line":41,"column":17}}]}},"s":{"0":0,"1":0,"2":0,"3":0,"4":0,"5":0,"6":0,"7":0,"8":0,"9":0,"10":0,"11":0,"12":0,"13":0},"f":{"0":0},"b":{"0":[0,0]}}
,"C:\\Users\\rykup\\source\\repos\\AI-LMS-Tool\\api\\src\\main.ts": {"path":"C:\\Users\\rykup\\source\\repos\\AI-LMS-Tool\\api\\src\\main.ts","statementMap":{"0":{"start":{"line":1,"column":0},"end":{"line":1,"column":43}},"1":{"start":{"line":2,"column":0},"end":{"line":2,"column":48}},"2":{"start":{"line":3,"column":0},"end":{"line":3,"column":47}},"3":{"start":{"line":4,"column":0},"end":{"line":4,"column":41}},"4":{"start":{"line":7,"column":14},"end":{"line":7,"column":49}},"5":{"start":{"line":9,"column":17},"end":{"line":9,"column":39}},"6":{"start":{"line":11,"column":2},"end":{"line":15,"column":5}},"7":{"start":{"line":17,"column":2},"end":{"line":23,"column":4}},"8":{"start":{"line":25,"column":15},"end":{"line":25,"column":49}},"9":{"start":{"line":26,"column":2},"end":{"line":26,"column":25}},"10":{"start":{"line":27,"column":2},"end":{"line":27,"column":87}},"11":{"start":{"line":30,"column":0},"end":{"line":30,"column":12}}},"fnMap":{"0":{"name":"bootstrap","decl":{"start":{"line":6,"column":15},"end":{"line":6,"column":24}},"loc":{"start":{"line":6,"column":24},"end":{"line":28,"column":1}}}},"branchMap":{"0":{"loc":{"start":{"line":25,"column":15},"end":{"line":25,"column":49}},"type":"binary-expr","locations":[{"start":{"line":25,"column":15},"end":{"line":25,"column":41}},{"start":{"line":25,"column":45},"end":{"line":25,"column":49}}]}},"s":{"0":0,"1":0,"2":0,"3":0,"4":0,"5":0,"6":0,"7":0,"8":0,"9":0,"10":0,"11":0},"f":{"0":0},"b":{"0":[0,0]}}
,"C:\\Users\\rykup\\source\\repos\\AI-LMS-Tool\\api\\src\\chat\\chat.controller.ts": {"path":"C:\\Users\\rykup\\source\\repos\\AI-LMS-Tool\\api\\src\\chat\\chat.controller.ts","statementMap":{"0":{"start":{"line":1,"column":0},"end":{"line":1,"column":56}},"1":{"start":{"line":2,"column":0},"end":{"line":2,"column":45}},"2":{"start":{"line":3,"column":0},"end":{"line":3,"column":56}},"3":{"start":{"line":6,"column":7},"end":{"line":22,"column":null}},"4":{"start":{"line":7,"column":31},"end":{"line":7,"column":44}},"5":{"start":{"line":20,"column":4},"end":{"line":20,"column":45}},"6":{"start":{"line":6,"column":13},"end":{"line":6,"column":27}},"7":{"start":{"line":19,"column":2},"end":{"line":21,"column":null}},"8":{"start":{"line":6,"column":13},"end":{"line":22,"column":null}}},"fnMap":{"0":{"name":"(anonymous_4)","decl":{"start":{"line":7,"column":2},"end":{"line":7,"column":31}},"loc":{"start":{"line":7,"column":55},"end":{"line":7,"column":59}}},"1":{"name":"(anonymous_5)","decl":{"start":{"line":19,"column":2},"end":{"line":19,"column":13}},"loc":{"start":{"line":19,"column":41},"end":{"line":21,"column":3}}}},"branchMap":{},"s":{"0":0,"1":0,"2":0,"3":0,"4":0,"5":0,"6":0,"7":0,"8":0},"f":{"0":0,"1":0},"b":{}}
,"C:\\Users\\rykup\\source\\repos\\AI-LMS-Tool\\api\\src\\chat\\chat.module.ts": {"path":"C:\\Users\\rykup\\source\\repos\\AI-LMS-Tool\\api\\src\\chat\\chat.module.ts","statementMap":{"0":{"start":{"line":1,"column":0},"end":{"line":1,"column":40}},"1":{"start":{"line":2,"column":0},"end":{"line":2,"column":51}},"2":{"start":{"line":3,"column":0},"end":{"line":3,"column":45}},"3":{"start":{"line":4,"column":0},"end":{"line":4,"column":58}},"4":{"start":{"line":5,"column":0},"end":{"line":5,"column":73}},"5":{"start":{"line":12,"column":7},"end":{"line":12,"column":null}},"6":{"start":{"line":12,"column":13},"end":{"line":12,"column":23}},"7":{"start":{"line":12,"column":13},"end":{"line":12,"column":null}}},"fnMap":{},"branchMap":{},"s":{"0":0,"1":0,"2":0,"3":0,"4":0,"5":0,"6":0,"7":0},"f":{},"b":{}}
,"C:\\Users\\rykup\\source\\repos\\AI-LMS-Tool\\api\\src\\chat\\chat.service.ts": {"path":"C:\\Users\\rykup\\source\\repos\\AI-LMS-Tool\\api\\src\\chat\\chat.service.ts","statementMap":{"0":{"start":{"line":1,"column":0},"end":{"line":1,"column":52}},"1":{"start":{"line":2,"column":0},"end":{"line":2,"column":47}},"2":{"start":{"line":3,"column":0},"end":{"line":3,"column":null}},"3":{"start":{"line":8,"column":0},"end":{"line":8,"column":60}},"4":{"start":{"line":9,"column":0},"end":{"line":9,"column":75}},"5":{"start":{"line":18,"column":24},"end":{"line":129,"column":null}},"6":{"start":{"line":23,"column":21},"end":{"line":23,"column":29}},"7":{"start":{"line":24,"column":21},"end":{"line":24,"column":37}},"8":{"start":{"line":25,"column":21},"end":{"line":25,"column":42}},"9":{"start":{"line":19,"column":19},"end":{"line":19,"column":57}},"10":{"start":{"line":27,"column":4},"end":{"line":29,"column":6}},"11":{"start":{"line":40,"column":8},"end":{"line":40,"column":11}},"12":{"start":{"line":43,"column":25},"end":{"line":43,"column":39}},"13":{"start":{"line":44,"column":4},"end":{"line":56,"column":5}},"14":{"start":{"line":47,"column":6},"end":{"line":55,"column":7}},"15":{"start":{"line":48,"column":8},"end":{"line":52,"column":9}},"16":{"start":{"line":49,"column":10},"end":{"line":49,"column":83}},"17":{"start":{"line":51,"column":10},"end":{"line":51,"column":66}},"18":{"start":{"line":54,"column":8},"end":{"line":54,"column":35}},"19":{"start":{"line":57,"column":4},"end":{"line":65,"column":5}},"20":{"start":{"line":58,"column":27},"end":{"line":63,"column":71}},"21":{"start":{"line":64,"column":6},"end":{"line":64,"column":39}},"22":{"start":{"line":67,"column":25},"end":{"line":67,"column":80}},"23":{"start":{"line":71,"column":6},"end":{"line":81,"column":8}},"24":{"start":{"line":84,"column":22},"end":{"line":86,"column":null}},"25":{"start":{"line":92,"column":18},"end":{"line":110,"column":6}},"26":{"start":{"line":112,"column":17},"end":{"line":114,"column":6}},"27":{"start":{"line":117,"column":4},"end":{"line":117,"column":74}},"28":{"start":{"line":118,"column":19},"end":{"line":118,"column":50}},"29":{"start":{"line":119,"column":25},"end":{"line":119,"column":47}},"30":{"start":{"line":122,"column":4},"end":{"line":125,"column":7}},"31":{"start":{"line":127,"column":4},"end":{"line":127,"column":54}},"32":{"start":{"line":18,"column":13},"end":{"line":18,"column":24}},"33":{"start":{"line":18,"column":13},"end":{"line":129,"column":null}},"34":{"start":{"line":141,"column":26},"end":{"line":145,"column":4}},"35":{"start":{"line":147,"column":2},"end":{"line":151,"column":3}},"36":{"start":{"line":148,"column":4},"end":{"line":150,"column":6}},"37":{"start":{"line":153,"column":2},"end":{"line":157,"column":3}},"38":{"start":{"line":154,"column":4},"end":{"line":156,"column":6}},"39":{"start":{"line":159,"column":2},"end":{"line":170,"column":3}},"40":{"start":{"line":160,"column":4},"end":{"line":160,"column":82}},"41":{"start":{"line":161,"column":4},"end":{"line":163,"column":6}},"42":{"start":{"line":164,"column":9},"end":{"line":170,"column":3}},"43":{"start":{"line":165,"column":4},"end":{"line":165,"column":78}},"44":{"start":{"line":167,"column":4},"end":{"line":169,"column":6}},"45":{"start":{"line":172,"column":2},"end":{"line":178,"column":3}},"46":{"start":{"line":173,"column":4},"end":{"line":175,"column":6}},"47":{"start":{"line":176,"column":9},"end":{"line":178,"column":3}},"48":{"start":{"line":177,"column":4},"end":{"line":177,"column":72}},"49":{"start":{"line":180,"column":2},"end":{"line":182,"column":3}},"50":{"start":{"line":181,"column":4},"end":{"line":181,"column":73}},"51":{"start":{"line":184,"column":2},"end":{"line":184,"column":26}},"52":{"start":{"line":196,"column":46},"end":{"line":196,"column":48}},"53":{"start":{"line":198,"column":2},"end":{"line":213,"column":3}},"54":{"start":{"line":200,"column":6},"end":{"line":200,"column":47}},"55":{"start":{"line":202,"column":4},"end":{"line":204,"column":5}},"56":{"start":{"line":203,"column":6},"end":{"line":203,"column":15}},"57":{"start":{"line":206,"column":17},"end":{"line":206,"column":56}},"58":{"start":{"line":207,"column":4},"end":{"line":210,"column":5}},"59":{"start":{"line":208,"column":6},"end":{"line":208,"column":45}},"60":{"start":{"line":209,"column":6},"end":{"line":209,"column":15}},"61":{"start":{"line":212,"column":4},"end":{"line":212,"column":63}},"62":{"start":{"line":215,"column":2},"end":{"line":215,"column":23}}},"fnMap":{"0":{"name":"(anonymous_2)","decl":{"start":{"line":22,"column":2},"end":{"line":22,"column":null}},"loc":{"start":{"line":25,"column":61},"end":{"line":30,"column":3}}},"1":{"name":"(anonymous_3)","decl":{"start":{"line":32,"column":2},"end":{"line":32,"column":7}},"loc":{"start":{"line":32,"column":39},"end":{"line":128,"column":3}}},"2":{"name":"buildSystemPrompt","decl":{"start":{"line":131,"column":9},"end":{"line":131,"column":26}},"loc":{"start":{"line":140,"column":1},"end":{"line":185,"column":1}}},"3":{"name":"toGeminiHistory","decl":{"start":{"line":193,"column":9},"end":{"line":193,"column":24}},"loc":{"start":{"line":194,"column":65},"end":{"line":216,"column":1}}}},"branchMap":{"0":{"loc":{"start":{"line":44,"column":4},"end":{"line":56,"column":5}},"type":"if","locations":[{"start":{"line":44,"column":4},"end":{"line":56,"column":5}},{"start":{},"end":{}}]},"1":{"loc":{"start":{"line":48,"column":8},"end":{"line":52,"column":9}},"type":"if","locations":[{"start":{"line":48,"column":8},"end":{"line":52,"column":9}},{"start":{"line":50,"column":15},"end":{"line":52,"column":9}}]},"2":{"loc":{"start":{"line":57,"column":4},"end":{"line":65,"column":5}},"type":"if","locations":[{"start":{"line":57,"column":4},"end":{"line":65,"column":5}},{"start":{},"end":{}}]},"3":{"loc":{"start":{"line":58,"column":27},"end":{"line":63,"column":71}},"type":"cond-expr","locations":[{"start":{"line":59,"column":10},"end":{"line":62,"column":12}},{"start":{"line":63,"column":10},"end":{"line":63,"column":71}}]},"4":{"loc":{"start":{"line":78,"column":8},"end":{"line":80,"column":31}},"type":"cond-expr","locations":[{"start":{"line":79,"column":12},"end":{"line":79,"column":68}},{"start":{"line":80,"column":12},"end":{"line":80,"column":31}}]},"5":{"loc":{"start":{"line":147,"column":2},"end":{"line":151,"column":3}},"type":"if","locations":[{"start":{"line":147,"column":2},"end":{"line":151,"column":3}},{"start":{},"end":{}}]},"6":{"loc":{"start":{"line":153,"column":2},"end":{"line":157,"column":3}},"type":"if","locations":[{"start":{"line":153,"column":2},"end":{"line":157,"column":3}},{"start":{},"end":{}}]},"7":{"loc":{"start":{"line":159,"column":2},"end":{"line":170,"column":3}},"type":"if","locations":[{"start":{"line":159,"column":2},"end":{"line":170,"column":3}},{"start":{"line":164,"column":9},"end":{"line":170,"column":3}}]},"8":{"loc":{"start":{"line":159,"column":6},"end":{"line":159,"column":40}},"type":"binary-expr","locations":[{"start":{"line":159,"column":6},"end":{"line":159,"column":22}},{"start":{"line":159,"column":26},"end":{"line":159,"column":40}}]},"9":{"loc":{"start":{"line":164,"column":9},"end":{"line":170,"column":3}},"type":"if","locations":[{"start":{"line":164,"column":9},"end":{"line":170,"column":3}},{"start":{"line":166,"column":9},"end":{"line":170,"column":3}}]},"10":{"loc":{"start":{"line":172,"column":2},"end":{"line":178,"column":3}},"type":"if","locations":[{"start":{"line":172,"column":2},"end":{"line":178,"column":3}},{"start":{"line":176,"column":9},"end":{"line":178,"column":3}}]},"11":{"loc":{"start":{"line":172,"column":6},"end":{"line":172,"column":59}},"type":"binary-expr","locations":[{"start":{"line":172,"column":6},"end":{"line":172,"column":40}},{"start":{"line":172,"column":44},"end":{"line":172,"column":59}}]},"12":{"loc":{"start":{"line":176,"column":9},"end":{"line":178,"column":3}},"type":"if","locations":[{"start":{"line":176,"column":9},"end":{"line":178,"column":3}},{"start":{},"end":{}}]},"13":{"loc":{"start":{"line":180,"column":2},"end":{"line":182,"column":3}},"type":"if","locations":[{"start":{"line":180,"column":2},"end":{"line":182,"column":3}},{"start":{},"end":{}}]},"14":{"loc":{"start":{"line":200,"column":6},"end":{"line":200,"column":47}},"type":"cond-expr","locations":[{"start":{"line":200,"column":31},"end":{"line":200,"column":38}},{"start":{"line":200,"column":41},"end":{"line":200,"column":47}}]},"15":{"loc":{"start":{"line":202,"column":4},"end":{"line":204,"column":5}},"type":"if","locations":[{"start":{"line":202,"column":4},"end":{"line":204,"column":5}},{"start":{},"end":{}}]},"16":{"loc":{"start":{"line":202,"column":8},"end":{"line":202,"column":54}},"type":"binary-expr","locations":[{"start":{"line":202,"column":8},"end":{"line":202,"column":34}},{"start":{"line":202,"column":38},"end":{"line":202,"column":54}}]},"17":{"loc":{"start":{"line":207,"column":4},"end":{"line":210,"column":5}},"type":"if","locations":[{"start":{"line":207,"column":4},"end":{"line":210,"column":5}},{"start":{},"end":{}}]}},"s":{"0":1,"1":1,"2":1,"3":1,"4":1,"5":1,"6":20,"7":20,"8":20,"9":20,"10":20,"11":24,"12":24,"13":24,"14":22,"15":22,"16":19,"17":3,"18":2,"19":24,"20":4,"21":4,"22":24,"23":24,"24":23,"25":23,"26":23,"27":23,"28":23,"29":22,"30":22,"31":22,"32":1,"33":1,"34":23,"35":23,"36":21,"37":23,"38":18,"39":23,"40":22,"41":22,"42":1,"43":0,"44":1,"45":23,"46":1,"47":22,"48":22,"49":23,"50":22,"51":23,"52":23,"53":23,"54":9,"55":9,"56":1,"57":8,"58":8,"59":2,"60":2,"61":6,"62":23},"f":{"0":20,"1":24,"2":23,"3":23},"b":{"0":[22,2],"1":[19,3],"2":[4,20],"3":[2,2],"4":[20,4],"5":[21,2],"6":[18,5],"7":[22,1],"8":[23,22],"9":[0,1],"10":[1,22],"11":[23,1],"12":[22,0],"13":[22,1],"14":[5,4],"15":[1,8],"16":[9,4],"17":[2,6]}}
,"C:\\Users\\rykup\\source\\repos\\AI-LMS-Tool\\api\\src\\chat\\dto\\send-message.dto.ts": {"path":"C:\\Users\\rykup\\source\\repos\\AI-LMS-Tool\\api\\src\\chat\\dto\\send-message.dto.ts","statementMap":{"0":{"start":{"line":1,"column":0},"end":{"line":1,"column":null}},"1":{"start":{"line":12,"column":0},"end":{"line":12,"column":41}},"2":{"start":{"line":14,"column":0},"end":{"line":14,"column":13}},"3":{"start":{"line":16,"column":2},"end":{"line":16,"column":null}},"4":{"start":{"line":19,"column":2},"end":{"line":19,"column":null}},"5":{"start":{"line":22,"column":0},"end":{"line":22,"column":13}},"6":{"start":{"line":25,"column":2},"end":{"line":25,"column":null}},"7":{"start":{"line":29,"column":2},"end":{"line":29,"column":null}},"8":{"start":{"line":34,"column":2},"end":{"line":34,"column":null}},"9":{"start":{"line":38,"column":2},"end":{"line":38,"column":null}},"10":{"start":{"line":42,"column":2},"end":{"line":42,"column":null}},"11":{"start":{"line":46,"column":2},"end":{"line":46,"column":null}},"12":{"start":{"line":52,"column":2},"end":{"line":52,"column":null}},"13":{"start":{"line":51,"column":14},"end":{"line":51,"column":29}}},"fnMap":{"0":{"name":"(anonymous_2)","decl":{"start":{"line":51,"column":8},"end":{"line":51,"column":11}},"loc":{"start":{"line":51,"column":14},"end":{"line":51,"column":29}}}},"branchMap":{},"s":{"0":1,"1":1,"2":1,"3":1,"4":1,"5":1,"6":1,"7":1,"8":1,"9":1,"10":1,"11":1,"12":1,"13":1},"f":{"0":1},"b":{}}
,"C:\\Users\\rykup\\source\\repos\\AI-LMS-Tool\\api\\src\\context\\context.module.ts": {"path":"C:\\Users\\rykup\\source\\repos\\AI-LMS-Tool\\api\\src\\context\\context.module.ts","statementMap":{"0":{"start":{"line":1,"column":0},"end":{"line":1,"column":40}},"1":{"start":{"line":2,"column":0},"end":{"line":2,"column":51}},"2":{"start":{"line":8,"column":7},"end":{"line":8,"column":null}},"3":{"start":{"line":8,"column":13},"end":{"line":8,"column":26}},"4":{"start":{"line":8,"column":13},"end":{"line":8,"column":null}}},"fnMap":{},"branchMap":{},"s":{"0":0,"1":0,"2":0,"3":0,"4":0},"f":{},"b":{}}
,"C:\\Users\\rykup\\source\\repos\\AI-LMS-Tool\\api\\src\\context\\context.service.ts": {"path":"C:\\Users\\rykup\\source\\repos\\AI-LMS-Tool\\api\\src\\context\\context.service.ts","statementMap":{"0":{"start":{"line":622,"column":0},"end":{"line":622,"column":16}},"1":{"start":{"line":627,"column":0},"end":{"line":627,"column":16}},"2":{"start":{"line":646,"column":0},"end":{"line":646,"column":16}},"3":{"start":{"line":669,"column":0},"end":{"line":669,"column":16}},"4":{"start":{"line":697,"column":0},"end":{"line":697,"column":16}},"5":{"start":{"line":719,"column":0},"end":{"line":719,"column":16}},"6":{"start":{"line":731,"column":0},"end":{"line":731,"column":16}},"7":{"start":{"line":746,"column":0},"end":{"line":746,"column":16}},"8":{"start":{"line":755,"column":0},"end":{"line":755,"column":16}},"9":{"start":{"line":1,"column":0},"end":{"line":1,"column":52}},"10":{"start":{"line":2,"column":0},"end":{"line":2,"column":47}},"11":{"start":{"line":4,"column":0},"end":{"line":4,"column":40}},"12":{"start":{"line":5,"column":0},"end":{"line":5,"column":54}},"13":{"start":{"line":6,"column":0},"end":{"line":6,"column":51}},"14":{"start":{"line":7,"column":0},"end":{"line":7,"column":53}},"15":{"start":{"line":14,"column":4},"end":{"line":14,"column":24}},"16":{"start":{"line":44,"column":27},"end":{"line":610,"column":null}},"17":{"start":{"line":52,"column":21},"end":{"line":52,"column":29}},"18":{"start":{"line":53,"column":44},"end":{"line":53,"column":56}},"19":{"start":{"line":45,"column":19},"end":{"line":45,"column":60}},"20":{"start":{"line":55,"column":4},"end":{"line":55,"column":69}},"21":{"start":{"line":56,"column":4},"end":{"line":56,"column":64}},"22":{"start":{"line":57,"column":4},"end":{"line":58,"column":74}},"23":{"start":{"line":66,"column":4},"end":{"line":68,"column":5}},"24":{"start":{"line":67,"column":6},"end":{"line":67,"column":16}},"25":{"start":{"line":70,"column":22},"end":{"line":70,"column":61}},"26":{"start":{"line":71,"column":4},"end":{"line":71,"column":65}},"27":{"start":{"line":78,"column":4},"end":{"line":80,"column":5}},"28":{"start":{"line":79,"column":6},"end":{"line":79,"column":23}},"29":{"start":{"line":82,"column":4},"end":{"line":84,"column":5}},"30":{"start":{"line":83,"column":6},"end":{"line":83,"column":33}},"31":{"start":{"line":86,"column":21},"end":{"line":86,"column":46}},"32":{"start":{"line":87,"column":19},"end":{"line":87,"column":57}},"33":{"start":{"line":88,"column":4},"end":{"line":90,"column":5}},"34":{"start":{"line":89,"column":6},"end":{"line":89,"column":20}},"35":{"start":{"line":92,"column":4},"end":{"line":107,"column":5}},"36":{"start":{"line":93,"column":22},"end":{"line":95,"column":null}},"37":{"start":{"line":97,"column":19},"end":{"line":97,"column":67}},"38":{"start":{"line":97,"column":39},"end":{"line":97,"column":56}},"39":{"start":{"line":98,"column":6},"end":{"line":100,"column":7}},"40":{"start":{"line":99,"column":8},"end":{"line":99,"column":45}},"41":{"start":{"line":101,"column":6},"end":{"line":101,"column":18}},"42":{"start":{"line":103,"column":6},"end":{"line":105,"column":8}},"43":{"start":{"line":106,"column":6},"end":{"line":106,"column":23}},"44":{"start":{"line":111,"column":21},"end":{"line":111,"column":51}},"45":{"start":{"line":112,"column":19},"end":{"line":112,"column":59}},"46":{"start":{"line":113,"column":4},"end":{"line":115,"column":5}},"47":{"start":{"line":114,"column":6},"end":{"line":114,"column":20}},"48":{"start":{"line":117,"column":4},"end":{"line":134,"column":5}},"49":{"start":{"line":118,"column":22},"end":{"line":120,"column":null}},"50":{"start":{"line":123,"column":20},"end":{"line":125,"column":31}},"51":{"start":{"line":124,"column":23},"end":{"line":124,"column":45}},"52":{"start":{"line":125,"column":20},"end":{"line":125,"column":30}},"53":{"start":{"line":127,"column":6},"end":{"line":127,"column":44}},"54":{"start":{"line":128,"column":6},"end":{"line":128,"column":19}},"55":{"start":{"line":130,"column":6},"end":{"line":132,"column":8}},"56":{"start":{"line":133,"column":6},"end":{"line":133,"column":16}},"57":{"start":{"line":140,"column":21},"end":{"line":140,"column":62}},"58":{"start":{"line":141,"column":19},"end":{"line":141,"column":74}},"59":{"start":{"line":142,"column":4},"end":{"line":145,"column":5}},"60":{"start":{"line":143,"column":6},"end":{"line":143,"column":76}},"61":{"start":{"line":144,"column":6},"end":{"line":144,"column":20}},"62":{"start":{"line":147,"column":4},"end":{"line":147,"column":86}},"63":{"start":{"line":148,"column":22},"end":{"line":148,"column":63}},"64":{"start":{"line":149,"column":4},"end":{"line":149,"column":46}},"65":{"start":{"line":150,"column":4},"end":{"line":150,"column":21}},"66":{"start":{"line":156,"column":59},"end":{"line":164,"column":6}},"67":{"start":{"line":166,"column":47},"end":{"line":166,"column":49}},"68":{"start":{"line":168,"column":4},"end":{"line":177,"column":5}},"69":{"start":{"line":169,"column":6},"end":{"line":176,"column":9}},"70":{"start":{"line":179,"column":4},"end":{"line":282,"column":5}},"71":{"start":{"line":180,"column":26},"end":{"line":180,"column":51}},"72":{"start":{"line":181,"column":6},"end":{"line":191,"column":7}},"73":{"start":{"line":182,"column":8},"end":{"line":190,"column":11}},"74":{"start":{"line":193,"column":6},"end":{"line":281,"column":7}},"75":{"start":{"line":194,"column":27},"end":{"line":202,"column":10}},"76":{"start":{"line":201,"column":49},"end":{"line":201,"column":60}},"77":{"start":{"line":204,"column":8},"end":{"line":210,"column":9}},"78":{"start":{"line":205,"column":10},"end":{"line":209,"column":13}},"79":{"start":{"line":212,"column":8},"end":{"line":231,"column":9}},"80":{"start":{"line":213,"column":10},"end":{"line":219,"column":11}},"81":{"start":{"line":214,"column":12},"end":{"line":218,"column":15}},"82":{"start":{"line":221,"column":10},"end":{"line":230,"column":11}},"83":{"start":{"line":222,"column":33},"end":{"line":225,"column":null}},"84":{"start":{"line":227,"column":12},"end":{"line":229,"column":13}},"85":{"start":{"line":228,"column":14},"end":{"line":228,"column":43}},"86":{"start":{"line":233,"column":8},"end":{"line":243,"column":9}},"87":{"start":{"line":234,"column":23},"end":{"line":234,"column":70}},"88":{"start":{"line":234,"column":41},"end":{"line":234,"column":69}},"89":{"start":{"line":235,"column":10},"end":{"line":242,"column":11}},"90":{"start":{"line":236,"column":12},"end":{"line":241,"column":15}},"91":{"start":{"line":245,"column":8},"end":{"line":255,"column":9}},"92":{"start":{"line":246,"column":29},"end":{"line":246,"column":74}},"93":{"start":{"line":246,"column":53},"end":{"line":246,"column":73}},"94":{"start":{"line":247,"column":10},"end":{"line":254,"column":11}},"95":{"start":{"line":248,"column":12},"end":{"line":253,"column":15}},"96":{"start":{"line":257,"column":8},"end":{"line":280,"column":9}},"97":{"start":{"line":258,"column":24},"end":{"line":258,"column":64}},"98":{"start":{"line":258,"column":43},"end":{"line":258,"column":63}},"99":{"start":{"line":259,"column":10},"end":{"line":266,"column":11}},"100":{"start":{"line":260,"column":12},"end":{"line":265,"column":15}},"101":{"start":{"line":268,"column":10},"end":{"line":279,"column":11}},"102":{"start":{"line":269,"column":26},"end":{"line":269,"column":59}},"103":{"start":{"line":270,"column":12},"end":{"line":278,"column":13}},"104":{"start":{"line":271,"column":14},"end":{"line":277,"column":17}},"105":{"start":{"line":284,"column":4},"end":{"line":284,"column":65}},"106":{"start":{"line":284,"column":37},"end":{"line":284,"column":63}},"107":{"start":{"line":290,"column":4},"end":{"line":299,"column":5}},"108":{"start":{"line":291,"column":22},"end":{"line":293,"column":null}},"109":{"start":{"line":295,"column":6},"end":{"line":295,"column":52}},"110":{"start":{"line":295,"column":33},"end":{"line":295,"column":50}},"111":{"start":{"line":297,"column":6},"end":{"line":297,"column":84}},"112":{"start":{"line":298,"column":6},"end":{"line":298,"column":23}},"113":{"start":{"line":303,"column":4},"end":{"line":312,"column":5}},"114":{"start":{"line":304,"column":20},"end":{"line":306,"column":null}},"115":{"start":{"line":308,"column":6},"end":{"line":308,"column":31}},"116":{"start":{"line":310,"column":6},"end":{"line":310,"column":75}},"117":{"start":{"line":311,"column":6},"end":{"line":311,"column":16}},"118":{"start":{"line":316,"column":4},"end":{"line":325,"column":5}},"119":{"start":{"line":317,"column":23},"end":{"line":319,"column":null}},"120":{"start":{"line":321,"column":6},"end":{"line":321,"column":76}},"121":{"start":{"line":321,"column":50},"end":{"line":321,"column":74}},"122":{"start":{"line":323,"column":6},"end":{"line":323,"column":81}},"123":{"start":{"line":324,"column":6},"end":{"line":324,"column":16}},"124":{"start":{"line":329,"column":4},"end":{"line":337,"column":5}},"125":{"start":{"line":330,"column":6},"end":{"line":333,"column":8}},"126":{"start":{"line":335,"column":6},"end":{"line":335,"column":76}},"127":{"start":{"line":336,"column":6},"end":{"line":336,"column":16}},"128":{"start":{"line":341,"column":4},"end":{"line":343,"column":5}},"129":{"start":{"line":342,"column":6},"end":{"line":342,"column":16}},"130":{"start":{"line":345,"column":4},"end":{"line":396,"column":5}},"131":{"start":{"line":346,"column":23},"end":{"line":348,"column":null}},"132":{"start":{"line":350,"column":26},"end":{"line":350,"column":52}},"133":{"start":{"line":351,"column":39},"end":{"line":351,"column":41}},"134":{"start":{"line":353,"column":6},"end":{"line":388,"column":7}},"135":{"start":{"line":354,"column":29},"end":{"line":354,"column":67}},"136":{"start":{"line":355,"column":8},"end":{"line":357,"column":9}},"137":{"start":{"line":356,"column":10},"end":{"line":356,"column":19}},"138":{"start":{"line":359,"column":8},"end":{"line":387,"column":9}},"139":{"start":{"line":360,"column":31},"end":{"line":362,"column":null}},"140":{"start":{"line":364,"column":10},"end":{"line":369,"column":12}},"141":{"start":{"line":365,"column":57},"end":{"line":368,"column":14}},"142":{"start":{"line":371,"column":10},"end":{"line":373,"column":12}},"143":{"start":{"line":376,"column":10},"end":{"line":386,"column":11}},"144":{"start":{"line":377,"column":12},"end":{"line":385,"column":15}},"145":{"start":{"line":390,"column":6},"end":{"line":390,"column":19}},"146":{"start":{"line":392,"column":6},"end":{"line":394,"column":8}},"147":{"start":{"line":395,"column":6},"end":{"line":395,"column":16}},"148":{"start":{"line":404,"column":21},"end":{"line":404,"column":37}},"149":{"start":{"line":405,"column":21},"end":{"line":405,"column":43}},"150":{"start":{"line":406,"column":19},"end":{"line":406,"column":55}},"151":{"start":{"line":407,"column":25},"end":{"line":412,"column":6}},"152":{"start":{"line":414,"column":18},"end":{"line":414,"column":92}},"153":{"start":{"line":416,"column":4},"end":{"line":466,"column":5}},"154":{"start":{"line":417,"column":6},"end":{"line":434,"column":7}},"155":{"start":{"line":418,"column":23},"end":{"line":418,"column":70}},"156":{"start":{"line":419,"column":8},"end":{"line":421,"column":9}},"157":{"start":{"line":420,"column":10},"end":{"line":420,"column":82}},"158":{"start":{"line":423,"column":23},"end":{"line":423,"column":49}},"159":{"start":{"line":424,"column":21},"end":{"line":424,"column":46}},"160":{"start":{"line":425,"column":8},"end":{"line":427,"column":9}},"161":{"start":{"line":426,"column":10},"end":{"line":426,"column":79}},"162":{"start":{"line":429,"column":8},"end":{"line":433,"column":10}},"163":{"start":{"line":436,"column":6},"end":{"line":443,"column":7}},"164":{"start":{"line":437,"column":23},"end":{"line":437,"column":70}},"165":{"start":{"line":438,"column":8},"end":{"line":442,"column":10}},"166":{"start":{"line":445,"column":6},"end":{"line":449,"column":8}},"167":{"start":{"line":451,"column":6},"end":{"line":453,"column":8}},"168":{"start":{"line":455,"column":6},"end":{"line":459,"column":7}},"169":{"start":{"line":458,"column":8},"end":{"line":458,"column":20}},"170":{"start":{"line":461,"column":6},"end":{"line":465,"column":8}},"171":{"start":{"line":470,"column":16},"end":{"line":470,"column":52}},"172":{"start":{"line":472,"column":6},"end":{"line":472,"column":64}},"173":{"start":{"line":473,"column":29},"end":{"line":473,"column":70}},"174":{"start":{"line":474,"column":4},"end":{"line":476,"column":5}},"175":{"start":{"line":475,"column":6},"end":{"line":475,"column":64}},"176":{"start":{"line":478,"column":24},"end":{"line":478,"column":50}},"177":{"start":{"line":479,"column":4},"end":{"line":481,"column":5}},"178":{"start":{"line":480,"column":6},"end":{"line":480,"column":66}},"179":{"start":{"line":483,"column":4},"end":{"line":483,"column":16}},"180":{"start":{"line":487,"column":16},"end":{"line":487,"column":32}},"181":{"start":{"line":488,"column":21},"end":{"line":488,"column":44}},"182":{"start":{"line":489,"column":25},"end":{"line":489,"column":54}},"183":{"start":{"line":491,"column":4},"end":{"line":499,"column":5}},"184":{"start":{"line":496,"column":6},"end":{"line":496,"column":39}},"185":{"start":{"line":497,"column":6},"end":{"line":497,"column":39}},"186":{"start":{"line":498,"column":6},"end":{"line":498,"column":31}},"187":{"start":{"line":501,"column":4},"end":{"line":503,"column":5}},"188":{"start":{"line":502,"column":6},"end":{"line":502,"column":54}},"189":{"start":{"line":505,"column":4},"end":{"line":505,"column":15}},"190":{"start":{"line":512,"column":16},"end":{"line":512,"column":71}},"191":{"start":{"line":513,"column":4},"end":{"line":513,"column":54}},"192":{"start":{"line":514,"column":4},"end":{"line":514,"column":51}},"193":{"start":{"line":515,"column":4},"end":{"line":515,"column":55}},"194":{"start":{"line":517,"column":4},"end":{"line":519,"column":5}},"195":{"start":{"line":518,"column":6},"end":{"line":518,"column":54}},"196":{"start":{"line":522,"column":6},"end":{"line":522,"column":64}},"197":{"start":{"line":523,"column":29},"end":{"line":523,"column":64}},"198":{"start":{"line":524,"column":4},"end":{"line":526,"column":5}},"199":{"start":{"line":525,"column":6},"end":{"line":525,"column":53}},"200":{"start":{"line":529,"column":4},"end":{"line":535,"column":5}},"201":{"start":{"line":530,"column":6},"end":{"line":530,"column":78}},"202":{"start":{"line":532,"column":6},"end":{"line":534,"column":8}},"203":{"start":{"line":537,"column":4},"end":{"line":539,"column":5}},"204":{"start":{"line":538,"column":6},"end":{"line":538,"column":81}},"205":{"start":{"line":541,"column":4},"end":{"line":541,"column":21}},"206":{"start":{"line":549,"column":4},"end":{"line":554,"column":5}},"207":{"start":{"line":550,"column":6},"end":{"line":552,"column":9}},"208":{"start":{"line":551,"column":8},"end":{"line":551,"column":52}},"209":{"start":{"line":553,"column":6},"end":{"line":553,"column":13}},"210":{"start":{"line":556,"column":4},"end":{"line":563,"column":5}},"211":{"start":{"line":557,"column":6},"end":{"line":561,"column":7}},"212":{"start":{"line":560,"column":8},"end":{"line":560,"column":77}},"213":{"start":{"line":562,"column":6},"end":{"line":562,"column":13}},"214":{"start":{"line":565,"column":4},"end":{"line":565,"column":41}},"215":{"start":{"line":572,"column":4},"end":{"line":575,"column":8}},"216":{"start":{"line":572,"column":75},"end":{"line":575,"column":6}},"217":{"start":{"line":582,"column":22},"end":{"line":582,"column":76}},"218":{"start":{"line":584,"column":4},"end":{"line":608,"column":7}},"219":{"start":{"line":585,"column":18},"end":{"line":604,"column":null}},"220":{"start":{"line":594,"column":35},"end":{"line":594,"column":37}},"221":{"start":{"line":595,"column":10},"end":{"line":597,"column":13}},"222":{"start":{"line":596,"column":12},"end":{"line":596,"column":31}},"223":{"start":{"line":598,"column":10},"end":{"line":603,"column":13}},"224":{"start":{"line":599,"column":12},"end":{"line":602,"column":15}},"225":{"start":{"line":606,"column":6},"end":{"line":606,"column":30}},"226":{"start":{"line":607,"column":6},"end":{"line":607,"column":16}},"227":{"start":{"line":44,"column":13},"end":{"line":44,"column":27}},"228":{"start":{"line":44,"column":13},"end":{"line":610,"column":null}},"229":{"start":{"line":613,"column":17},"end":{"line":613,"column":47}},"230":{"start":{"line":614,"column":2},"end":{"line":618,"column":3}},"231":{"start":{"line":615,"column":4},"end":{"line":615,"column":34}},"232":{"start":{"line":617,"column":4},"end":{"line":617,"column":29}},"233":{"start":{"line":623,"column":2},"end":{"line":623,"column":60}},"234":{"start":{"line":628,"column":21},"end":{"line":628,"column":72}},"235":{"start":{"line":629,"column":2},"end":{"line":631,"column":3}},"236":{"start":{"line":630,"column":4},"end":{"line":630,"column":16}},"237":{"start":{"line":633,"column":2},"end":{"line":642,"column":3}},"238":{"start":{"line":634,"column":17},"end":{"line":634,"column":null}},"239":{"start":{"line":639,"column":4},"end":{"line":639,"column":64}},"240":{"start":{"line":641,"column":4},"end":{"line":641,"column":16}},"241":{"start":{"line":652,"column":18},"end":{"line":652,"column":38}},"242":{"start":{"line":654,"column":4},"end":{"line":658,"column":38}},"243":{"start":{"line":660,"column":2},"end":{"line":665,"column":4}},"244":{"start":{"line":674,"column":19},"end":{"line":674,"column":73}},"245":{"start":{"line":674,"column":45},"end":{"line":674,"column":72}},"246":{"start":{"line":675,"column":16},"end":{"line":675,"column":71}},"247":{"start":{"line":675,"column":42},"end":{"line":675,"column":70}},"248":{"start":{"line":676,"column":24},"end":{"line":679,"column":38}},"249":{"start":{"line":679,"column":22},"end":{"line":679,"column":37}},"250":{"start":{"line":682,"column":4},"end":{"line":687,"column":101}},"251":{"start":{"line":684,"column":37},"end":{"line":684,"column":104}},"252":{"start":{"line":685,"column":34},"end":{"line":685,"column":101}},"253":{"start":{"line":687,"column":33},"end":{"line":687,"column":100}},"254":{"start":{"line":689,"column":2},"end":{"line":693,"column":12}},"255":{"start":{"line":701,"column":2},"end":{"line":703,"column":3}},"256":{"start":{"line":702,"column":4},"end":{"line":702,"column":16}},"257":{"start":{"line":705,"column":2},"end":{"line":710,"column":3}},"258":{"start":{"line":709,"column":4},"end":{"line":709,"column":16}},"259":{"start":{"line":712,"column":2},"end":{"line":715,"column":4}},"260":{"start":{"line":723,"column":19},"end":{"line":723,"column":117}},"261":{"start":{"line":724,"column":2},"end":{"line":727,"column":4}},"262":{"start":{"line":725,"column":21},"end":{"line":725,"column":62}},"263":{"start":{"line":732,"column":15},"end":{"line":740,"column":19}},"264":{"start":{"line":742,"column":2},"end":{"line":742,"column":136}},"265":{"start":{"line":747,"column":2},"end":{"line":751,"column":31}},"266":{"start":{"line":756,"column":2},"end":{"line":767,"column":12}}},"fnMap":{"0":{"name":"(anonymous_4)","decl":{"start":{"line":51,"column":2},"end":{"line":51,"column":null}},"loc":{"start":{"line":53,"column":56},"end":{"line":59,"column":3}}},"1":{"name":"(anonymous_5)","decl":{"start":{"line":61,"column":2},"end":{"line":61,"column":7}},"loc":{"start":{"line":64,"column":36},"end":{"line":72,"column":3}}},"2":{"name":"(anonymous_6)","decl":{"start":{"line":74,"column":2},"end":{"line":74,"column":7}},"loc":{"start":{"line":76,"column":25},"end":{"line":108,"column":3}}},"3":{"name":"(anonymous_7)","decl":{"start":{"line":97,"column":32},"end":{"line":97,"column":33}},"loc":{"start":{"line":97,"column":39},"end":{"line":97,"column":56}}},"4":{"name":"(anonymous_8)","decl":{"start":{"line":110,"column":2},"end":{"line":110,"column":7}},"loc":{"start":{"line":110,"column":51},"end":{"line":135,"column":3}}},"5":{"name":"(anonymous_9)","decl":{"start":{"line":124,"column":16},"end":{"line":124,"column":17}},"loc":{"start":{"line":124,"column":23},"end":{"line":124,"column":45}}},"6":{"name":"(anonymous_10)","decl":{"start":{"line":125,"column":13},"end":{"line":125,"column":14}},"loc":{"start":{"line":125,"column":20},"end":{"line":125,"column":30}}},"7":{"name":"(anonymous_11)","decl":{"start":{"line":137,"column":10},"end":{"line":137,"column":15}},"loc":{"start":{"line":138,"column":20},"end":{"line":151,"column":3}}},"8":{"name":"(anonymous_12)","decl":{"start":{"line":153,"column":10},"end":{"line":153,"column":15}},"loc":{"start":{"line":154,"column":20},"end":{"line":285,"column":3}}},"9":{"name":"(anonymous_13)","decl":{"start":{"line":201,"column":42},"end":{"line":201,"column":43}},"loc":{"start":{"line":201,"column":49},"end":{"line":201,"column":60}}},"10":{"name":"(anonymous_14)","decl":{"start":{"line":234,"column":34},"end":{"line":234,"column":35}},"loc":{"start":{"line":234,"column":41},"end":{"line":234,"column":69}}},"11":{"name":"(anonymous_15)","decl":{"start":{"line":246,"column":46},"end":{"line":246,"column":47}},"loc":{"start":{"line":246,"column":53},"end":{"line":246,"column":73}}},"12":{"name":"(anonymous_16)","decl":{"start":{"line":258,"column":36},"end":{"line":258,"column":37}},"loc":{"start":{"line":258,"column":43},"end":{"line":258,"column":63}}},"13":{"name":"(anonymous_17)","decl":{"start":{"line":284,"column":28},"end":{"line":284,"column":29}},"loc":{"start":{"line":284,"column":37},"end":{"line":284,"column":63}}},"14":{"name":"(anonymous_18)","decl":{"start":{"line":287,"column":10},"end":{"line":287,"column":15}},"loc":{"start":{"line":288,"column":20},"end":{"line":300,"column":3}}},"15":{"name":"(anonymous_19)","decl":{"start":{"line":295,"column":26},"end":{"line":295,"column":27}},"loc":{"start":{"line":295,"column":33},"end":{"line":295,"column":50}}},"16":{"name":"(anonymous_20)","decl":{"start":{"line":302,"column":10},"end":{"line":302,"column":15}},"loc":{"start":{"line":302,"column":43},"end":{"line":313,"column":3}}},"17":{"name":"(anonymous_21)","decl":{"start":{"line":315,"column":10},"end":{"line":315,"column":15}},"loc":{"start":{"line":315,"column":49},"end":{"line":326,"column":3}}},"18":{"name":"(anonymous_22)","decl":{"start":{"line":321,"column":38},"end":{"line":321,"column":39}},"loc":{"start":{"line":321,"column":50},"end":{"line":321,"column":74}}},"19":{"name":"(anonymous_23)","decl":{"start":{"line":328,"column":10},"end":{"line":328,"column":15}},"loc":{"start":{"line":328,"column":44},"end":{"line":338,"column":3}}},"20":{"name":"(anonymous_24)","decl":{"start":{"line":340,"column":10},"end":{"line":340,"column":15}},"loc":{"start":{"line":340,"column":50},"end":{"line":397,"column":3}}},"21":{"name":"(anonymous_25)","decl":{"start":{"line":365,"column":46},"end":{"line":365,"column":47}},"loc":{"start":{"line":365,"column":57},"end":{"line":368,"column":14}}},"22":{"name":"(anonymous_26)","decl":{"start":{"line":399,"column":10},"end":{"line":399,"column":15}},"loc":{"start":{"line":402,"column":19},"end":{"line":467,"column":3}}},"23":{"name":"(anonymous_27)","decl":{"start":{"line":469,"column":10},"end":{"line":469,"column":15}},"loc":{"start":{"line":469,"column":50},"end":{"line":484,"column":3}}},"24":{"name":"(anonymous_28)","decl":{"start":{"line":486,"column":10},"end":{"line":486,"column":32}},"loc":{"start":{"line":486,"column":48},"end":{"line":506,"column":3}}},"25":{"name":"(anonymous_29)","decl":{"start":{"line":508,"column":10},"end":{"line":508,"column":15}},"loc":{"start":{"line":510,"column":35},"end":{"line":542,"column":3}}},"26":{"name":"(anonymous_30)","decl":{"start":{"line":544,"column":10},"end":{"line":544,"column":22}},"loc":{"start":{"line":547,"column":18},"end":{"line":566,"column":3}}},"27":{"name":"(anonymous_31)","decl":{"start":{"line":550,"column":20},"end":{"line":550,"column":21}},"loc":{"start":{"line":550,"column":29},"end":{"line":552,"column":7}}},"28":{"name":"(anonymous_32)","decl":{"start":{"line":568,"column":10},"end":{"line":568,"column":17}},"loc":{"start":{"line":570,"column":23},"end":{"line":576,"column":3}}},"29":{"name":"(anonymous_33)","decl":{"start":{"line":572,"column":52},"end":{"line":572,"column":53}},"loc":{"start":{"line":572,"column":75},"end":{"line":575,"column":6}}},"30":{"name":"(anonymous_34)","decl":{"start":{"line":578,"column":10},"end":{"line":578,"column":23}},"loc":{"start":{"line":580,"column":23},"end":{"line":609,"column":3}}},"31":{"name":"(anonymous_35)","decl":{"start":{"line":584,"column":23},"end":{"line":584,"column":24}},"loc":{"start":{"line":584,"column":43},"end":{"line":608,"column":5}}},"32":{"name":"(anonymous_36)","decl":{"start":{"line":593,"column":8},"end":{"line":593,"column":9}},"loc":{"start":{"line":593,"column":16},"end":{"line":604,"column":9}}},"33":{"name":"(anonymous_37)","decl":{"start":{"line":595,"column":25},"end":{"line":595,"column":26}},"loc":{"start":{"line":595,"column":43},"end":{"line":597,"column":11}}},"34":{"name":"(anonymous_38)","decl":{"start":{"line":598,"column":24},"end":{"line":598,"column":27}},"loc":{"start":{"line":598,"column":29},"end":{"line":603,"column":11}}},"35":{"name":"parsePdfText","decl":{"start":{"line":612,"column":15},"end":{"line":612,"column":27}},"loc":{"start":{"line":612,"column":42},"end":{"line":619,"column":1}}},"36":{"name":"looksLikePdf","decl":{"start":{"line":622,"column":16},"end":{"line":622,"column":28}},"loc":{"start":{"line":622,"column":43},"end":{"line":624,"column":1}}},"37":{"name":"parseMoodleJsonError","decl":{"start":{"line":627,"column":16},"end":{"line":627,"column":36}},"loc":{"start":{"line":627,"column":51},"end":{"line":643,"column":1}}},"38":{"name":"normalizeSection","decl":{"start":{"line":646,"column":16},"end":{"line":646,"column":32}},"loc":{"start":{"line":646,"column":61},"end":{"line":666,"column":1}}},"39":{"name":"formatDocumentsForPrompt","decl":{"start":{"line":669,"column":16},"end":{"line":669,"column":40}},"loc":{"start":{"line":672,"column":18},"end":{"line":694,"column":1}}},"40":{"name":"(anonymous_44)","decl":{"start":{"line":674,"column":36},"end":{"line":674,"column":37}},"loc":{"start":{"line":674,"column":45},"end":{"line":674,"column":72}}},"41":{"name":"(anonymous_45)","decl":{"start":{"line":675,"column":33},"end":{"line":675,"column":34}},"loc":{"start":{"line":675,"column":42},"end":{"line":675,"column":70}}},"42":{"name":"(anonymous_46)","decl":{"start":{"line":679,"column":12},"end":{"line":679,"column":13}},"loc":{"start":{"line":679,"column":22},"end":{"line":679,"column":37}}},"43":{"name":"(anonymous_47)","decl":{"start":{"line":684,"column":27},"end":{"line":684,"column":28}},"loc":{"start":{"line":684,"column":37},"end":{"line":684,"column":104}}},"44":{"name":"(anonymous_48)","decl":{"start":{"line":685,"column":24},"end":{"line":685,"column":25}},"loc":{"start":{"line":685,"column":34},"end":{"line":685,"column":101}}},"45":{"name":"(anonymous_49)","decl":{"start":{"line":687,"column":23},"end":{"line":687,"column":24}},"loc":{"start":{"line":687,"column":33},"end":{"line":687,"column":100}}},"46":{"name":"matchesSection","decl":{"start":{"line":697,"column":16},"end":{"line":697,"column":30}},"loc":{"start":{"line":699,"column":29},"end":{"line":716,"column":1}}},"47":{"name":"relevanceScore","decl":{"start":{"line":719,"column":16},"end":{"line":719,"column":30}},"loc":{"start":{"line":721,"column":25},"end":{"line":728,"column":1}}},"48":{"name":"(anonymous_52)","decl":{"start":{"line":725,"column":4},"end":{"line":725,"column":5}},"loc":{"start":{"line":725,"column":21},"end":{"line":725,"column":62}}},"49":{"name":"formatDocument","decl":{"start":{"line":731,"column":16},"end":{"line":731,"column":30}},"loc":{"start":{"line":731,"column":57},"end":{"line":743,"column":1}}},"50":{"name":"formatForumPostText","decl":{"start":{"line":746,"column":16},"end":{"line":746,"column":35}},"loc":{"start":{"line":746,"column":57},"end":{"line":752,"column":1}}},"51":{"name":"stripHtml","decl":{"start":{"line":755,"column":16},"end":{"line":755,"column":25}},"loc":{"start":{"line":755,"column":38},"end":{"line":768,"column":1}}}},"branchMap":{"0":{"loc":{"start":{"line":58,"column":6},"end":{"line":58,"column":73}},"type":"binary-expr","locations":[{"start":{"line":58,"column":6},"end":{"line":58,"column":53}},{"start":{"line":58,"column":57},"end":{"line":58,"column":73}}]},"1":{"loc":{"start":{"line":64,"column":4},"end":{"line":64,"column":36}},"type":"default-arg","locations":[{"start":{"line":64,"column":34},"end":{"line":64,"column":36}}]},"2":{"loc":{"start":{"line":66,"column":4},"end":{"line":68,"column":5}},"type":"if","locations":[{"start":{"line":66,"column":4},"end":{"line":68,"column":5}},{"start":{},"end":{}}]},"3":{"loc":{"start":{"line":78,"column":4},"end":{"line":80,"column":5}},"type":"if","locations":[{"start":{"line":78,"column":4},"end":{"line":80,"column":5}},{"start":{},"end":{}}]},"4":{"loc":{"start":{"line":82,"column":4},"end":{"line":84,"column":5}},"type":"if","locations":[{"start":{"line":82,"column":4},"end":{"line":84,"column":5}},{"start":{},"end":{}}]},"5":{"loc":{"start":{"line":88,"column":4},"end":{"line":90,"column":5}},"type":"if","locations":[{"start":{"line":88,"column":4},"end":{"line":90,"column":5}},{"start":{},"end":{}}]},"6":{"loc":{"start":{"line":98,"column":6},"end":{"line":100,"column":7}},"type":"if","locations":[{"start":{"line":98,"column":6},"end":{"line":100,"column":7}},{"start":{},"end":{}}]},"7":{"loc":{"start":{"line":113,"column":4},"end":{"line":115,"column":5}},"type":"if","locations":[{"start":{"line":113,"column":4},"end":{"line":115,"column":5}},{"start":{},"end":{}}]},"8":{"loc":{"start":{"line":124,"column":23},"end":{"line":124,"column":45}},"type":"binary-expr","locations":[{"start":{"line":124,"column":23},"end":{"line":124,"column":31}},{"start":{"line":124,"column":35},"end":{"line":124,"column":45}}]},"9":{"loc":{"start":{"line":142,"column":4},"end":{"line":145,"column":5}},"type":"if","locations":[{"start":{"line":142,"column":4},"end":{"line":145,"column":5}},{"start":{},"end":{}}]},"10":{"loc":{"start":{"line":168,"column":4},"end":{"line":177,"column":5}},"type":"if","locations":[{"start":{"line":168,"column":4},"end":{"line":177,"column":5}},{"start":{},"end":{}}]},"11":{"loc":{"start":{"line":181,"column":6},"end":{"line":191,"column":7}},"type":"if","locations":[{"start":{"line":181,"column":6},"end":{"line":191,"column":7}},{"start":{},"end":{}}]},"12":{"loc":{"start":{"line":187,"column":29},"end":{"line":187,"column":79}},"type":"binary-expr","locations":[{"start":{"line":187,"column":29},"end":{"line":187,"column":50}},{"start":{"line":187,"column":54},"end":{"line":187,"column":79}}]},"13":{"loc":{"start":{"line":193,"column":27},"end":{"line":193,"column":48}},"type":"binary-expr","locations":[{"start":{"line":193,"column":27},"end":{"line":193,"column":42}},{"start":{"line":193,"column":46},"end":{"line":193,"column":48}}]},"14":{"loc":{"start":{"line":204,"column":8},"end":{"line":210,"column":9}},"type":"if","locations":[{"start":{"line":204,"column":8},"end":{"line":210,"column":9}},{"start":{},"end":{}}]},"15":{"loc":{"start":{"line":212,"column":30},"end":{"line":212,"column":51}},"type":"binary-expr","locations":[{"start":{"line":212,"column":30},"end":{"line":212,"column":45}},{"start":{"line":212,"column":49},"end":{"line":212,"column":51}}]},"16":{"loc":{"start":{"line":213,"column":10},"end":{"line":219,"column":11}},"type":"if","locations":[{"start":{"line":213,"column":10},"end":{"line":219,"column":11}},{"start":{},"end":{}}]},"17":{"loc":{"start":{"line":213,"column":14},"end":{"line":213,"column":59}},"type":"binary-expr","locations":[{"start":{"line":213,"column":14},"end":{"line":213,"column":40}},{"start":{"line":213,"column":44},"end":{"line":213,"column":59}}]},"18":{"loc":{"start":{"line":221,"column":10},"end":{"line":230,"column":11}},"type":"if","locations":[{"start":{"line":221,"column":10},"end":{"line":230,"column":11}},{"start":{},"end":{}}]},"19":{"loc":{"start":{"line":221,"column":14},"end":{"line":221,"column":56}},"type":"binary-expr","locations":[{"start":{"line":221,"column":14},"end":{"line":221,"column":37}},{"start":{"line":221,"column":41},"end":{"line":221,"column":56}}]},"20":{"loc":{"start":{"line":227,"column":12},"end":{"line":229,"column":13}},"type":"if","locations":[{"start":{"line":227,"column":12},"end":{"line":229,"column":13}},{"start":{},"end":{}}]},"21":{"loc":{"start":{"line":233,"column":8},"end":{"line":243,"column":9}},"type":"if","locations":[{"start":{"line":233,"column":8},"end":{"line":243,"column":9}},{"start":{},"end":{}}]},"22":{"loc":{"start":{"line":235,"column":10},"end":{"line":242,"column":11}},"type":"if","locations":[{"start":{"line":235,"column":10},"end":{"line":242,"column":11}},{"start":{},"end":{}}]},"23":{"loc":{"start":{"line":239,"column":27},"end":{"line":239,"column":70}},"type":"binary-expr","locations":[{"start":{"line":239,"column":27},"end":{"line":239,"column":44}},{"start":{"line":239,"column":48},"end":{"line":239,"column":70}}]},"24":{"loc":{"start":{"line":245,"column":8},"end":{"line":255,"column":9}},"type":"if","locations":[{"start":{"line":245,"column":8},"end":{"line":255,"column":9}},{"start":{},"end":{}}]},"25":{"loc":{"start":{"line":247,"column":10},"end":{"line":254,"column":11}},"type":"if","locations":[{"start":{"line":247,"column":10},"end":{"line":254,"column":11}},{"start":{},"end":{}}]},"26":{"loc":{"start":{"line":251,"column":27},"end":{"line":251,"column":76}},"type":"binary-expr","locations":[{"start":{"line":251,"column":27},"end":{"line":251,"column":50}},{"start":{"line":251,"column":54},"end":{"line":251,"column":76}}]},"27":{"loc":{"start":{"line":257,"column":8},"end":{"line":280,"column":9}},"type":"if","locations":[{"start":{"line":257,"column":8},"end":{"line":280,"column":9}},{"start":{},"end":{}}]},"28":{"loc":{"start":{"line":259,"column":10},"end":{"line":266,"column":11}},"type":"if","locations":[{"start":{"line":259,"column":10},"end":{"line":266,"column":11}},{"start":{},"end":{}}]},"29":{"loc":{"start":{"line":262,"column":27},"end":{"line":262,"column":81}},"type":"cond-expr","locations":[{"start":{"line":262,"column":51},"end":{"line":262,"column":71}},{"start":{"line":262,"column":74},"end":{"line":262,"column":81}}]},"30":{"loc":{"start":{"line":263,"column":27},"end":{"line":263,"column":71}},"type":"binary-expr","locations":[{"start":{"line":263,"column":27},"end":{"line":263,"column":45}},{"start":{"line":263,"column":49},"end":{"line":263,"column":71}}]},"31":{"loc":{"start":{"line":268,"column":10},"end":{"line":279,"column":11}},"type":"if","locations":[{"start":{"line":268,"column":10},"end":{"line":279,"column":11}},{"start":{},"end":{}}]},"32":{"loc":{"start":{"line":273,"column":29},"end":{"line":273,"column":87}},"type":"cond-expr","locations":[{"start":{"line":273,"column":53},"end":{"line":273,"column":72}},{"start":{"line":273,"column":75},"end":{"line":273,"column":87}}]},"33":{"loc":{"start":{"line":275,"column":29},"end":{"line":275,"column":84}},"type":"binary-expr","locations":[{"start":{"line":275,"column":29},"end":{"line":275,"column":42}},{"start":{"line":275,"column":46},"end":{"line":275,"column":58}},{"start":{"line":275,"column":62},"end":{"line":275,"column":84}}]},"34":{"loc":{"start":{"line":308,"column":13},"end":{"line":308,"column":30}},"type":"binary-expr","locations":[{"start":{"line":308,"column":13},"end":{"line":308,"column":24}},{"start":{"line":308,"column":28},"end":{"line":308,"column":30}}]},"35":{"loc":{"start":{"line":321,"column":50},"end":{"line":321,"column":74}},"type":"binary-expr","locations":[{"start":{"line":321,"column":50},"end":{"line":321,"column":68}},{"start":{"line":321,"column":72},"end":{"line":321,"column":74}}]},"36":{"loc":{"start":{"line":341,"column":4},"end":{"line":343,"column":5}},"type":"if","locations":[{"start":{"line":341,"column":4},"end":{"line":343,"column":5}},{"start":{},"end":{}}]},"37":{"loc":{"start":{"line":350,"column":26},"end":{"line":350,"column":52}},"type":"binary-expr","locations":[{"start":{"line":350,"column":26},"end":{"line":350,"column":46}},{"start":{"line":350,"column":50},"end":{"line":350,"column":52}}]},"38":{"loc":{"start":{"line":354,"column":29},"end":{"line":354,"column":67}},"type":"binary-expr","locations":[{"start":{"line":354,"column":29},"end":{"line":354,"column":50}},{"start":{"line":354,"column":54},"end":{"line":354,"column":67}}]},"39":{"loc":{"start":{"line":355,"column":8},"end":{"line":357,"column":9}},"type":"if","locations":[{"start":{"line":355,"column":8},"end":{"line":357,"column":9}},{"start":{},"end":{}}]},"40":{"loc":{"start":{"line":365,"column":16},"end":{"line":365,"column":40}},"type":"binary-expr","locations":[{"start":{"line":365,"column":16},"end":{"line":365,"column":34}},{"start":{"line":365,"column":38},"end":{"line":365,"column":40}}]},"41":{"loc":{"start":{"line":376,"column":10},"end":{"line":386,"column":11}},"type":"if","locations":[{"start":{"line":376,"column":10},"end":{"line":386,"column":11}},{"start":{},"end":{}}]},"42":{"loc":{"start":{"line":380,"column":23},"end":{"line":380,"column":60}},"type":"binary-expr","locations":[{"start":{"line":380,"column":23},"end":{"line":380,"column":41}},{"start":{"line":380,"column":45},"end":{"line":380,"column":60}}]},"43":{"loc":{"start":{"line":405,"column":21},"end":{"line":405,"column":43}},"type":"binary-expr","locations":[{"start":{"line":405,"column":21},"end":{"line":405,"column":37}},{"start":{"line":405,"column":41},"end":{"line":405,"column":43}}]},"44":{"loc":{"start":{"line":406,"column":19},"end":{"line":406,"column":55}},"type":"binary-expr","locations":[{"start":{"line":406,"column":19},"end":{"line":406,"column":34}},{"start":{"line":406,"column":38},"end":{"line":406,"column":55}}]},"45":{"loc":{"start":{"line":411,"column":19},"end":{"line":411,"column":65}},"type":"binary-expr","locations":[{"start":{"line":411,"column":19},"end":{"line":411,"column":39}},{"start":{"line":411,"column":43},"end":{"line":411,"column":65}}]},"46":{"loc":{"start":{"line":414,"column":18},"end":{"line":414,"column":92}},"type":"binary-expr","locations":[{"start":{"line":414,"column":18},"end":{"line":414,"column":48}},{"start":{"line":414,"column":52},"end":{"line":414,"column":92}}]},"47":{"loc":{"start":{"line":417,"column":6},"end":{"line":434,"column":7}},"type":"if","locations":[{"start":{"line":417,"column":6},"end":{"line":434,"column":7}},{"start":{},"end":{}}]},"48":{"loc":{"start":{"line":419,"column":8},"end":{"line":421,"column":9}},"type":"if","locations":[{"start":{"line":419,"column":8},"end":{"line":421,"column":9}},{"start":{},"end":{}}]},"49":{"loc":{"start":{"line":424,"column":21},"end":{"line":424,"column":46}},"type":"binary-expr","locations":[{"start":{"line":424,"column":21},"end":{"line":424,"column":40}},{"start":{"line":424,"column":44},"end":{"line":424,"column":46}}]},"50":{"loc":{"start":{"line":425,"column":8},"end":{"line":427,"column":9}},"type":"if","locations":[{"start":{"line":425,"column":8},"end":{"line":427,"column":9}},{"start":{},"end":{}}]},"51":{"loc":{"start":{"line":436,"column":6},"end":{"line":443,"column":7}},"type":"if","locations":[{"start":{"line":436,"column":6},"end":{"line":443,"column":7}},{"start":{},"end":{}}]},"52":{"loc":{"start":{"line":436,"column":10},"end":{"line":436,"column":73}},"type":"binary-expr","locations":[{"start":{"line":436,"column":10},"end":{"line":436,"column":38}},{"start":{"line":436,"column":42},"end":{"line":436,"column":73}}]},"53":{"loc":{"start":{"line":452,"column":32},"end":{"line":452,"column":50}},"type":"binary-expr","locations":[{"start":{"line":452,"column":32},"end":{"line":452,"column":40}},{"start":{"line":452,"column":44},"end":{"line":452,"column":50}}]},"54":{"loc":{"start":{"line":455,"column":6},"end":{"line":459,"column":7}},"type":"if","locations":[{"start":{"line":455,"column":6},"end":{"line":459,"column":7}},{"start":{},"end":{}}]},"55":{"loc":{"start":{"line":472,"column":6},"end":{"line":472,"column":64}},"type":"cond-expr","locations":[{"start":{"line":472,"column":37},"end":{"line":472,"column":52}},{"start":{"line":472,"column":55},"end":{"line":472,"column":64}}]},"56":{"loc":{"start":{"line":474,"column":4},"end":{"line":476,"column":5}},"type":"if","locations":[{"start":{"line":474,"column":4},"end":{"line":476,"column":5}},{"start":{},"end":{}}]},"57":{"loc":{"start":{"line":474,"column":8},"end":{"line":474,"column":37}},"type":"binary-expr","locations":[{"start":{"line":474,"column":8},"end":{"line":474,"column":20}},{"start":{"line":474,"column":24},"end":{"line":474,"column":37}}]},"58":{"loc":{"start":{"line":479,"column":4},"end":{"line":481,"column":5}},"type":"if","locations":[{"start":{"line":479,"column":4},"end":{"line":481,"column":5}},{"start":{},"end":{}}]},"59":{"loc":{"start":{"line":491,"column":4},"end":{"line":499,"column":5}},"type":"if","locations":[{"start":{"line":491,"column":4},"end":{"line":499,"column":5}},{"start":{},"end":{}}]},"60":{"loc":{"start":{"line":492,"column":6},"end":{"line":494,"column":34}},"type":"binary-expr","locations":[{"start":{"line":492,"column":6},"end":{"line":492,"column":35}},{"start":{"line":493,"column":6},"end":{"line":493,"column":34}},{"start":{"line":494,"column":6},"end":{"line":494,"column":34}}]},"61":{"loc":{"start":{"line":501,"column":4},"end":{"line":503,"column":5}},"type":"if","locations":[{"start":{"line":501,"column":4},"end":{"line":503,"column":5}},{"start":{},"end":{}}]},"62":{"loc":{"start":{"line":522,"column":6},"end":{"line":522,"column":64}},"type":"cond-expr","locations":[{"start":{"line":522,"column":37},"end":{"line":522,"column":52}},{"start":{"line":522,"column":55},"end":{"line":522,"column":64}}]},"63":{"loc":{"start":{"line":524,"column":4},"end":{"line":526,"column":5}},"type":"if","locations":[{"start":{"line":524,"column":4},"end":{"line":526,"column":5}},{"start":{},"end":{}}]},"64":{"loc":{"start":{"line":524,"column":8},"end":{"line":524,"column":37}},"type":"binary-expr","locations":[{"start":{"line":524,"column":8},"end":{"line":524,"column":20}},{"start":{"line":524,"column":24},"end":{"line":524,"column":37}}]},"65":{"loc":{"start":{"line":537,"column":4},"end":{"line":539,"column":5}},"type":"if","locations":[{"start":{"line":537,"column":4},"end":{"line":539,"column":5}},{"start":{},"end":{}}]},"66":{"loc":{"start":{"line":538,"column":47},"end":{"line":538,"column":77}},"type":"binary-expr","locations":[{"start":{"line":538,"column":47},"end":{"line":538,"column":59}},{"start":{"line":538,"column":63},"end":{"line":538,"column":77}}]},"67":{"loc":{"start":{"line":549,"column":4},"end":{"line":554,"column":5}},"type":"if","locations":[{"start":{"line":549,"column":4},"end":{"line":554,"column":5}},{"start":{},"end":{}}]},"68":{"loc":{"start":{"line":556,"column":4},"end":{"line":563,"column":5}},"type":"if","locations":[{"start":{"line":556,"column":4},"end":{"line":563,"column":5}},{"start":{},"end":{}}]},"69":{"loc":{"start":{"line":556,"column":8},"end":{"line":556,"column":51}},"type":"binary-expr","locations":[{"start":{"line":556,"column":8},"end":{"line":556,"column":22}},{"start":{"line":556,"column":26},"end":{"line":556,"column":51}}]},"70":{"loc":{"start":{"line":582,"column":22},"end":{"line":582,"column":76}},"type":"cond-expr","locations":[{"start":{"line":582,"column":50},"end":{"line":582,"column":62}},{"start":{"line":582,"column":65},"end":{"line":582,"column":76}}]},"71":{"loc":{"start":{"line":588,"column":16},"end":{"line":588,"column":66}},"type":"binary-expr","locations":[{"start":{"line":588,"column":16},"end":{"line":588,"column":24}},{"start":{"line":588,"column":29},"end":{"line":588,"column":65}}]},"72":{"loc":{"start":{"line":588,"column":29},"end":{"line":588,"column":65}},"type":"cond-expr","locations":[{"start":{"line":588,"column":57},"end":{"line":588,"column":60}},{"start":{"line":588,"column":63},"end":{"line":588,"column":65}}]},"73":{"loc":{"start":{"line":591,"column":19},"end":{"line":591,"column":64}},"type":"cond-expr","locations":[{"start":{"line":591,"column":32},"end":{"line":591,"column":52}},{"start":{"line":591,"column":55},"end":{"line":591,"column":64}}]},"74":{"loc":{"start":{"line":600,"column":22},"end":{"line":600,"column":43}},"type":"binary-expr","locations":[{"start":{"line":600,"column":22},"end":{"line":600,"column":36}},{"start":{"line":600,"column":40},"end":{"line":600,"column":43}}]},"75":{"loc":{"start":{"line":629,"column":2},"end":{"line":631,"column":3}},"type":"if","locations":[{"start":{"line":629,"column":2},"end":{"line":631,"column":3}},{"start":{},"end":{}}]},"76":{"loc":{"start":{"line":639,"column":11},"end":{"line":639,"column":63}},"type":"binary-expr","locations":[{"start":{"line":639,"column":11},"end":{"line":639,"column":21}},{"start":{"line":639,"column":25},"end":{"line":639,"column":37}},{"start":{"line":639,"column":41},"end":{"line":639,"column":55}},{"start":{"line":639,"column":59},"end":{"line":639,"column":63}}]},"77":{"loc":{"start":{"line":654,"column":4},"end":{"line":658,"column":38}},"type":"cond-expr","locations":[{"start":{"line":655,"column":8},"end":{"line":655,"column":15}},{"start":{"line":656,"column":8},"end":{"line":658,"column":38}}]},"78":{"loc":{"start":{"line":654,"column":4},"end":{"line":654,"column":37}},"type":"binary-expr","locations":[{"start":{"line":654,"column":4},"end":{"line":654,"column":11}},{"start":{"line":654,"column":15},"end":{"line":654,"column":37}}]},"79":{"loc":{"start":{"line":656,"column":8},"end":{"line":658,"column":38}},"type":"cond-expr","locations":[{"start":{"line":657,"column":10},"end":{"line":657,"column":19}},{"start":{"line":658,"column":10},"end":{"line":658,"column":38}}]},"80":{"loc":{"start":{"line":664,"column":13},"end":{"line":664,"column":69}},"type":"cond-expr","locations":[{"start":{"line":664,"column":31},"end":{"line":664,"column":57}},{"start":{"line":664,"column":60},"end":{"line":664,"column":69}}]},"81":{"loc":{"start":{"line":682,"column":4},"end":{"line":687,"column":101}},"type":"cond-expr","locations":[{"start":{"line":683,"column":8},"end":{"line":686,"column":null}},{"start":{"line":687,"column":8},"end":{"line":687,"column":101}}]},"82":{"loc":{"start":{"line":701,"column":2},"end":{"line":703,"column":3}},"type":"if","locations":[{"start":{"line":701,"column":2},"end":{"line":703,"column":3}},{"start":{},"end":{}}]},"83":{"loc":{"start":{"line":701,"column":6},"end":{"line":701,"column":60}},"type":"binary-expr","locations":[{"start":{"line":701,"column":6},"end":{"line":701,"column":22}},{"start":{"line":701,"column":26},"end":{"line":701,"column":60}}]},"84":{"loc":{"start":{"line":705,"column":2},"end":{"line":710,"column":3}},"type":"if","locations":[{"start":{"line":705,"column":2},"end":{"line":710,"column":3}},{"start":{},"end":{}}]},"85":{"loc":{"start":{"line":706,"column":4},"end":{"line":707,"column":46}},"type":"binary-expr","locations":[{"start":{"line":706,"column":4},"end":{"line":706,"column":38}},{"start":{"line":707,"column":4},"end":{"line":707,"column":46}}]},"86":{"loc":{"start":{"line":713,"column":4},"end":{"line":714,"column":71}},"type":"binary-expr","locations":[{"start":{"line":713,"column":4},"end":{"line":713,"column":22}},{"start":{"line":714,"column":4},"end":{"line":714,"column":71}}]},"87":{"loc":{"start":{"line":723,"column":22},"end":{"line":723,"column":43}},"type":"binary-expr","locations":[{"start":{"line":723,"column":22},"end":{"line":723,"column":37}},{"start":{"line":723,"column":41},"end":{"line":723,"column":43}}]},"88":{"loc":{"start":{"line":723,"column":47},"end":{"line":723,"column":67}},"type":"binary-expr","locations":[{"start":{"line":723,"column":47},"end":{"line":723,"column":61}},{"start":{"line":723,"column":65},"end":{"line":723,"column":67}}]},"89":{"loc":{"start":{"line":723,"column":71},"end":{"line":723,"column":89}},"type":"binary-expr","locations":[{"start":{"line":723,"column":71},"end":{"line":723,"column":83}},{"start":{"line":723,"column":87},"end":{"line":723,"column":89}}]},"90":{"loc":{"start":{"line":725,"column":30},"end":{"line":725,"column":61}},"type":"cond-expr","locations":[{"start":{"line":725,"column":56},"end":{"line":725,"column":57}},{"start":{"line":725,"column":60},"end":{"line":725,"column":61}}]},"91":{"loc":{"start":{"line":734,"column":4},"end":{"line":734,"column":59}},"type":"cond-expr","locations":[{"start":{"line":734,"column":21},"end":{"line":734,"column":47}},{"start":{"line":734,"column":50},"end":{"line":734,"column":59}}]},"92":{"loc":{"start":{"line":735,"column":4},"end":{"line":735,"column":62}},"type":"cond-expr","locations":[{"start":{"line":735,"column":22},"end":{"line":735,"column":50}},{"start":{"line":735,"column":53},"end":{"line":735,"column":62}}]},"93":{"loc":{"start":{"line":736,"column":4},"end":{"line":736,"column":59}},"type":"cond-expr","locations":[{"start":{"line":736,"column":21},"end":{"line":736,"column":47}},{"start":{"line":736,"column":50},"end":{"line":736,"column":59}}]},"94":{"loc":{"start":{"line":737,"column":4},"end":{"line":737,"column":53}},"type":"cond-expr","locations":[{"start":{"line":737,"column":19},"end":{"line":737,"column":41}},{"start":{"line":737,"column":44},"end":{"line":737,"column":53}}]},"95":{"loc":{"start":{"line":738,"column":4},"end":{"line":738,"column":51}},"type":"cond-expr","locations":[{"start":{"line":738,"column":17},"end":{"line":738,"column":39}},{"start":{"line":738,"column":42},"end":{"line":738,"column":51}}]},"96":{"loc":{"start":{"line":739,"column":4},"end":{"line":739,"column":93}},"type":"cond-expr","locations":[{"start":{"line":739,"column":22},"end":{"line":739,"column":81}},{"start":{"line":739,"column":84},"end":{"line":739,"column":93}}]},"97":{"loc":{"start":{"line":742,"column":16},"end":{"line":742,"column":43}},"type":"binary-expr","locations":[{"start":{"line":742,"column":16},"end":{"line":742,"column":31}},{"start":{"line":742,"column":35},"end":{"line":742,"column":43}}]},"98":{"loc":{"start":{"line":742,"column":46},"end":{"line":742,"column":90}},"type":"cond-expr","locations":[{"start":{"line":742,"column":63},"end":{"line":742,"column":85}},{"start":{"line":742,"column":88},"end":{"line":742,"column":90}}]},"99":{"loc":{"start":{"line":748,"column":4},"end":{"line":748,"column":68}},"type":"cond-expr","locations":[{"start":{"line":748,"column":19},"end":{"line":748,"column":56}},{"start":{"line":748,"column":59},"end":{"line":748,"column":68}}]},"100":{"loc":{"start":{"line":749,"column":4},"end":{"line":749,"column":77}},"type":"cond-expr","locations":[{"start":{"line":749,"column":24},"end":{"line":749,"column":65}},{"start":{"line":749,"column":68},"end":{"line":749,"column":77}}]}},"s":{"0":2,"1":2,"2":2,"3":2,"4":2,"5":2,"6":2,"7":2,"8":2,"9":2,"10":2,"11":2,"12":2,"13":2,"14":2,"15":2,"16":2,"17":9,"18":9,"19":9,"20":9,"21":9,"22":9,"23":2,"24":2,"25":0,"26":0,"27":7,"28":3,"29":4,"30":1,"31":3,"32":3,"33":3,"34":1,"35":2,"36":2,"37":1,"38":1,"39":1,"40":1,"41":1,"42":1,"43":1,"44":3,"45":3,"46":3,"47":1,"48":2,"49":2,"50":1,"51":5,"52":2,"53":1,"54":1,"55":1,"56":1,"57":0,"58":0,"59":0,"60":0,"61":0,"62":0,"63":0,"64":0,"65":0,"66":0,"67":0,"68":0,"69":0,"70":0,"71":0,"72":0,"73":0,"74":0,"75":0,"76":0,"77":0,"78":0,"79":0,"80":0,"81":0,"82":0,"83":0,"84":0,"85":0,"86":0,"87":0,"88":0,"89":0,"90":0,"91":0,"92":0,"93":0,"94":0,"95":0,"96":0,"97":0,"98":0,"99":0,"100":0,"101":0,"102":0,"103":0,"104":0,"105":0,"106":0,"107":0,"108":0,"109":0,"110":0,"111":0,"112":0,"113":0,"114":0,"115":0,"116":0,"117":0,"118":0,"119":0,"120":0,"121":0,"122":0,"123":0,"124":0,"125":0,"126":0,"127":0,"128":0,"129":0,"130":0,"131":0,"132":0,"133":0,"134":0,"135":0,"136":0,"137":0,"138":0,"139":0,"140":0,"141":0,"142":0,"143":0,"144":0,"145":0,"146":0,"147":0,"148":0,"149":0,"150":0,"151":0,"152":0,"153":0,"154":0,"155":0,"156":0,"157":0,"158":0,"159":0,"160":0,"161":0,"162":0,"163":0,"164":0,"165":0,"166":0,"167":0,"168":0,"169":0,"170":0,"171":0,"172":0,"173":0,"174":0,"175":0,"176":0,"177":0,"178":0,"179":0,"180":0,"181":0,"182":0,"183":0,"184":0,"185":0,"186":0,"187":0,"188":0,"189":0,"190":0,"191":0,"192":0,"193":0,"194":0,"195":0,"196":0,"197":0,"198":0,"199":0,"200":0,"201":0,"202":0,"203":0,"204":0,"205":0,"206":0,"207":0,"208":0,"209":0,"210":0,"211":0,"212":0,"213":0,"214":0,"215":0,"216":0,"217":0,"218":0,"219":0,"220":0,"221":0,"222":0,"223":0,"224":0,"225":0,"226":0,"227":2,"228":2,"229":0,"230":0,"231":0,"232":0,"233":4,"234":7,"235":7,"236":2,"237":5,"238":5,"239":4,"240":1,"241":5,"242":5,"243":5,"244":3,"245":92,"246":3,"247":92,"248":3,"249":18,"250":3,"251":1,"252":1,"253":88,"254":3,"255":190,"256":1,"257":189,"258":5,"259":184,"260":183,"261":183,"262":568,"263":89,"264":89,"265":2,"266":9},"f":{"0":9,"1":2,"2":7,"3":1,"4":3,"5":5,"6":2,"7":0,"8":0,"9":0,"10":0,"11":0,"12":0,"13":0,"14":0,"15":0,"16":0,"17":0,"18":0,"19":0,"20":0,"21":0,"22":0,"23":0,"24":0,"25":0,"26":0,"27":0,"28":0,"29":0,"30":0,"31":0,"32":0,"33":0,"34":0,"35":0,"36":4,"37":7,"38":5,"39":3,"40":92,"41":92,"42":18,"43":1,"44":1,"45":88,"46":190,"47":183,"48":568,"49":89,"50":2,"51":9},"b":{"0":[9,0],"1":[2],"2":[2,0],"3":[3,4],"4":[1,3],"5":[1,2],"6":[1,0],"7":[1,2],"8":[5,3],"9":[0,0],"10":[0,0],"11":[0,0],"12":[0,0],"13":[0,0],"14":[0,0],"15":[0,0],"16":[0,0],"17":[0,0],"18":[0,0],"19":[0,0],"20":[0,0],"21":[0,0],"22":[0,0],"23":[0,0],"24":[0,0],"25":[0,0],"26":[0,0],"27":[0,0],"28":[0,0],"29":[0,0],"30":[0,0],"31":[0,0],"32":[0,0],"33":[0,0,0],"34":[0,0],"35":[0,0],"36":[0,0],"37":[0,0],"38":[0,0],"39":[0,0],"40":[0,0],"41":[0,0],"42":[0,0],"43":[0,0],"44":[0,0],"45":[0,0],"46":[0,0],"47":[0,0],"48":[0,0],"49":[0,0],"50":[0,0],"51":[0,0],"52":[0,0],"53":[0,0],"54":[0,0],"55":[0,0],"56":[0,0],"57":[0,0],"58":[0,0],"59":[0,0],"60":[0,0,0],"61":[0,0],"62":[0,0],"63":[0,0],"64":[0,0],"65":[0,0],"66":[0,0],"67":[0,0],"68":[0,0],"69":[0,0],"70":[0,0],"71":[0,0],"72":[0,0],"73":[0,0],"74":[0,0],"75":[2,5],"76":[4,3,2,1],"77":[1,4],"78":[5,3],"79":[2,2],"80":[1,4],"81":[1,2],"82":[1,189],"83":[190,3],"84":[5,184],"85":[189,16],"86":[184,3],"87":[183,0],"88":[183,179],"89":[183,180],"90":[24,544],"91":[1,88],"92":[88,1],"93":[2,87],"94":[1,88],"95":[1,88],"96":[1,88],"97":[89,1],"98":[2,87],"99":[1,1],"100":[1,1]}}
,"C:\\Users\\rykup\\source\\repos\\AI-LMS-Tool\\api\\src\\conversation\\conversation.controller.ts": {"path":"C:\\Users\\rykup\\source\\repos\\AI-LMS-Tool\\api\\src\\conversation\\conversation.controller.ts","statementMap":{"0":{"start":{"line":1,"column":0},"end":{"line":1,"column":null}},"1":{"start":{"line":12,"column":0},"end":{"line":12,"column":61}},"2":{"start":{"line":13,"column":0},"end":{"line":13,"column":70}},"3":{"start":{"line":14,"column":0},"end":{"line":14,"column":67}},"4":{"start":{"line":15,"column":0},"end":{"line":15,"column":90}},"5":{"start":{"line":16,"column":0},"end":{"line":16,"column":79}},"6":{"start":{"line":17,"column":0},"end":{"line":17,"column":83}},"7":{"start":{"line":18,"column":0},"end":{"line":18,"column":81}},"8":{"start":{"line":19,"column":0},"end":{"line":19,"column":66}},"9":{"start":{"line":20,"column":0},"end":{"line":20,"column":70}},"10":{"start":{"line":23,"column":7},"end":{"line":122,"column":null}},"11":{"start":{"line":24,"column":31},"end":{"line":24,"column":52}},"12":{"start":{"line":28,"column":4},"end":{"line":31,"column":6}},"13":{"start":{"line":36,"column":4},"end":{"line":36,"column":80}},"14":{"start":{"line":46,"column":4},"end":{"line":50,"column":6}},"15":{"start":{"line":59,"column":25},"end":{"line":61,"column":null}},"16":{"start":{"line":64,"column":4},"end":{"line":64,"column":56}},"17":{"start":{"line":69,"column":4},"end":{"line":73,"column":6}},"18":{"start":{"line":85,"column":4},"end":{"line":90,"column":6}},"19":{"start":{"line":98,"column":4},"end":{"line":98,"column":71}},"20":{"start":{"line":107,"column":4},"end":{"line":111,"column":6}},"21":{"start":{"line":119,"column":4},"end":{"line":119,"column":78}},"22":{"start":{"line":120,"column":4},"end":{"line":120,"column":29}},"23":{"start":{"line":23,"column":13},"end":{"line":23,"column":35}},"24":{"start":{"line":27,"column":2},"end":{"line":32,"column":null}},"25":{"start":{"line":35,"column":2},"end":{"line":37,"column":null}},"26":{"start":{"line":45,"column":2},"end":{"line":51,"column":null}},"27":{"start":{"line":58,"column":8},"end":{"line":65,"column":null}},"28":{"start":{"line":68,"column":2},"end":{"line":74,"column":null}},"29":{"start":{"line":81,"column":2},"end":{"line":91,"column":null}},"30":{"start":{"line":94,"column":2},"end":{"line":99,"column":null}},"31":{"start":{"line":102,"column":2},"end":{"line":112,"column":null}},"32":{"start":{"line":115,"column":8},"end":{"line":121,"column":null}},"33":{"start":{"line":23,"column":13},"end":{"line":122,"column":null}}},"fnMap":{"0":{"name":"(anonymous_4)","decl":{"start":{"line":24,"column":2},"end":{"line":24,"column":31}},"loc":{"start":{"line":24,"column":71},"end":{"line":24,"column":75}}},"1":{"name":"(anonymous_5)","decl":{"start":{"line":27,"column":2},"end":{"line":27,"column":6}},"loc":{"start":{"line":27,"column":48},"end":{"line":32,"column":3}}},"2":{"name":"(anonymous_6)","decl":{"start":{"line":35,"column":2},"end":{"line":35,"column":8}},"loc":{"start":{"line":35,"column":43},"end":{"line":37,"column":3}}},"3":{"name":"(anonymous_7)","decl":{"start":{"line":45,"column":2},"end":{"line":45,"column":6}},"loc":{"start":{"line":45,"column":39},"end":{"line":51,"column":3}}},"4":{"name":"(anonymous_8)","decl":{"start":{"line":58,"column":8},"end":{"line":58,"column":18}},"loc":{"start":{"line":58,"column":65},"end":{"line":65,"column":3}}},"5":{"name":"(anonymous_9)","decl":{"start":{"line":68,"column":2},"end":{"line":68,"column":8}},"loc":{"start":{"line":68,"column":52},"end":{"line":74,"column":3}}},"6":{"name":"(anonymous_10)","decl":{"start":{"line":81,"column":2},"end":{"line":81,"column":13}},"loc":{"start":{"line":83,"column":39},"end":{"line":91,"column":3}}},"7":{"name":"(anonymous_11)","decl":{"start":{"line":94,"column":2},"end":{"line":94,"column":9}},"loc":{"start":{"line":96,"column":46},"end":{"line":99,"column":3}}},"8":{"name":"(anonymous_12)","decl":{"start":{"line":102,"column":2},"end":{"line":102,"column":8}},"loc":{"start":{"line":105,"column":38},"end":{"line":112,"column":3}}},"9":{"name":"(anonymous_13)","decl":{"start":{"line":115,"column":8},"end":{"line":115,"column":14}},"loc":{"start":{"line":117,"column":46},"end":{"line":121,"column":3}}}},"branchMap":{"0":{"loc":{"start":{"line":64,"column":29},"end":{"line":64,"column":53}},"type":"binary-expr","locations":[{"start":{"line":64,"column":29},"end":{"line":64,"column":45}},{"start":{"line":64,"column":49},"end":{"line":64,"column":53}}]},"1":{"loc":{"start":{"line":88,"column":6},"end":{"line":88,"column":23}},"type":"binary-expr","locations":[{"start":{"line":88,"column":6},"end":{"line":88,"column":17}},{"start":{"line":88,"column":21},"end":{"line":88,"column":23}}]},"2":{"loc":{"start":{"line":89,"column":6},"end":{"line":89,"column":55}},"type":"cond-expr","locations":[{"start":{"line":89,"column":21},"end":{"line":89,"column":43}},{"start":{"line":89,"column":46},"end":{"line":89,"column":55}}]}},"s":{"0":1,"1":1,"2":1,"3":1,"4":1,"5":1,"6":1,"7":1,"8":1,"9":1,"10":1,"11":7,"12":0,"13":0,"14":0,"15":3,"16":3,"17":0,"18":3,"19":0,"20":0,"21":1,"22":1,"23":1,"24":1,"25":1,"26":1,"27":1,"28":1,"29":1,"30":1,"31":1,"32":1,"33":1},"f":{"0":7,"1":0,"2":0,"3":0,"4":3,"5":0,"6":3,"7":0,"8":0,"9":1},"b":{"0":[3,2],"1":[3,1],"2":[1,2]}}
,"C:\\Users\\rykup\\source\\repos\\AI-LMS-Tool\\api\\src\\conversation\\conversation.module.ts": {"path":"C:\\Users\\rykup\\source\\repos\\AI-LMS-Tool\\api\\src\\conversation\\conversation.module.ts","statementMap":{"0":{"start":{"line":1,"column":0},"end":{"line":1,"column":40}},"1":{"start":{"line":2,"column":0},"end":{"line":2,"column":48}},"2":{"start":{"line":3,"column":0},"end":{"line":3,"column":67}},"3":{"start":{"line":4,"column":0},"end":{"line":4,"column":61}},"4":{"start":{"line":5,"column":0},"end":{"line":5,"column":62}},"5":{"start":{"line":6,"column":0},"end":{"line":6,"column":52}},"6":{"start":{"line":14,"column":7},"end":{"line":14,"column":null}},"7":{"start":{"line":14,"column":13},"end":{"line":14,"column":31}},"8":{"start":{"line":14,"column":13},"end":{"line":14,"column":null}}},"fnMap":{},"branchMap":{},"s":{"0":0,"1":0,"2":0,"3":0,"4":0,"5":0,"6":0,"7":0,"8":0},"f":{},"b":{}}
,"C:\\Users\\rykup\\source\\repos\\AI-LMS-Tool\\api\\src\\conversation\\conversation.service.ts": {"path":"C:\\Users\\rykup\\source\\repos\\AI-LMS-Tool\\api\\src\\conversation\\conversation.service.ts","statementMap":{"0":{"start":{"line":1,"column":0},"end":{"line":1,"column":null}},"1":{"start":{"line":7,"column":0},"end":{"line":7,"column":51}},"2":{"start":{"line":8,"column":0},"end":{"line":8,"column":47}},"3":{"start":{"line":9,"column":0},"end":{"line":9,"column":null}},"4":{"start":{"line":13,"column":0},"end":{"line":13,"column":65}},"5":{"start":{"line":62,"column":7},"end":{"line":437,"column":null}},"6":{"start":{"line":65,"column":21},"end":{"line":65,"column":39}},"7":{"start":{"line":67,"column":21},"end":{"line":67,"column":34}},"8":{"start":{"line":75,"column":17},"end":{"line":75,"column":42}},"9":{"start":{"line":76,"column":24},"end":{"line":76,"column":54}},"10":{"start":{"line":77,"column":27},"end":{"line":77,"column":51}},"11":{"start":{"line":78,"column":4},"end":{"line":80,"column":5}},"12":{"start":{"line":79,"column":6},"end":{"line":79,"column":76}},"13":{"start":{"line":82,"column":18},"end":{"line":82,"column":67}},"14":{"start":{"line":83,"column":25},"end":{"line":93,"column":6}},"15":{"start":{"line":95,"column":4},"end":{"line":95,"column":52}},"16":{"start":{"line":99,"column":25},"end":{"line":103,"column":6}},"17":{"start":{"line":105,"column":4},"end":{"line":107,"column":5}},"18":{"start":{"line":106,"column":6},"end":{"line":106,"column":66}},"19":{"start":{"line":109,"column":4},"end":{"line":109,"column":24}},"20":{"start":{"line":116,"column":4},"end":{"line":122,"column":16}},"21":{"start":{"line":130,"column":17},"end":{"line":130,"column":42}},"22":{"start":{"line":131,"column":24},"end":{"line":131,"column":54}},"23":{"start":{"line":132,"column":18},"end":{"line":132,"column":77}},"24":{"start":{"line":134,"column":40},"end":{"line":134,"column":44}},"25":{"start":{"line":135,"column":4},"end":{"line":144,"column":5}},"26":{"start":{"line":136,"column":6},"end":{"line":136,"column":76}},"27":{"start":{"line":137,"column":11},"end":{"line":144,"column":5}},"28":{"start":{"line":138,"column":6},"end":{"line":143,"colum
[...]
"end":{"line":255,"column":28}},{"start":{"line":255,"column":32},"end":{"line":255,"column":41}}]},"26":{"loc":{"start":{"line":263,"column":4},"end":{"line":265,"column":5}},"type":"if","locations":[{"start":{"line":263,"column":4},"end":{"line":265,"column":5}},{"start":{},"end":{}}]},"27":{"loc":{"start":{"line":278,"column":4},"end":{"line":280,"column":5}},"type":"if","locations":[{"start":{"line":278,"column":4},"end":{"line":280,"column":5}},{"start":{},"end":{}}]},"28":{"loc":{"start":{"line":282,"column":4},"end":{"line":284,"column":5}},"type":"if","locations":[{"start":{"line":282,"column":4},"end":{"line":284,"column":5}},{"start":{},"end":{}}]},"29":{"loc":{"start":{"line":308,"column":4},"end":{"line":308,"column":14}},"type":"default-arg","locations":[{"start":{"line":308,"column":12},"end":{"line":308,"column":14}}]},"30":{"loc":{"start":{"line":322,"column":4},"end":{"line":324,"column":5}},"type":"if","locations":[{"start":{"line":322,"column":4},"end":{"line":324,"column":5}},{"start":{},"end":{}}]},"31":{"loc":{"start":{"line":334,"column":6},"end":{"line":334,"column":49}},"type":"cond-expr","locations":[{"start":{"line":334,"column":16},"end":{"line":334,"column":42}},{"start":{"line":334,"column":45},"end":{"line":334,"column":49}}]},"32":{"loc":{"start":{"line":367,"column":4},"end":{"line":367,"column":17}},"type":"default-arg","locations":[{"start":{"line":367,"column":15},"end":{"line":367,"column":17}}]},"33":{"loc":{"start":{"line":427,"column":4},"end":{"line":433,"column":5}},"type":"if","locations":[{"start":{"line":427,"column":4},"end":{"line":433,"column":5}},{"start":{"line":429,"column":11},"end":{"line":433,"column":5}}]},"34":{"loc":{"start":{"line":429,"column":11},"end":{"line":433,"column":5}},"type":"if","locations":[{"start":{"line":429,"column":11},"end":{"line":433,"column":5}},{"start":{"line":431,"column":11},"end":{"line":433,"column":5}}]},"35":{"loc":{"start":{"line":440,"column":15},"end":{"line":440,"column":45}},"type":"binary-expr","locations":[{"start":{"line":440,"column":15},"end":{"line":440,"column":32}},{"start":{"line":440,"column":36},"end":{"line":440,"column":45}}]},"36":{"loc":{"start":{"line":441,"column":16},"end":{"line":443,"column":72}},"type":"cond-expr","locations":[{"start":{"line":442,"column":6},"end":{"line":442,"column":24}},{"start":{"line":443,"column":6},"end":{"line":443,"column":72}}]},"37":{"loc":{"start":{"line":443,"column":6},"end":{"line":443,"column":72}},"type":"binary-expr","locations":[{"start":{"line":443,"column":6},"end":{"line":443,"column":24}},{"start":{"line":443,"column":28},"end":{"line":443,"column":72}}]},"38":{"loc":{"start":{"line":454,"column":34},"end":{"line":454,"column":96}},"type":"cond-expr","locations":[{"start":{"line":454,"column":55},"end":{"line":454,"column":88}},{"start":{"line":454,"column":91},"end":{"line":454,"column":96}}]},"39":{"loc":{"start":{"line":454,"column":55},"end":{"line":454,"column":88}},"type":"binary-expr","locations":[{"start":{"line":454,"column":55},"end":{"line":454,"column":79}},{"start":{"line":454,"column":83},"end":{"line":454,"column":88}}]},"40":{"loc":{"start":{"line":455,"column":12},"end":{"line":455,"column":40}},"type":"binary-expr","locations":[{"start":{"line":455,"column":12},"end":{"line":455,"column":31}},{"start":{"line":455,"column":35},"end":{"line":455,"column":40}}]},"41":{"loc":{"start":{"line":462,"column":2},"end":{"line":464,"column":3}},"type":"if","locations":[{"start":{"line":462,"column":2},"end":{"line":464,"column":3}},{"start":{},"end":{}}]},"42":{"loc":{"start":{"line":462,"column":6},"end":{"line":462,"column":39}},"type":"binary-expr","locations":[{"start":{"line":462,"column":6},"end":{"line":462,"column":24}},{"start":{"line":462,"column":28},"end":{"line":462,"column":39}}]},"43":{"loc":{"start":{"line":466,"column":2},"end":{"line":468,"column":3}},"type":"if","locations":[{"start":{"line":466,"column":2},"end":{"line":468,"column":3}},{"start":{},"end":{}}]},"44":{"loc":{"start":{"line":474,"column":2},"end":{"line":476,"column":3}},"type":"if","locations":[{"start":{"line":474,"column":2},"end":{"line":476,"column":3}},{"start":{},"end":{}}]},"45":{"loc":{"start":{"line":478,"column":21},"end":{"line":478,"column":34}},"type":"binary-expr","locations":[{"start":{"line":478,"column":21},"end":{"line":478,"column":26}},{"start":{"line":478,"column":30},"end":{"line":478,"column":34}}]},"46":{"loc":{"start":{"line":488,"column":2},"end":{"line":490,"column":3}},"type":"if","locations":[{"start":{"line":488,"column":2},"end":{"line":490,"column":3}},{"start":{},"end":{}}]},"47":{"loc":{"start":{"line":492,"column":9},"end":{"line":492,"column":78}},"type":"binary-expr","locations":[{"start":{"line":492,"column":9},"end":{"line":492,"column":60}},{"start":{"line":492,"column":64},"end":{"line":492,"column":78}}]},"48":{"loc":{"start":{"line":497,"column":9},"end":{"line":497,"column":29}},"type":"binary-expr","locations":[{"start":{"line":497,"column":9},"end":{"line":497,"column":16}},{"start":{"line":497,"column":20},"end":{"line":497,"column":29}}]},"49":{"loc":{"start":{"line":504,"column":2},"end":{"line":506,"column":3}},"type":"if","locations":[{"start":{"line":504,"column":2},"end":{"line":506,"column":3}},{"start":{},"end":{}}]},"50":{"loc":{"start":{"line":504,"column":6},"end":{"line":504,"column":68}},"type":"binary-expr","locations":[{"start":{"line":504,"column":6},"end":{"line":504,"column":18}},{"start":{"line":504,"column":22},"end":{"line":504,"column":68}}]},"51":{"loc":{"start":{"line":504,"column":23},"end":{"line":504,"column":53}},"type":"binary-expr","locations":[{"start":{"line":504,"column":23},"end":{"line":504,"column":40}},{"start":{"line":504,"column":44},"end":{"line":504,"column":53}}]},"52":{"loc":{"start":{"line":511,"column":8},"end":{"line":512,"column":76}},"type":"binary-expr","locations":[{"start":{"line":511,"column":8},"end":{"line":511,"column":36}},{"start":{"line":512,"column":8},"end":{"line":512,"column":76}}]}},"s":{"0":3,"1":3,"2":3,"3":3,"4":3,"5":3,"6":24,"7":24,"8":1,"9":1,"10":1,"11":1,"12":0,"13":1,"14":1,"15":1,"16":1,"17":1,"18":0,"19":1,"20":0,"21":5,"22":5,"23":5,"24":5,"25":5,"26":3,"27":2,"28":2,"29":5,"30":4,"31":4,"32":4,"33":4,"34":4,"35":4,"36":1,"37":1,"38":0,"39":1,"40":2,"41":2,"42":5,"43":5,"44":3,"45":2,"46":0,"47":2,"48":2,"49":2,"50":2,"51":2,"52":1,"53":5,"54":4,"55":3,"56":3,"57":0,"58":3,"59":2,"60":1,"61":1,"62":2,"63":1,"64":2,"65":16,"66":16,"67":1,"68":15,"69":4,"70":11,"71":0,"72":3,"73":6,"74":5,"75":5,"76":5,"77":1,"78":5,"79":5,"80":5,"81":5,"82":151,"83":0,"84":0,"85":0,"86":0,"87":0,"88":0,"89":0,"90":0,"91":0,"92":0,"93":3,"94":2,"95":2,"96":2,"97":0,"98":0,"99":0,"100":2,"101":3,"102":3,"103":7,"104":7,"105":7,"106":8,"107":2,"108":6,"109":0,"110":6,"111":13,"112":6,"113":7,"114":7,"115":7,"116":7,"117":4,"118":3,"119":15,"120":15,"121":5,"122":4,"123":1,"124":2},"f":{"0":24,"1":1,"2":1,"3":0,"4":5,"5":2,"6":5,"7":0,"8":2,"9":2,"10":2,"11":5,"12":16,"13":0,"14":3,"15":6,"16":151,"17":0,"18":0,"19":0,"20":0,"21":0,"22":3,"23":2,"24":7,"25":8,"26":13,"27":7,"28":15,"29":5,"30":2},"b":{"0":[0],"1":[1,0],"2":[0,1],"3":[1,0],"4":[1,0],"5":[1,1],"6":[1,1],"7":[0,1],"8":[0],"9":[5,0],"10":[5,5],"11":[3,2],"12":[2,0],"13":[4,1],"14":[4,2],"15":[4,2],"16":[4,2],"17":[4,2],"18":[0,1],"19":[1,0],"20":[3,2],"21":[1,1],"22":[3,1],"23":[0,3],"24":[2,1],"25":[3,0],"26":[1,1],"27":[1,15],"28":[4,11],"29":[3],"30":[1,4],"31":[4,1],"32":[0],"33":[2,0],"34":[0,0],"35":[7,0],"36":[3,4],"37":[4,0],"38":[2,5],"39":[2,0],"40":[7,0],"41":[2,6],"42":[8,2],"43":[0,6],"44":[6,7],"45":[7,0],"46":[4,3],"47":[3,0],"48":[15,9],"49":[4,1],"50":[5,5],"51":[5,0],"52":[2,1]}}
,"C:\\Users\\rykup\\source\\repos\\AI-LMS-Tool\\api\\src\\conversation\\dto\\create-conversation.dto.ts": {"path":"C:\\Users\\rykup\\source\\repos\\AI-LMS-Tool\\api\\src\\conversation\\dto\\create-conversation.dto.ts","statementMap":{"0":{"start":{"line":1,"column":0},"end":{"line":1,"column":73}},"1":{"start":{"line":4,"column":0},"end":{"line":4,"column":13}},"2":{"start":{"line":7,"column":2},"end":{"line":7,"column":null}},"3":{"start":{"line":11,"column":2},"end":{"line":11,"column":null}},"4":{"start":{"line":15,"column":2},"end":{"line":15,"column":null}},"5":{"start":{"line":19,"column":2},"end":{"line":19,"column":null}},"6":{"start":{"line":24,"column":2},"end":{"line":24,"column":null}},"7":{"start":{"line":29,"column":2},"end":{"line":29,"column":null}},"8":{"start":{"line":33,"column":2},"end":{"line":33,"column":null}}},"fnMap":{},"branchMap":{},"s":{"0":2,"1":2,"2":2,"3":2,"4":2,"5":2,"6":2,"7":2,"8":2},"f":{},"b":{}}
,"C:\\Users\\rykup\\source\\repos\\AI-LMS-Tool\\api\\src\\conversation\\dto\\delete-conversation-query.dto.ts": {"path":"C:\\Users\\rykup\\source\\repos\\AI-LMS-Tool\\api\\src\\conversation\\dto\\delete-conversation-query.dto.ts","statementMap":{"0":{"start":{"line":1,"column":0},"end":{"line":1,"column":45}},"1":{"start":{"line":2,"column":0},"end":{"line":2,"column":41}},"2":{"start":{"line":4,"column":0},"end":{"line":4,"column":13}},"3":{"start":{"line":8,"column":2},"end":{"line":8,"column":null}},"4":{"start":{"line":5,"column":14},"end":{"line":5,"column":20}}},"fnMap":{"0":{"name":"(anonymous_2)","decl":{"start":{"line":5,"column":8},"end":{"line":5,"column":11}},"loc":{"start":{"line":5,"column":14},"end":{"line":5,"column":20}}}},"branchMap":{},"s":{"0":2,"1":2,"2":2,"3":2,"4":2},"f":{"0":2},"b":{}}
,"C:\\Users\\rykup\\source\\repos\\AI-LMS-Tool\\api\\src\\conversation\\dto\\find-active-conversation-query.dto.ts": {"path":"C:\\Users\\rykup\\source\\repos\\AI-LMS-Tool\\api\\src\\conversation\\dto\\find-active-conversation-query.dto.ts","statementMap":{"0":{"start":{"line":1,"column":0},"end":{"line":1,"column":45}},"1":{"start":{"line":2,"column":0},"end":{"line":2,"column":41}},"2":{"start":{"line":4,"column":0},"end":{"line":4,"column":13}},"3":{"start":{"line":8,"column":2},"end":{"line":8,"column":null}},"4":{"start":{"line":5,"column":14},"end":{"line":5,"column":20}},"5":{"start":{"line":13,"column":2},"end":{"line":13,"column":null}},"6":{"start":{"line":10,"column":14},"end":{"line":10,"column":20}}},"fnMap":{"0":{"name":"(anonymous_2)","decl":{"start":{"line":5,"column":8},"end":{"line":5,"column":11}},"loc":{"start":{"line":5,"column":14},"end":{"line":5,"column":20}}},"1":{"name":"(anonymous_3)","decl":{"start":{"line":10,"column":8},"end":{"line":10,"column":11}},"loc":{"start":{"line":10,"column":14},"end":{"line":10,"column":20}}}},"branchMap":{},"s":{"0":2,"1":2,"2":2,"3":2,"4":3,"5":2,"6":3},"f":{"0":3,"1":3},"b":{}}
,"C:\\Users\\rykup\\source\\repos\\AI-LMS-Tool\\api\\src\\conversation\\dto\\get-messages-query.dto.ts": {"path":"C:\\Users\\rykup\\source\\repos\\AI-LMS-Tool\\api\\src\\conversation\\dto\\get-messages-query.dto.ts","statementMap":{"0":{"start":{"line":1,"column":0},"end":{"line":1,"column":68}},"1":{"start":{"line":2,"column":0},"end":{"line":2,"column":41}},"2":{"start":{"line":4,"column":0},"end":{"line":4,"column":13}},"3":{"start":{"line":8,"column":2},"end":{"line":8,"column":null}},"4":{"start":{"line":5,"column":14},"end":{"line":5,"column":20}},"5":{"start":{"line":14,"column":2},"end":{"line":14,"column":null}},"6":{"start":{"line":11,"column":14},"end":{"line":11,"column":20}},"7":{"start":{"line":19,"column":2},"end":{"line":19,"column":null}}},"fnMap":{"0":{"name":"(anonymous_2)","decl":{"start":{"line":5,"column":8},"end":{"line":5,"column":11}},"loc":{"start":{"line":5,"column":14},"end":{"line":5,"column":20}}},"1":{"name":"(anonymous_3)","decl":{"start":{"line":11,"column":8},"end":{"line":11,"column":11}},"loc":{"start":{"line":11,"column":14},"end":{"line":11,"column":20}}}},"branchMap":{},"s":{"0":2,"1":2,"2":2,"3":2,"4":6,"5":2,"6":2,"7":2},"f":{"0":6,"1":2},"b":{}}
,"C:\\Users\\rykup\\source\\repos\\AI-LMS-Tool\\api\\src\\conversation\\dto\\list-conversations-query.dto.ts": {"path":"C:\\Users\\rykup\\source\\repos\\AI-LMS-Tool\\api\\src\\conversation\\dto\\list-conversations-query.dto.ts","statementMap":{"0":{"start":{"line":1,"column":0},"end":{"line":1,"column":45}},"1":{"start":{"line":2,"column":0},"end":{"line":2,"column":41}},"2":{"start":{"line":4,"column":0},"end":{"line":4,"column":13}},"3":{"start":{"line":8,"column":2},"end":{"line":8,"column":null}},"4":{"start":{"line":5,"column":14},"end":{"line":5,"column":20}},"5":{"start":{"line":13,"column":2},"end":{"line":13,"column":null}},"6":{"start":{"line":10,"column":14},"end":{"line":10,"column":20}}},"fnMap":{"0":{"name":"(anonymous_2)","decl":{"start":{"line":5,"column":8},"end":{"line":5,"column":11}},"loc":{"start":{"line":5,"column":14},"end":{"line":5,"column":20}}},"1":{"name":"(anonymous_3)","decl":{"start":{"line":10,"column":8},"end":{"line":10,"column":11}},"loc":{"start":{"line":10,"column":14},"end":{"line":10,"column":20}}}},"branchMap":{},"s":{"0":2,"1":2,"2":2,"3":2,"4":4,"5":2,"6":4},"f":{"0":4,"1":4},"b":{}}
,"C:\\Users\\rykup\\source\\repos\\AI-LMS-Tool\\api\\src\\conversation\\dto\\open-conversation.dto.ts": {"path":"C:\\Users\\rykup\\source\\repos\\AI-LMS-Tool\\api\\src\\conversation\\dto\\open-conversation.dto.ts","statementMap":{"0":{"start":{"line":1,"column":0},"end":{"line":1,"column":73}},"1":{"start":{"line":4,"column":0},"end":{"line":4,"column":13}},"2":{"start":{"line":7,"column":2},"end":{"line":7,"column":null}},"3":{"start":{"line":11,"column":2},"end":{"line":11,"column":null}},"4":{"start":{"line":15,"column":2},"end":{"line":15,"column":null}},"5":{"start":{"line":19,"column":2},"end":{"line":19,"column":null}},"6":{"start":{"line":24,"column":2},"end":{"line":24,"column":null}},"7":{"start":{"line":29,"column":2},"end":{"line":29,"column":null}},"8":{"start":{"line":33,"column":2},"end":{"line":33,"column":null}}},"fnMap":{},"branchMap":{},"s":{"0":2,"1":2,"2":2,"3":2,"4":2,"5":2,"6":2,"7":2,"8":2},"f":{},"b":{}}
,"C:\\Users\\rykup\\source\\repos\\AI-LMS-Tool\\api\\src\\conversation\\dto\\search-conversations-query.dto.ts": {"path":"C:\\Users\\rykup\\source\\repos\\AI-LMS-Tool\\api\\src\\conversation\\dto\\search-conversations-query.dto.ts","statementMap":{"0":{"start":{"line":1,"column":0},"end":{"line":1,"column":66}},"1":{"start":{"line":2,"column":0},"end":{"line":2,"column":52}},"2":{"start":{"line":4,"column":0},"end":{"line":4,"column":13}},"3":{"start":{"line":8,"column":2},"end":{"line":8,"column":null}},"4":{"start":{"line":5,"column":14},"end":{"line":5,"column":20}},"5":{"start":{"line":13,"column":2},"end":{"line":13,"column":null}},"6":{"start":{"line":10,"column":14},"end":{"line":10,"column":20}},"7":{"start":{"line":18,"column":2},"end":{"line":18,"column":null}},"8":{"start":{"line":15,"column":29},"end":{"line":15,"column":77}}},"fnMap":{"0":{"name":"(anonymous_2)","decl":{"start":{"line":5,"column":8},"end":{"line":5,"column":11}},"loc":{"start":{"line":5,"column":14},"end":{"line":5,"column":20}}},"1":{"name":"(anonymous_3)","decl":{"start":{"line":10,"column":8},"end":{"line":10,"column":11}},"loc":{"start":{"line":10,"column":14},"end":{"line":10,"column":20}}},"2":{"name":"(anonymous_4)","decl":{"start":{"line":15,"column":13},"end":{"line":15,"column":14}},"loc":{"start":{"line":15,"column":29},"end":{"line":15,"column":77}}}},"branchMap":{"0":{"loc":{"start":{"line":15,"column":29},"end":{"line":15,"column":77}},"type":"cond-expr","locations":[{"start":{"line":15,"column":57},"end":{"line":15,"column":69}},{"start":{"line":15,"column":72},"end":{"line":15,"column":77}}]}},"s":{"0":2,"1":2,"2":2,"3":2,"4":5,"5":2,"6":5,"7":2,"8":5},"f":{"0":5,"1":5,"2":5},"b":{"0":[5,0]}}
,"C:\\Users\\rykup\\source\\repos\\AI-LMS-Tool\\api\\src\\conversation\\dto\\update-conversation.dto.ts": {"path":"C:\\Users\\rykup\\source\\repos\\AI-LMS-Tool\\api\\src\\conversation\\dto\\update-conversation.dto.ts","statementMap":{"0":{"start":{"line":1,"column":0},"end":{"line":1,"column":77}},"1":{"start":{"line":3,"column":0},"end":{"line":3,"column":13}},"2":{"start":{"line":7,"column":2},"end":{"line":7,"column":null}},"3":{"start":{"line":11,"column":2},"end":{"line":11,"column":null}}},"fnMap":{},"branchMap":{},"s":{"0":2,"1":2,"2":2,"3":2},"f":{},"b":{}}
,"C:\\Users\\rykup\\source\\repos\\AI-LMS-Tool\\api\\src\\conversation\\entities\\conversation.entity.ts": {"path":"C:\\Users\\rykup\\source\\repos\\AI-LMS-Tool\\api\\src\\conversation\\entities\\conversation.entity.ts","statementMap":{"0":{"start":{"line":1,"column":0},"end":{"line":1,"column":null}},"1":{"start":{"line":10,"column":0},"end":{"line":10,"column":43}},"2":{"start":{"line":16,"column":7},"end":{"line":57,"column":null}},"3":{"start":{"line":16,"column":13},"end":{"line":16,"column":25}},"4":{"start":{"line":18,"column":2},"end":{"line":18,"column":null}},"5":{"start":{"line":21,"column":2},"end":{"line":21,"column":null}},"6":{"start":{"line":24,"column":2},"end":{"line":24,"column":null}},"7":{"start":{"line":27,"column":2},"end":{"line":27,"column":null}},"8":{"start":{"line":30,"column":2},"end":{"line":30,"column":null}},"9":{"start":{"line":33,"column":2},"end":{"line":33,"column":null}},"10":{"start":{"line":36,"column":2},"end":{"line":36,"column":null}},"11":{"start":{"line":39,"column":2},"end":{"line":39,"column":null}},"12":{"start":{"line":42,"column":2},"end":{"line":42,"column":null}},"13":{"start":{"line":45,"column":2},"end":{"line":45,"column":null}},"14":{"start":{"line":48,"column":2},"end":{"line":48,"column":null}},"15":{"start":{"line":51,"column":2},"end":{"line":51,"column":null}},"16":{"start":{"line":56,"column":2},"end":{"line":56,"column":null}},"17":{"start":{"line":53,"column":19},"end":{"line":53,"column":26}},"18":{"start":{"line":53,"column":41},"end":{"line":53,"column":61}},"19":{"start":{"line":16,"column":13},"end":{"line":57,"column":null}}},"fnMap":{"0":{"name":"(anonymous_2)","decl":{"start":{"line":53,"column":13},"end":{"line":53,"column":16}},"loc":{"start":{"line":53,"column":19},"end":{"line":53,"column":26}}},"1":{"name":"(anonymous_3)","decl":{"start":{"line":53,"column":28},"end":{"line":53,"column":29}},"loc":{"start":{"line":53,"column":41},"end":{"line":53,"column":61}}}},"branchMap":{},"s":{"0":3,"1":3,"2":3,"3":3,"4":3,"5":3,"6":3,"7":3,"8":3,"9":3,"10":3,"11":3,"12":3,"13":3,"14":3,"15":3,"16":3,"17":0,"18":0,"19":3},"f":{"0":0,"1":0},"b":{}}
,"C:\\Users\\rykup\\source\\repos\\AI-LMS-Tool\\api\\src\\conversation\\entities\\message.entity.ts": {"path":"C:\\Users\\rykup\\source\\repos\\AI-LMS-Tool\\api\\src\\conversation\\entities\\message.entity.ts","statementMap":{"0":{"start":{"line":1,"column":0},"end":{"line":1,"column":null}},"1":{"start":{"line":9,"column":0},"end":{"line":9,"column":53}},"2":{"start":{"line":14,"column":7},"end":{"line":35,"column":null}},"3":{"start":{"line":14,"column":13},"end":{"line":14,"column":20}},"4":{"start":{"line":16,"column":2},"end":{"line":16,"column":null}},"5":{"start":{"line":22,"column":2},"end":{"line":22,"column":null}},"6":{"start":{"line":18,"column":19},"end":{"line":18,"column":31}},"7":{"start":{"line":18,"column":51},"end":{"line":18,"column":72}},"8":{"start":{"line":25,"column":2},"end":{"line":25,"column":null}},"9":{"start":{"line":28,"column":2},"end":{"line":28,"column":null}},"10":{"start":{"line":31,"column":2},"end":{"line":31,"column":null}},"11":{"start":{"line":34,"column":2},"end":{"line":34,"column":null}},"12":{"start":{"line":14,"column":13},"end":{"line":35,"column":null}}},"fnMap":{"0":{"name":"(anonymous_2)","decl":{"start":{"line":18,"column":13},"end":{"line":18,"column":16}},"loc":{"start":{"line":18,"column":19},"end":{"line":18,"column":31}}},"1":{"name":"(anonymous_3)","decl":{"start":{"line":18,"column":33},"end":{"line":18,"column":34}},"loc":{"start":{"line":18,"column":51},"end":{"line":18,"column":72}}}},"branchMap":{},"s":{"0":3,"1":3,"2":3,"3":3,"4":3,"5":3,"6":0,"7":0,"8":3,"9":3,"10":3,"11":3,"12":3},"f":{"0":0,"1":0},"b":{}}
}
