TN:
SF:src\app.module.ts
FN:34,(anonymous_1)
FNF:1
FNH:0
FNDA:0,(anonymous_1)
DA:1,0
DA:2,0
DA:3,0
DA:4,0
DA:5,0
DA:7,0
DA:8,0
DA:9,0
DA:10,0
DA:11,0
DA:34,0
DA:58,0
LF:12
LH:0
BRDA:39,0,0,0
BRDA:39,0,1,0
BRF:2
BRH:0
end_of_record
TN:
SF:src\main.ts
FN:6,bootstrap
FNF:1
FNH:0
FNDA:0,bootstrap
DA:1,0
DA:2,0
DA:3,0
DA:4,0
DA:7,0
DA:9,0
DA:11,0
DA:17,0
DA:25,0
DA:26,0
DA:27,0
DA:30,0
LF:12
LH:0
BRDA:25,0,0,0
BRDA:25,0,1,0
BRF:2
BRH:0
end_of_record
TN:
SF:src\chat\chat.controller.ts
FN:7,(anonymous_4)
FN:19,(anonymous_5)
FNF:2
FNH:0
FNDA:0,(anonymous_4)
FNDA:0,(anonymous_5)
DA:1,0
DA:2,0
DA:3,0
DA:6,0
DA:7,0
DA:19,0
DA:20,0
LF:7
LH:0
BRF:0
BRH:0
end_of_record
TN:
SF:src\chat\chat.module.ts
FNF:0
FNH:0
DA:1,0
DA:2,0
DA:3,0
DA:4,0
DA:5,0
DA:12,0
LF:6
LH:0
BRF:0
BRH:0
end_of_record
TN:
SF:src\chat\chat.service.ts
FN:22,(anonymous_2)
FN:32,(anonymous_3)
FN:131,buildSystemPrompt
FN:193,toGeminiHistory
FNF:4
FNH:4
FNDA:20,(anonymous_2)
FNDA:24,(anonymous_3)
FNDA:23,buildSystemPrompt
FNDA:23,toGeminiHistory
DA:1,1
DA:2,1
DA:3,1
DA:8,1
DA:9,1
DA:18,1
DA:19,20
DA:23,20
DA:24,20
DA:25,20
DA:27,20
DA:40,24
DA:43,24
DA:44,24
DA:47,22
DA:48,22
DA:49,19
DA:51,3
DA:54,2
DA:57,24
DA:58,4
DA:64,4
DA:67,24
DA:71,24
DA:84,23
DA:92,23
DA:112,23
DA:117,23
DA:118,23
DA:119,22
DA:122,22
DA:127,22
DA:141,23
DA:147,23
DA:148,21
DA:153,23
DA:154,18
DA:159,23
DA:160,22
DA:161,22
DA:164,1
DA:165,0
DA:167,1
DA:172,23
DA:173,1
DA:176,22
DA:177,22
DA:180,23
DA:181,22
DA:184,23
DA:196,23
DA:198,23
DA:200,9
DA:202,9
DA:203,1
DA:206,8
DA:207,8
DA:208,2
DA:209,2
DA:212,6
DA:215,23
LF:61
LH:60
BRDA:44,0,0,22
BRDA:44,0,1,2
BRDA:48,1,0,19
BRDA:48,1,1,3
BRDA:57,2,0,4
BRDA:57,2,1,20
BRDA:58,3,0,2
BRDA:58,3,1,2
BRDA:78,4,0,20
BRDA:78,4,1,4
BRDA:147,5,0,21
BRDA:147,5,1,2
BRDA:153,6,0,18
BRDA:153,6,1,5
BRDA:159,7,0,22
BRDA:159,7,1,1
BRDA:159,8,0,23
BRDA:159,8,1,22
BRDA:164,9,0,0
BRDA:164,9,1,1
BRDA:172,10,0,1
BRDA:172,10,1,22
BRDA:172,11,0,23
BRDA:172,11,1,1
BRDA:176,12,0,22
BRDA:176,12,1,0
BRDA:180,13,0,22
BRDA:180,13,1,1
BRDA:200,14,0,5
BRDA:200,14,1,4
BRDA:202,15,0,1
BRDA:202,15,1,8
BRDA:202,16,0,9
BRDA:202,16,1,4
BRDA:207,17,0,2
BRDA:207,17,1,6
BRF:36
BRH:34
end_of_record
TN:
SF:src\chat\dto\send-message.dto.ts
FN:51,(anonymous_2)
FNF:1
FNH:1
FNDA:1,(anonymous_2)
DA:1,1
DA:12,1
DA:14,1
DA:16,1
DA:19,1
DA:22,1
DA:25,1
DA:29,1
DA:34,1
DA:38,1
DA:42,1
DA:46,1
DA:51,1
DA:52,1
LF:14
LH:14
BRF:0
BRH:0
end_of_record
TN:
SF:src\context\context.module.ts
FNF:0
FNH:0
DA:1,0
DA:2,0
DA:8,0
LF:3
LH:0
BRF:0
BRH:0
end_of_record
TN:
SF:src\context\context.service.ts
FN:51,(anonymous_4)
FN:61,(anonymous_5)
FN:74,(anonymous_6)
FN:97,(anonymous_7)
FN:110,(anonymous_8)
FN:124,(anonymous_9)
FN:125,(anonymous_10)
FN:137,(anonymous_11)
FN:153,(anonymous_12)
FN:201,(anonymous_13)
FN:234,(anonymous_14)
FN:246,(anonymous_15)
FN:258,(anonymous_16)
FN:284,(anonymous_17)
FN:287,(anonymous_18)
FN:295,(anonymous_19)
FN:302,(anonymous_20)
FN:315,(anonymous_21)
FN:321,(anonymous_22)
FN:328,(anonymous_23)
FN:340,(anonymous_24)
FN:365,(anonymous_25)
FN:399,(anonymous_26)
FN:469,(anonymous_27)
FN:486,(anonymous_28)
FN:508,(anonymous_29)
FN:544,(anonymous_30)
FN:550,(anonymous_31)
FN:568,(anonymous_32)
FN:572,(anonymous_33)
FN:578,(anonymous_34)
FN:584,(anonymous_35)
FN:593,(anonymous_36)
FN:595,(anonymous_37)
FN:598,(anonymous_38)
FN:612,parsePdfText
FN:622,looksLikePdf
FN:627,parseMoodleJsonError
FN:646,normalizeSection
FN:669,formatDocumentsForPrompt
FN:674,(anonymous_44)
FN:675,(anonymous_45)
FN:679,(anonymous_46)
FN:684,(anonymous_47)
FN:685,(anonymous_48)
FN:687,(anonymous_49)
FN:697,matchesSection
FN:719,relevanceScore
FN:725,(anonymous_52)
FN:731,formatDocument
FN:746,formatForumPostText
FN:755,stripHtml
FNF:52
FNH:50
FNDA:57,(anonymous_4)
FNDA:2,(anonymous_5)
FNDA:9,(anonymous_6)
FNDA:2,(anonymous_7)
FNDA:3,(anonymous_8)
FNDA:5,(anonymous_9)
FNDA:2,(anonymous_10)
FNDA:0,(anonymous_11)
FNDA:12,(anonymous_12)
FNDA:0,(anonymous_13)
FNDA:3,(anonymous_14)
FNDA:2,(anonymous_15)
FNDA:3,(anonymous_16)
FNDA:12,(anonymous_17)
FNDA:12,(anonymous_18)
FNDA:12,(anonymous_19)
FNDA:2,(anonymous_20)
FNDA:2,(anonymous_21)
FNDA:3,(anonymous_22)
FNDA:2,(anonymous_23)
FNDA:4,(anonymous_24)
FNDA:2,(anonymous_25)
FNDA:8,(anonymous_26)
FNDA:4,(anonymous_27)
FNDA:10,(anonymous_28)
FNDA:9,(anonymous_29)
FNDA:17,(anonymous_30)
FNDA:10,(anonymous_31)
FNDA:9,(anonymous_32)
FNDA:9,(anonymous_33)
FNDA:13,(anonymous_34)
FNDA:13,(anonymous_35)
FNDA:12,(anonymous_36)
FNDA:13,(anonymous_37)
FNDA:12,(anonymous_38)
FNDA:2,parsePdfText
FNDA:7,looksLikePdf
FNDA:9,parseMoodleJsonError
FNDA:13,normalizeSection
FNDA:3,formatDocumentsForPrompt
FNDA:92,(anonymous_44)
FNDA:92,(anonymous_45)
FNDA:18,(anonymous_46)
FNDA:1,(anonymous_47)
FNDA:1,(anonymous_48)
FNDA:88,(anonymous_49)
FNDA:190,matchesSection
FNDA:183,relevanceScore
FNDA:568,(anonymous_52)
FNDA:89,formatDocument
FNDA:4,formatForumPostText
FNDA:23,stripHtml
DA:1,2
DA:2,2
DA:4,2
DA:5,2
DA:6,2
DA:7,2
DA:14,2
DA:44,2
DA:45,57
DA:52,57
DA:53,57
DA:55,57
DA:56,57
DA:57,57
DA:66,2
DA:67,2
DA:70,0
DA:71,0
DA:78,9
DA:79,3
DA:82,6
DA:83,1
DA:86,5
DA:87,5
DA:88,5
DA:89,1
DA:92,4
DA:93,4
DA:97,2
DA:98,2
DA:99,2
DA:101,2
DA:103,2
DA:106,2
DA:111,3
DA:112,3
DA:113,3
DA:114,1
DA:117,2
DA:118,2
DA:123,1
DA:124,5
DA:125,2
DA:127,1
DA:128,1
DA:130,1
DA:133,1
DA:140,0
DA:141,0
DA:142,0
DA:143,0
DA:144,0
DA:147,0
DA:148,0
DA:149,0
DA:150,0
DA:156,12
DA:166,12
DA:168,12
DA:169,2
DA:179,12
DA:180,8
DA:181,8
DA:182,1
DA:193,8
DA:194,9
DA:201,0
DA:204,9
DA:205,1
DA:212,9
DA:213,3
DA:214,1
DA:221,3
DA:222,2
DA:227,2
DA:228,1
DA:233,9
DA:234,3
DA:235,2
DA:236,1
DA:245,9
DA:246,2
DA:247,2
DA:248,1
DA:257,9
DA:258,3
DA:259,2
DA:260,2
DA:268,2
DA:269,2
DA:270,2
DA:271,2
DA:284,12
DA:290,12
DA:291,12
DA:295,12
DA:297,0
DA:298,0
DA:303,2
DA:304,2
DA:308,1
DA:310,1
DA:311,1
DA:316,2
DA:317,2
DA:321,3
DA:323,1
DA:324,1
DA:329,2
DA:330,2
DA:335,1
DA:336,1
DA:341,4
DA:342,1
DA:345,3
DA:346,3
DA:350,2
DA:351,2
DA:353,2
DA:354,3
DA:355,3
DA:356,0
DA:359,3
DA:360,3
DA:364,2
DA:365,2
DA:371,1
DA:376,1
DA:377,1
DA:390,2
DA:392,1
DA:395,1
DA:404,8
DA:405,8
DA:406,8
DA:407,8
DA:414,8
DA:416,8
DA:417,8
DA:418,4
DA:419,3
DA:420,1
DA:423,2
DA:424,2
DA:425,2
DA:426,1
DA:429,1
DA:436,4
DA:437,3
DA:438,2
DA:445,1
DA:451,4
DA:455,4
DA:458,3
DA:461,1
DA:470,4
DA:472,4
DA:473,4
DA:474,3
DA:475,1
DA:478,2
DA:479,2
DA:480,1
DA:483,1
DA:487,10
DA:488,10
DA:489,10
DA:491,10
DA:496,3
DA:497,3
DA:498,3
DA:501,10
DA:502,9
DA:505,10
DA:512,9
DA:513,9
DA:514,9
DA:515,9
DA:517,9
DA:518,9
DA:522,9
DA:523,9
DA:524,9
DA:525,2
DA:529,7
DA:530,7
DA:532,1
DA:537,6
DA:538,2
DA:541,4
DA:549,17
DA:550,9
DA:551,10
DA:553,9
DA:556,8
DA:557,8
DA:560,8
DA:562,8
DA:565,0
DA:572,9
DA:582,13
DA:584,13
DA:585,13
DA:594,12
DA:595,12
DA:596,13
DA:598,12
DA:599,12
DA:606,13
DA:607,13
DA:613,2
DA:614,2
DA:615,2
DA:617,2
DA:622,2
DA:623,7
DA:627,2
DA:628,9
DA:629,9
DA:630,3
DA:633,6
DA:634,6
DA:639,5
DA:641,1
DA:646,2
DA:652,13
DA:654,13
DA:660,13
DA:669,2
DA:674,92
DA:675,92
DA:676,3
DA:679,18
DA:682,3
DA:684,1
DA:685,1
DA:687,88
DA:689,3
DA:697,2
DA:701,190
DA:702,1
DA:705,189
DA:709,5
DA:712,184
DA:719,2
DA:723,183
DA:724,183
DA:725,568
DA:731,2
DA:732,89
DA:742,89
DA:746,2
DA:747,4
DA:755,2
DA:756,23
LF:255
LH:239
BRDA:58,0,0,57
BRDA:58,0,1,0
BRDA:64,1,0,2
BRDA:66,2,0,2
BRDA:66,2,1,0
BRDA:78,3,0,3
BRDA:78,3,1,6
BRDA:82,4,0,1
BRDA:82,4,1,5
BRDA:88,5,0,1
BRDA:88,5,1,4
BRDA:98,6,0,2
BRDA:98,6,1,0
BRDA:113,7,0,1
BRDA:113,7,1,2
BRDA:124,8,0,5
BRDA:124,8,1,3
BRDA:142,9,0,0
BRDA:142,9,1,0
BRDA:168,10,0,2
BRDA:168,10,1,10
BRDA:181,11,0,1
BRDA:181,11,1,7
BRDA:187,12,0,1
BRDA:187,12,1,0
BRDA:193,13,0,8
BRDA:193,13,1,0
BRDA:204,14,0,1
BRDA:204,14,1,8
BRDA:212,15,0,9
BRDA:212,15,1,7
BRDA:213,16,0,1
BRDA:213,16,1,2
BRDA:213,17,0,3
BRDA:213,17,1,1
BRDA:221,18,0,2
BRDA:221,18,1,1
BRDA:221,19,0,3
BRDA:221,19,1,2
BRDA:227,20,0,1
BRDA:227,20,1,1
BRDA:233,21,0,2
BRDA:233,21,1,7
BRDA:235,22,0,1
BRDA:235,22,1,1
BRDA:239,23,0,1
BRDA:239,23,1,0
BRDA:245,24,0,2
BRDA:245,24,1,7
BRDA:247,25,0,1
BRDA:247,25,1,1
BRDA:251,26,0,1
BRDA:251,26,1,0
BRDA:257,27,0,2
BRDA:257,27,1,7
BRDA:259,28,0,2
BRDA:259,28,1,0
BRDA:262,29,0,1
BRDA:262,29,1,1
BRDA:263,30,0,2
BRDA:263,30,1,0
BRDA:268,31,0,2
BRDA:268,31,1,0
BRDA:273,32,0,1
BRDA:273,32,1,1
BRDA:275,33,0,2
BRDA:275,33,1,1
BRDA:275,33,2,0
BRDA:308,34,0,1
BRDA:308,34,1,0
BRDA:321,35,0,3
BRDA:321,35,1,1
BRDA:341,36,0,1
BRDA:341,36,1,3
BRDA:350,37,0,2
BRDA:350,37,1,0
BRDA:354,38,0,3
BRDA:354,38,1,0
BRDA:355,39,0,0
BRDA:355,39,1,3
BRDA:365,40,0,2
BRDA:365,40,1,0
BRDA:376,41,0,1
BRDA:376,41,1,0
BRDA:380,42,0,1
BRDA:380,42,1,0
BRDA:405,43,0,8
BRDA:405,43,1,0
BRDA:406,44,0,8
BRDA:406,44,1,0
BRDA:411,45,0,8
BRDA:411,45,1,6
BRDA:414,46,0,8
BRDA:414,46,1,4
BRDA:417,47,0,4
BRDA:417,47,1,4
BRDA:419,48,0,1
BRDA:419,48,1,2
BRDA:424,49,0,2
BRDA:424,49,1,0
BRDA:425,50,0,1
BRDA:425,50,1,1
BRDA:436,51,0,3
BRDA:436,51,1,1
BRDA:436,52,0,4
BRDA:436,52,1,2
BRDA:452,53,0,4
BRDA:452,53,1,0
BRDA:455,54,0,3
BRDA:455,54,1,1
BRDA:472,55,0,4
BRDA:472,55,1,0
BRDA:474,56,0,1
BRDA:474,56,1,2
BRDA:474,57,0,3
BRDA:474,57,1,3
BRDA:479,58,0,1
BRDA:479,58,1,1
BRDA:491,59,0,3
BRDA:491,59,1,7
BRDA:492,60,0,10
BRDA:492,60,1,8
BRDA:492,60,2,8
BRDA:501,61,0,9
BRDA:501,61,1,1
BRDA:522,62,0,8
BRDA:522,62,1,1
BRDA:524,63,0,2
BRDA:524,63,1,7
BRDA:524,64,0,9
BRDA:524,64,1,9
BRDA:537,65,0,2
BRDA:537,65,1,4
BRDA:538,66,0,2
BRDA:538,66,1,1
BRDA:549,67,0,9
BRDA:549,67,1,8
BRDA:556,68,0,8
BRDA:556,68,1,0
BRDA:556,69,0,8
BRDA:556,69,1,8
BRDA:582,70,0,0
BRDA:582,70,1,13
BRDA:588,71,0,13
BRDA:588,71,1,13
BRDA:588,72,0,0
BRDA:588,72,1,13
BRDA:591,73,0,12
BRDA:591,73,1,1
BRDA:600,74,0,12
BRDA:600,74,1,0
BRDA:629,75,0,3
BRDA:629,75,1,6
BRDA:639,76,0,5
BRDA:639,76,1,3
BRDA:639,76,2,2
BRDA:639,76,3,1
BRDA:654,77,0,9
BRDA:654,77,1,4
BRDA:654,78,0,13
BRDA:654,78,1,11
BRDA:656,79,0,2
BRDA:656,79,1,2
BRDA:664,80,0,3
BRDA:664,80,1,10
BRDA:682,81,0,1
BRDA:682,81,1,2
BRDA:701,82,0,1
BRDA:701,82,1,189
BRDA:701,83,0,190
BRDA:701,83,1,3
BRDA:705,84,0,5
BRDA:705,84,1,184
BRDA:706,85,0,189
BRDA:706,85,1,16
BRDA:713,86,0,184
BRDA:713,86,1,3
BRDA:723,87,0,183
BRDA:723,87,1,0
BRDA:723,88,0,183
BRDA:723,88,1,179
BRDA:723,89,0,183
BRDA:723,89,1,180
BRDA:725,90,0,24
BRDA:725,90,1,544
BRDA:734,91,0,1
BRDA:734,91,1,88
BRDA:735,92,0,88
BRDA:735,92,1,1
BRDA:736,93,0,2
BRDA:736,93,1,87
BRDA:737,94,0,1
BRDA:737,94,1,88
BRDA:738,95,0,1
BRDA:738,95,1,88
BRDA:739,96,0,1
BRDA:739,96,1,88
BRDA:742,97,0,89
BRDA:742,97,1,1
BRDA:742,98,0,2
BRDA:742,98,1,87
BRDA:748,99,0,3
BRDA:748,99,1,1
BRDA:749,100,0,1
BRDA:749,100,1,3
BRF:205
BRH:175
end_of_record
TN:
SF:src\conversation\conversation.controller.ts
FN:24,(anonymous_4)
FN:27,(anonymous_5)
FN:35,(anonymous_6)
FN:45,(anonymous_7)
FN:58,(anonymous_8)
FN:68,(anonymous_9)
FN:81,(anonymous_10)
FN:94,(anonymous_11)
FN:102,(anonymous_12)
FN:115,(anonymous_13)
FNF:10
FNH:4
FNDA:7,(anonymous_4)
FNDA:0,(anonymous_5)
FNDA:0,(anonymous_6)
FNDA:0,(anonymous_7)
FNDA:3,(anonymous_8)
FNDA:0,(anonymous_9)
FNDA:3,(anonymous_10)
FNDA:0,(anonymous_11)
FNDA:0,(anonymous_12)
FNDA:1,(anonymous_13)
DA:1,1
DA:12,1
DA:13,1
DA:14,1
DA:15,1
DA:16,1
DA:17,1
DA:18,1
DA:19,1
DA:20,1
DA:23,1
DA:24,7
DA:27,1
DA:28,0
DA:35,1
DA:36,0
DA:45,1
DA:46,0
DA:58,1
DA:59,3
DA:64,3
DA:68,1
DA:69,0
DA:81,1
DA:85,3
DA:94,1
DA:98,0
DA:102,1
DA:107,0
DA:115,1
DA:119,1
DA:120,1
LF:32
LH:26
BRDA:64,0,0,3
BRDA:64,0,1,2
BRDA:88,1,0,3
BRDA:88,1,1,1
BRDA:89,2,0,1
BRDA:89,2,1,2
BRF:6
BRH:6
end_of_record
TN:
SF:src\conversation\conversation.module.ts
FNF:0
FNH:0
DA:1,0
DA:2,0
DA:3,0
DA:4,0
DA:5,0
DA:6,0
DA:14,0
LF:7
LH:0
BRF:0
BRH:0
end_of_record
TN:
SF:src\conversation\conversation.service.ts
FN:63,(anonymous_4)
FN:70,(anonymous_5)
FN:98,(anonymous_6)
FN:112,(anonymous_7)
FN:125,(anonymous_8)
FN:174,(anonymous_9)
FN:191,(anonymous_10)
FN:207,(anonymous_11)
FN:218,(anonymous_12)
FN:219,(anonymous_13)
FN:237,(anonymous_14)
FN:242,(anonymous_15)
FN:270,(anonymous_16)
FN:289,(anonymous_17)
FN:296,(anonymous_18)
FN:305,(anonymous_19)
FN:339,(anonymous_20)
FN:349,(anonymous_21)
FN:359,(anonymous_22)
FN:365,(anonymous_23)
FN:381,(anonymous_24)
FN:387,(anonymous_25)
FN:402,(anonymous_26)
FN:415,(anonymous_27)
FN:439,toSummary
FN:461,defaultTitle
FN:473,tagForConversation
FN:481,slugTag
FN:495,cleanText
FN:500,filterSyntheticMainWelcome
FN:509,(anonymous_34)
FNF:31
FNH:23
FNDA:24,(anonymous_4)
FNDA:1,(anonymous_5)
FNDA:1,(anonymous_6)
FNDA:0,(anonymous_7)
FNDA:5,(anonymous_8)
FNDA:2,(anonymous_9)
FNDA:5,(anonymous_10)
FNDA:0,(anonymous_11)
FNDA:2,(anonymous_12)
FNDA:2,(anonymous_13)
FNDA:2,(anonymous_14)
FNDA:5,(anonymous_15)
FNDA:16,(anonymous_16)
FNDA:0,(anonymous_17)
FNDA:3,(anonymous_18)
FNDA:6,(anonymous_19)
FNDA:151,(anonymous_20)
FNDA:0,(anonymous_21)
FNDA:0,(anonymous_22)
FNDA:0,(anonymous_23)
FNDA:0,(anonymous_24)
FNDA:0,(anonymous_25)
FNDA:3,(anonymous_26)
FNDA:2,(anonymous_27)
FNDA:7,toSummary
FNDA:8,defaultTitle
FNDA:13,tagForConversation
FNDA:7,slugTag
FNDA:15,cleanText
FNDA:5,filterSyntheticMainWelcome
FNDA:2,(anonymous_34)
DA:1,3
DA:7,3
DA:8,3
DA:9,3
DA:13,3
DA:62,3
DA:65,24
DA:67,24
DA:75,1
DA:76,1
DA:77,1
DA:78,1
DA:79,0
DA:82,1
DA:83,1
DA:95,1
DA:99,1
DA:105,1
DA:106,0
DA:109,1
DA:116,0
DA:130,5
DA:131,5
DA:132,5
DA:134,5
DA:135,5
DA:136,3
DA:137,2
DA:138,2
DA:146,5
DA:147,4
DA:148,4
DA:149,4
DA:150,4
DA:151,4
DA:152,4
DA:155,1
DA:162,1
DA:163,0
DA:171,1
DA:178,2
DA:188,2
DA:196,5
DA:197,5
DA:198,3
DA:201,2
DA:208,0
DA:218,2
DA:219,2
DA:220,2
DA:223,2
DA:238,2
DA:239,1
DA:247,5
DA:249,4
DA:250,3
DA:251,3
DA:252,0
DA:255,3
DA:256,2
DA:259,1
DA:260,1
DA:263,2
DA:264,1
DA:267,2
DA:274,16
DA:278,16
DA:279,1
DA:282,15
DA:283,4
DA:286,11
DA:293,0
DA:300,3
DA:311,6
DA:316,5
DA:318,5
DA:322,5
DA:323,1
DA:326,5
DA:332,5
DA:333,5
DA:338,5
DA:339,151
DA:352,0
DA:359,0
DA:369,0
DA:371,0
DA:379,0
DA:381,0
DA:391,0
DA:392,0
DA:406,3
DA:421,2
DA:427,2
DA:428,2
DA:429,0
DA:430,0
DA:432,0
DA:435,2
DA:440,7
DA:441,7
DA:445,7
DA:462,8
DA:463,2
DA:466,6
DA:467,0
DA:470,6
DA:474,13
DA:475,6
DA:478,7
DA:482,7
DA:487,7
DA:488,7
DA:489,4
DA:492,3
DA:496,15
DA:497,15
DA:504,5
DA:505,4
DA:508,1
DA:510,2
LF:121
LH:102
BRDA:73,0,0,0
BRDA:75,1,0,1
BRDA:75,1,1,0
BRDA:78,2,0,0
BRDA:78,2,1,1
BRDA:78,3,0,1
BRDA:78,3,1,0
BRDA:82,4,0,1
BRDA:82,4,1,0
BRDA:91,5,0,1
BRDA:91,5,1,1
BRDA:92,6,0,1
BRDA:92,6,1,1
BRDA:105,7,0,0
BRDA:105,7,1,1
BRDA:128,8,0,0
BRDA:130,9,0,5
BRDA:130,9,1,0
BRDA:132,10,0,5
BRDA:132,10,1,5
BRDA:135,11,0,3
BRDA:135,11,1,2
BRDA:137,12,0,2
BRDA:137,12,1,0
BRDA:146,13,0,4
BRDA:146,13,1,1
BRDA:148,14,0,4
BRDA:148,14,1,2
BRDA:149,15,0,4
BRDA:149,15,1,2
BRDA:150,16,0,4
BRDA:150,16,1,2
BRDA:151,17,0,4
BRDA:151,17,1,2
BRDA:162,18,0,0
BRDA:162,18,1,1
BRDA:162,19,0,1
BRDA:162,19,1,0
BRDA:197,20,0,3
BRDA:197,20,1,2
BRDA:225,21,0,1
BRDA:225,21,1,1
BRDA:249,22,0,3
BRDA:249,22,1,1
BRDA:251,23,0,0
BRDA:251,23,1,3
BRDA:255,24,0,2
BRDA:255,24,1,1
BRDA:255,25,0,3
BRDA:255,25,1,0
BRDA:263,26,0,1
BRDA:263,26,1,1
BRDA:278,27,0,1
BRDA:278,27,1,15
BRDA:282,28,0,4
BRDA:282,28,1,11
BRDA:308,29,0,3
BRDA:322,30,0,1
BRDA:322,30,1,4
BRDA:334,31,0,4
BRDA:334,31,1,1
BRDA:367,32,0,0
BRDA:427,33,0,2
BRDA:427,33,1,0
BRDA:429,34,0,0
BRDA:429,34,1,0
BRDA:440,35,0,7
BRDA:440,35,1,0
BRDA:441,36,0,3
BRDA:441,36,1,4
BRDA:443,37,0,4
BRDA:443,37,1,0
BRDA:454,38,0,2
BRDA:454,38,1,5
BRDA:454,39,0,2
BRDA:454,39,1,0
BRDA:455,40,0,7
BRDA:455,40,1,0
BRDA:462,41,0,2
BRDA:462,41,1,6
BRDA:462,42,0,8
BRDA:462,42,1,2
BRDA:466,43,0,0
BRDA:466,43,1,6
BRDA:474,44,0,6
BRDA:474,44,1,7
BRDA:478,45,0,7
BRDA:478,45,1,0
BRDA:488,46,0,4
BRDA:488,46,1,3
BRDA:492,47,0,3
BRDA:492,47,1,0
BRDA:497,48,0,15
BRDA:497,48,1,9
BRDA:504,49,0,4
BRDA:504,49,1,1
BRDA:504,50,0,5
BRDA:504,50,1,5
BRDA:504,51,0,5
BRDA:504,51,1,0
BRDA:511,52,0,2
BRDA:511,52,1,1
BRF:102
BRH:77
end_of_record
TN:
SF:src\conversation\dto\create-conversation.dto.ts
FNF:0
FNH:0
DA:1,2
DA:4,2
DA:7,2
DA:11,2
DA:15,2
DA:19,2
DA:24,2
DA:29,2
DA:33,2
LF:9
LH:9
BRF:0
BRH:0
end_of_record
TN:
SF:src\conversation\dto\delete-conversation-query.dto.ts
FN:5,(anonymous_2)
FNF:1
FNH:1
FNDA:2,(anonymous_2)
DA:1,2
DA:2,2
DA:4,2
DA:5,2
DA:8,2
LF:5
LH:5
BRF:0
BRH:0
end_of_record
TN:
SF:src\conversation\dto\find-active-conversation-query.dto.ts
FN:5,(anonymous_2)
FN:10,(anonymous_3)
FNF:2
FNH:2
FNDA:3,(anonymous_2)
FNDA:3,(anonymous_3)
DA:1,2
DA:2,2
DA:4,2
DA:5,3
DA:8,2
DA:10,3
DA:13,2
LF:7
LH:7
BRF:0
BRH:0
end_of_record
TN:
SF:src\conversation\dto\get-messages-query.dto.ts
FN:5,(anonymous_2)
FN:11,(anonymous_3)
FNF:2
FNH:2
FNDA:6,(anonymous_2)
FNDA:2,(anonymous_3)
DA:1,2
DA:2,2
DA:4,2
DA:5,6
DA:8,2
DA:11,2
DA:14,2
DA:19,2
LF:8
LH:8
BRF:0
BRH:0
end_of_record
TN:
SF:src\conversation\dto\list-conversations-query.dto.ts
FN:5,(anonymous_2)
FN:10,(anonymous_3)
FNF:2
FNH:2
FNDA:4,(anonymous_2)
FNDA:4,(anonymous_3)
DA:1,2
DA:2,2
DA:4,2
DA:5,4
DA:8,2
DA:10,4
DA:13,2
LF:7
LH:7
BRF:0
BRH:0
end_of_record
TN:
SF:src\conversation\dto\open-conversation.dto.ts
FNF:0
FNH:0
DA:1,2
DA:4,2
DA:7,2
DA:11,2
DA:15,2
DA:19,2
DA:24,2
DA:29,2
DA:33,2
LF:9
LH:9
BRF:0
BRH:0
end_of_record
TN:
SF:src\conversation\dto\search-conversations-query.dto.ts
FN:5,(anonymous_2)
FN:10,(anonymous_3)
FN:15,(anonymous_4)
FNF:3
FNH:3
FNDA:5,(anonymous_2)
FNDA:5,(anonymous_3)
FNDA:5,(anonymous_4)
DA:1,2
DA:2,2
DA:4,2
DA:5,5
DA:8,2
DA:10,5
DA:13,2
DA:15,5
DA:18,2
LF:9
LH:9
BRDA:15,0,0,5
BRDA:15,0,1,0
BRF:2
BRH:1
end_of_record
TN:
SF:src\conversation\dto\update-conversation.dto.ts
FNF:0
FNH:0
DA:1,2
DA:3,2
DA:7,2
DA:11,2
LF:4
LH:4
BRF:0
BRH:0
end_of_record
TN:
SF:src\conversation\entities\conversation.entity.ts
FN:53,(anonymous_2)
FN:53,(anonymous_3)
FNF:2
FNH:0
FNDA:0,(anonymous_2)
FNDA:0,(anonymous_3)
DA:1,3
DA:10,3
DA:16,3
DA:18,3
DA:21,3
DA:24,3
DA:27,3
DA:30,3
DA:33,3
DA:36,3
DA:39,3
DA:42,3
DA:45,3
DA:48,3
DA:51,3
DA:53,0
DA:56,3
LF:17
LH:16
BRF:0
BRH:0
end_of_record
TN:
SF:src\conversation\entities\message.entity.ts
FN:18,(anonymous_2)
FN:18,(anonymous_3)
FNF:2
FNH:0
FNDA:0,(anonymous_2)
FNDA:0,(anonymous_3)
DA:1,3
DA:9,3
DA:14,3
DA:16,3
DA:18,0
DA:22,3
DA:25,3
DA:28,3
DA:31,3
DA:34,3
LF:10
LH:9
BRF:0
BRH:0
end_of_record
