TN:
SF:src\app.module.ts
FN:34,(anonymous_1)
FNF:1
FNH:0
FNDA:0,(anonymous_1)
DA:1,0
DA:2,0
DA:3,0
DA:4,0
DA:5,0
DA:7,0
DA:8,0
DA:9,0
DA:10,0
DA:11,0
DA:34,0
DA:58,0
LF:12
LH:0
BRDA:39,0,0,0
BRDA:39,0,1,0
BRF:2
BRH:0
end_of_record
TN:
SF:src\main.ts
FN:6,bootstrap
FNF:1
FNH:0
FNDA:0,bootstrap
DA:1,0
DA:2,0
DA:3,0
DA:4,0
DA:7,0
DA:9,0
DA:11,0
DA:17,0
DA:25,0
DA:26,0
DA:27,0
DA:30,0
LF:12
LH:0
BRDA:25,0,0,0
BRDA:25,0,1,0
BRF:2
BRH:0
end_of_record
TN:
SF:src\chat\chat.controller.ts
FN:7,(anonymous_4)
FN:19,(anonymous_5)
FNF:2
FNH:0
FNDA:0,(anonymous_4)
FNDA:0,(anonymous_5)
DA:1,0
DA:2,0
DA:3,0
DA:6,0
DA:7,0
DA:19,0
DA:20,0
LF:7
LH:0
BRF:0
BRH:0
end_of_record
TN:
SF:src\chat\chat.module.ts
FNF:0
FNH:0
DA:1,0
DA:2,0
DA:3,0
DA:4,0
DA:5,0
DA:12,0
LF:6
LH:0
BRF:0
BRH:0
end_of_record
TN:
SF:src\chat\chat.service.ts
FN:22,(anonymous_2)
FN:32,(anonymous_3)
FN:131,buildSystemPrompt
FN:193,toGeminiHistory
FNF:4
FNH:4
FNDA:20,(anonymous_2)
FNDA:24,(anonymous_3)
FNDA:23,buildSystemPrompt
FNDA:23,toGeminiHistory
DA:1,1
DA:2,1
DA:3,1
DA:8,1
DA:9,1
DA:18,1
DA:19,20
DA:23,20
DA:24,20
DA:25,20
DA:27,20
DA:40,24
DA:43,24
DA:44,24
DA:47,22
DA:48,22
DA:49,19
DA:51,3
DA:54,2
DA:57,24
DA:58,4
DA:64,4
DA:67,24
DA:71,24
DA:84,23
DA:92,23
DA:112,23
DA:117,23
DA:118,23
DA:119,22
DA:122,22
DA:127,22
DA:141,23
DA:147,23
DA:148,21
DA:153,23
DA:154,18
DA:159,23
DA:160,22
DA:161,22
DA:164,1
DA:165,0
DA:167,1
DA:172,23
DA:173,1
DA:176,22
DA:177,22
DA:180,23
DA:181,22
DA:184,23
DA:196,23
DA:198,23
DA:200,9
DA:202,9
DA:203,1
DA:206,8
DA:207,8
DA:208,2
DA:209,2
DA:212,6
DA:215,23
LF:61
LH:60
BRDA:44,0,0,22
BRDA:44,0,1,2
BRDA:48,1,0,19
BRDA:48,1,1,3
BRDA:57,2,0,4
BRDA:57,2,1,20
BRDA:58,3,0,2
BRDA:58,3,1,2
BRDA:78,4,0,20
BRDA:78,4,1,4
BRDA:147,5,0,21
BRDA:147,5,1,2
BRDA:153,6,0,18
BRDA:153,6,1,5
BRDA:159,7,0,22
BRDA:159,7,1,1
BRDA:159,8,0,23
BRDA:159,8,1,22
BRDA:164,9,0,0
BRDA:164,9,1,1
BRDA:172,10,0,1
BRDA:172,10,1,22
BRDA:172,11,0,23
BRDA:172,11,1,1
BRDA:176,12,0,22
BRDA:176,12,1,0
BRDA:180,13,0,22
BRDA:180,13,1,1
BRDA:200,14,0,5
BRDA:200,14,1,4
BRDA:202,15,0,1
BRDA:202,15,1,8
BRDA:202,16,0,9
BRDA:202,16,1,4
BRDA:207,17,0,2
BRDA:207,17,1,6
BRF:36
BRH:34
end_of_record
TN:
SF:src\chat\dto\send-message.dto.ts
FN:51,(anonymous_2)
FNF:1
FNH:0
FNDA:0,(anonymous_2)
DA:1,0
DA:12,0
DA:14,0
DA:16,0
DA:19,0
DA:22,0
DA:25,0
DA:29,0
DA:34,0
DA:38,0
DA:42,0
DA:46,0
DA:51,0
DA:52,0
LF:14
LH:0
BRF:0
BRH:0
end_of_record
TN:
SF:src\context\context.module.ts
FNF:0
FNH:0
DA:1,0
DA:2,0
DA:8,0
LF:3
LH:0
BRF:0
BRH:0
end_of_record
TN:
SF:src\context\context.service.ts
FN:51,(anonymous_4)
FN:61,(anonymous_5)
FN:74,(anonymous_6)
FN:97,(anonymous_7)
FN:110,(anonymous_8)
FN:124,(anonymous_9)
FN:125,(anonymous_10)
FN:137,(anonymous_11)
FN:153,(anonymous_12)
FN:201,(anonymous_13)
FN:234,(anonymous_14)
FN:246,(anonymous_15)
FN:258,(anonymous_16)
FN:284,(anonymous_17)
FN:287,(anonymous_18)
FN:295,(anonymous_19)
FN:302,(anonymous_20)
FN:315,(anonymous_21)
FN:321,(anonymous_22)
FN:328,(anonymous_23)
FN:340,(anonymous_24)
FN:365,(anonymous_25)
FN:399,(anonymous_26)
FN:469,(anonymous_27)
FN:486,(anonymous_28)
FN:508,(anonymous_29)
FN:544,(anonymous_30)
FN:550,(anonymous_31)
FN:568,(anonymous_32)
FN:572,(anonymous_33)
FN:578,(anonymous_34)
FN:584,(anonymous_35)
FN:593,(anonymous_36)
FN:595,(anonymous_37)
FN:598,(anonymous_38)
FN:612,parsePdfText
FN:621,looksLikePdf
FN:625,parseMoodleJsonError
FN:644,normalizeSection
FN:666,formatDocumentsForPrompt
FN:671,(anonymous_44)
FN:672,(anonymous_45)
FN:676,(anonymous_46)
FN:681,(anonymous_47)
FN:682,(anonymous_48)
FN:684,(anonymous_49)
FN:694,matchesSection
FN:716,relevanceScore
FN:722,(anonymous_52)
FN:727,formatDocument
FN:741,formatForumPostText
FN:750,stripHtml
FNF:52
FNH:12
FNDA:9,(anonymous_4)
FNDA:2,(anonymous_5)
FNDA:7,(anonymous_6)
FNDA:1,(anonymous_7)
FNDA:3,(anonymous_8)
FNDA:5,(anonymous_9)
FNDA:2,(anonymous_10)
FNDA:0,(anonymous_11)
FNDA:0,(anonymous_12)
FNDA:0,(anonymous_13)
FNDA:0,(anonymous_14)
FNDA:0,(anonymous_15)
FNDA:0,(anonymous_16)
FNDA:0,(anonymous_17)
FNDA:0,(anonymous_18)
FNDA:0,(anonymous_19)
FNDA:0,(anonymous_20)
FNDA:0,(anonymous_21)
FNDA:0,(anonymous_22)
FNDA:0,(anonymous_23)
FNDA:0,(anonymous_24)
FNDA:0,(anonymous_25)
FNDA:0,(anonymous_26)
FNDA:0,(anonymous_27)
FNDA:0,(anonymous_28)
FNDA:0,(anonymous_29)
FNDA:0,(anonymous_30)
FNDA:0,(anonymous_31)
FNDA:0,(anonymous_32)
FNDA:0,(anonymous_33)
FNDA:0,(anonymous_34)
FNDA:0,(anonymous_35)
FNDA:0,(anonymous_36)
FNDA:0,(anonymous_37)
FNDA:0,(anonymous_38)
FNDA:0,parsePdfText
FNDA:0,looksLikePdf
FNDA:0,parseMoodleJsonError
FNDA:5,normalizeSection
FNDA:0,formatDocumentsForPrompt
FNDA:0,(anonymous_44)
FNDA:0,(anonymous_45)
FNDA:0,(anonymous_46)
FNDA:0,(anonymous_47)
FNDA:0,(anonymous_48)
FNDA:0,(anonymous_49)
FNDA:6,matchesSection
FNDA:3,relevanceScore
FNDA:8,(anonymous_52)
FNDA:0,formatDocument
FNDA:0,formatForumPostText
FNDA:5,stripHtml
DA:1,2
DA:2,2
DA:4,2
DA:5,2
DA:6,2
DA:7,2
DA:14,2
DA:44,2
DA:45,9
DA:52,9
DA:53,9
DA:55,9
DA:56,9
DA:57,9
DA:66,2
DA:67,2
DA:70,0
DA:71,0
DA:78,7
DA:79,3
DA:82,4
DA:83,1
DA:86,3
DA:87,3
DA:88,3
DA:89,1
DA:92,2
DA:93,2
DA:97,1
DA:98,1
DA:99,1
DA:101,1
DA:103,1
DA:106,1
DA:111,3
DA:112,3
DA:113,3
DA:114,1
DA:117,2
DA:118,2
DA:123,1
DA:124,5
DA:125,2
DA:127,1
DA:128,1
DA:130,1
DA:133,1
DA:140,0
DA:141,0
DA:142,0
DA:143,0
DA:144,0
DA:147,0
DA:148,0
DA:149,0
DA:150,0
DA:156,0
DA:166,0
DA:168,0
DA:169,0
DA:179,0
DA:180,0
DA:181,0
DA:182,0
DA:193,0
DA:194,0
DA:201,0
DA:204,0
DA:205,0
DA:212,0
DA:213,0
DA:214,0
DA:221,0
DA:222,0
DA:227,0
DA:228,0
DA:233,0
DA:234,0
DA:235,0
DA:236,0
DA:245,0
DA:246,0
DA:247,0
DA:248,0
DA:257,0
DA:258,0
DA:259,0
DA:260,0
DA:268,0
DA:269,0
DA:270,0
DA:271,0
DA:284,0
DA:290,0
DA:291,0
DA:295,0
DA:297,0
DA:298,0
DA:303,0
DA:304,0
DA:308,0
DA:310,0
DA:311,0
DA:316,0
DA:317,0
DA:321,0
DA:323,0
DA:324,0
DA:329,0
DA:330,0
DA:335,0
DA:336,0
DA:341,0
DA:342,0
DA:345,0
DA:346,0
DA:350,0
DA:351,0
DA:353,0
DA:354,0
DA:355,0
DA:356,0
DA:359,0
DA:360,0
DA:364,0
DA:365,0
DA:371,0
DA:376,0
DA:377,0
DA:390,0
DA:392,0
DA:395,0
DA:404,0
DA:405,0
DA:406,0
DA:407,0
DA:414,0
DA:416,0
DA:417,0
DA:418,0
DA:419,0
DA:420,0
DA:423,0
DA:424,0
DA:425,0
DA:426,0
DA:429,0
DA:436,0
DA:437,0
DA:438,0
DA:445,0
DA:451,0
DA:455,0
DA:458,0
DA:461,0
DA:470,0
DA:472,0
DA:473,0
DA:474,0
DA:475,0
DA:478,0
DA:479,0
DA:480,0
DA:483,0
DA:487,0
DA:488,0
DA:489,0
DA:491,0
DA:496,0
DA:497,0
DA:498,0
DA:501,0
DA:502,0
DA:505,0
DA:512,0
DA:513,0
DA:514,0
DA:515,0
DA:517,0
DA:518,0
DA:522,0
DA:523,0
DA:524,0
DA:525,0
DA:529,0
DA:530,0
DA:532,0
DA:537,0
DA:538,0
DA:541,0
DA:549,0
DA:550,0
DA:551,0
DA:553,0
DA:556,0
DA:557,0
DA:560,0
DA:562,0
DA:565,0
DA:572,0
DA:582,0
DA:584,0
DA:585,0
DA:594,0
DA:595,0
DA:596,0
DA:598,0
DA:599,0
DA:606,0
DA:607,0
DA:613,0
DA:614,0
DA:615,0
DA:617,0
DA:622,0
DA:626,0
DA:627,0
DA:628,0
DA:631,0
DA:632,0
DA:637,0
DA:639,0
DA:644,2
DA:650,5
DA:652,5
DA:658,5
DA:671,0
DA:672,0
DA:673,0
DA:676,0
DA:679,0
DA:681,0
DA:682,0
DA:684,0
DA:686,0
DA:694,2
DA:698,6
DA:699,1
DA:702,5
DA:706,1
DA:709,4
DA:716,2
DA:720,3
DA:721,3
DA:722,8
DA:728,0
DA:738,0
DA:742,0
DA:750,2
DA:751,5
LF:250
LH:61
BRDA:58,0,0,9
BRDA:58,0,1,0
BRDA:64,1,0,2
BRDA:66,2,0,2
BRDA:66,2,1,0
BRDA:78,3,0,3
BRDA:78,3,1,4
BRDA:82,4,0,1
BRDA:82,4,1,3
BRDA:88,5,0,1
BRDA:88,5,1,2
BRDA:98,6,0,1
BRDA:98,6,1,0
BRDA:113,7,0,1
BRDA:113,7,1,2
BRDA:124,8,0,5
BRDA:124,8,1,3
BRDA:142,9,0,0
BRDA:142,9,1,0
BRDA:168,10,0,0
BRDA:168,10,1,0
BRDA:181,11,0,0
BRDA:181,11,1,0
BRDA:187,12,0,0
BRDA:187,12,1,0
BRDA:193,13,0,0
BRDA:193,13,1,0
BRDA:204,14,0,0
BRDA:204,14,1,0
BRDA:212,15,0,0
BRDA:212,15,1,0
BRDA:213,16,0,0
BRDA:213,16,1,0
BRDA:213,17,0,0
BRDA:213,17,1,0
BRDA:221,18,0,0
BRDA:221,18,1,0
BRDA:221,19,0,0
BRDA:221,19,1,0
BRDA:227,20,0,0
BRDA:227,20,1,0
BRDA:233,21,0,0
BRDA:233,21,1,0
BRDA:235,22,0,0
BRDA:235,22,1,0
BRDA:239,23,0,0
BRDA:239,23,1,0
BRDA:245,24,0,0
BRDA:245,24,1,0
BRDA:247,25,0,0
BRDA:247,25,1,0
BRDA:251,26,0,0
BRDA:251,26,1,0
BRDA:257,27,0,0
BRDA:257,27,1,0
BRDA:259,28,0,0
BRDA:259,28,1,0
BRDA:262,29,0,0
BRDA:262,29,1,0
BRDA:263,30,0,0
BRDA:263,30,1,0
BRDA:268,31,0,0
BRDA:268,31,1,0
BRDA:273,32,0,0
BRDA:273,32,1,0
BRDA:275,33,0,0
BRDA:275,33,1,0
BRDA:275,33,2,0
BRDA:308,34,0,0
BRDA:308,34,1,0
BRDA:321,35,0,0
BRDA:321,35,1,0
BRDA:341,36,0,0
BRDA:341,36,1,0
BRDA:350,37,0,0
BRDA:350,37,1,0
BRDA:354,38,0,0
BRDA:354,38,1,0
BRDA:355,39,0,0
BRDA:355,39,1,0
BRDA:365,40,0,0
BRDA:365,40,1,0
BRDA:376,41,0,0
BRDA:376,41,1,0
BRDA:380,42,0,0
BRDA:380,42,1,0
BRDA:405,43,0,0
BRDA:405,43,1,0
BRDA:406,44,0,0
BRDA:406,44,1,0
BRDA:411,45,0,0
BRDA:411,45,1,0
BRDA:414,46,0,0
BRDA:414,46,1,0
BRDA:417,47,0,0
BRDA:417,47,1,0
BRDA:419,48,0,0
BRDA:419,48,1,0
BRDA:424,49,0,0
BRDA:424,49,1,0
BRDA:425,50,0,0
BRDA:425,50,1,0
BRDA:436,51,0,0
BRDA:436,51,1,0
BRDA:436,52,0,0
BRDA:436,52,1,0
BRDA:452,53,0,0
BRDA:452,53,1,0
BRDA:455,54,0,0
BRDA:455,54,1,0
BRDA:472,55,0,0
BRDA:472,55,1,0
BRDA:474,56,0,0
BRDA:474,56,1,0
BRDA:474,57,0,0
BRDA:474,57,1,0
BRDA:479,58,0,0
BRDA:479,58,1,0
BRDA:491,59,0,0
BRDA:491,59,1,0
BRDA:492,60,0,0
BRDA:492,60,1,0
BRDA:492,60,2,0
BRDA:501,61,0,0
BRDA:501,61,1,0
BRDA:522,62,0,0
BRDA:522,62,1,0
BRDA:524,63,0,0
BRDA:524,63,1,0
BRDA:524,64,0,0
BRDA:524,64,1,0
BRDA:537,65,0,0
BRDA:537,65,1,0
BRDA:538,66,0,0
BRDA:538,66,1,0
BRDA:549,67,0,0
BRDA:549,67,1,0
BRDA:556,68,0,0
BRDA:556,68,1,0
BRDA:556,69,0,0
BRDA:556,69,1,0
BRDA:582,70,0,0
BRDA:582,70,1,0
BRDA:588,71,0,0
BRDA:588,71,1,0
BRDA:588,72,0,0
BRDA:588,72,1,0
BRDA:591,73,0,0
BRDA:591,73,1,0
BRDA:600,74,0,0
BRDA:600,74,1,0
BRDA:627,75,0,0
BRDA:627,75,1,0
BRDA:637,76,0,0
BRDA:637,76,1,0
BRDA:637,76,2,0
BRDA:637,76,3,0
BRDA:652,77,0,1
BRDA:652,77,1,4
BRDA:652,78,0,5
BRDA:652,78,1,3
BRDA:654,79,0,2
BRDA:654,79,1,2
BRDA:662,80,0,1
BRDA:662,80,1,4
BRDA:679,81,0,0
BRDA:679,81,1,0
BRDA:698,82,0,1
BRDA:698,82,1,5
BRDA:698,83,0,6
BRDA:698,83,1,3
BRDA:702,84,0,1
BRDA:702,84,1,4
BRDA:703,85,0,5
BRDA:703,85,1,2
BRDA:710,86,0,4
BRDA:710,86,1,3
BRDA:720,87,0,3
BRDA:720,87,1,0
BRDA:720,88,0,3
BRDA:720,88,1,0
BRDA:720,89,0,3
BRDA:720,89,1,0
BRDA:722,90,0,5
BRDA:722,90,1,3
BRDA:730,91,0,0
BRDA:730,91,1,0
BRDA:731,92,0,0
BRDA:731,92,1,0
BRDA:732,93,0,0
BRDA:732,93,1,0
BRDA:733,94,0,0
BRDA:733,94,1,0
BRDA:734,95,0,0
BRDA:734,95,1,0
BRDA:735,96,0,0
BRDA:735,96,1,0
BRDA:738,97,0,0
BRDA:738,97,1,0
BRDA:738,98,0,0
BRDA:738,98,1,0
BRDA:743,99,0,0
BRDA:743,99,1,0
BRDA:744,100,0,0
BRDA:744,100,1,0
BRF:205
BRH:37
end_of_record
TN:
SF:src\conversation\conversation.controller.ts
FN:24,(anonymous_4)
FN:27,(anonymous_5)
FN:35,(anonymous_6)
FN:45,(anonymous_7)
FN:58,(anonymous_8)
FN:68,(anonymous_9)
FN:81,(anonymous_10)
FN:94,(anonymous_11)
FN:102,(anonymous_12)
FN:115,(anonymous_13)
FNF:10
FNH:0
FNDA:0,(anonymous_4)
FNDA:0,(anonymous_5)
FNDA:0,(anonymous_6)
FNDA:0,(anonymous_7)
FNDA:0,(anonymous_8)
FNDA:0,(anonymous_9)
FNDA:0,(anonymous_10)
FNDA:0,(anonymous_11)
FNDA:0,(anonymous_12)
FNDA:0,(anonymous_13)
DA:1,0
DA:12,0
DA:13,0
DA:14,0
DA:15,0
DA:16,0
DA:17,0
DA:18,0
DA:19,0
DA:20,0
DA:23,0
DA:24,0
DA:27,0
DA:28,0
DA:35,0
DA:36,0
DA:45,0
DA:46,0
DA:58,0
DA:59,0
DA:64,0
DA:68,0
DA:69,0
DA:81,0
DA:85,0
DA:94,0
DA:98,0
DA:102,0
DA:107,0
DA:115,0
DA:119,0
DA:120,0
LF:32
LH:0
BRDA:64,0,0,0
BRDA:64,0,1,0
BRDA:88,1,0,0
BRDA:88,1,1,0
BRDA:89,2,0,0
BRDA:89,2,1,0
BRF:6
BRH:0
end_of_record
TN:
SF:src\conversation\conversation.module.ts
FNF:0
FNH:0
DA:1,0
DA:2,0
DA:3,0
DA:4,0
DA:5,0
DA:6,0
DA:14,0
LF:7
LH:0
BRF:0
BRH:0
end_of_record
TN:
SF:src\conversation\conversation.service.ts
FN:63,(anonymous_4)
FN:70,(anonymous_5)
FN:98,(anonymous_6)
FN:112,(anonymous_7)
FN:125,(anonymous_8)
FN:174,(anonymous_9)
FN:191,(anonymous_10)
FN:207,(anonymous_11)
FN:218,(anonymous_12)
FN:219,(anonymous_13)
FN:237,(anonymous_14)
FN:242,(anonymous_15)
FN:270,(anonymous_16)
FN:289,(anonymous_17)
FN:296,(anonymous_18)
FN:305,(anonymous_19)
FN:339,(anonymous_20)
FN:349,(anonymous_21)
FN:359,(anonymous_22)
FN:365,(anonymous_23)
FN:381,(anonymous_24)
FN:387,(anonymous_25)
FN:402,(anonymous_26)
FN:415,(anonymous_27)
FN:439,toSummary
FN:461,defaultTitle
FN:473,tagForConversation
FN:481,slugTag
FN:495,cleanText
FN:500,filterSyntheticMainWelcome
FN:509,(anonymous_34)
FNF:31
FNH:19
FNDA:19,(anonymous_4)
FNDA:1,(anonymous_5)
FNDA:1,(anonymous_6)
FNDA:0,(anonymous_7)
FNDA:5,(anonymous_8)
FNDA:0,(anonymous_9)
FNDA:0,(anonymous_10)
FNDA:0,(anonymous_11)
FNDA:0,(anonymous_12)
FNDA:0,(anonymous_13)
FNDA:2,(anonymous_14)
FNDA:5,(anonymous_15)
FNDA:16,(anonymous_16)
FNDA:0,(anonymous_17)
FNDA:3,(anonymous_18)
FNDA:6,(anonymous_19)
FNDA:151,(anonymous_20)
FNDA:0,(anonymous_21)
FNDA:0,(anonymous_22)
FNDA:0,(anonymous_23)
FNDA:0,(anonymous_24)
FNDA:0,(anonymous_25)
FNDA:3,(anonymous_26)
FNDA:2,(anonymous_27)
FNDA:3,toSummary
FNDA:7,defaultTitle
FNDA:9,tagForConversation
FNDA:4,slugTag
FNDA:15,cleanText
FNDA:5,filterSyntheticMainWelcome
FNDA:2,(anonymous_34)
DA:1,2
DA:7,2
DA:8,2
DA:9,2
DA:13,2
DA:62,2
DA:65,19
DA:67,19
DA:75,1
DA:76,1
DA:77,1
DA:78,1
DA:79,0
DA:82,1
DA:83,1
DA:95,1
DA:99,1
DA:105,1
DA:106,0
DA:109,1
DA:116,0
DA:130,5
DA:131,5
DA:132,5
DA:134,5
DA:135,5
DA:136,3
DA:137,2
DA:138,2
DA:146,5
DA:147,4
DA:148,4
DA:149,4
DA:150,4
DA:151,4
DA:152,4
DA:155,1
DA:162,1
DA:163,0
DA:171,1
DA:178,0
DA:188,0
DA:196,0
DA:197,0
DA:198,0
DA:201,0
DA:208,0
DA:218,0
DA:219,0
DA:220,0
DA:223,0
DA:238,2
DA:239,1
DA:247,5
DA:249,4
DA:250,3
DA:251,3
DA:252,0
DA:255,3
DA:256,2
DA:259,1
DA:260,1
DA:263,2
DA:264,1
DA:267,2
DA:274,16
DA:278,16
DA:279,1
DA:282,15
DA:283,4
DA:286,11
DA:293,0
DA:300,3
DA:311,6
DA:316,5
DA:318,5
DA:322,5
DA:323,1
DA:326,5
DA:332,5
DA:333,5
DA:338,5
DA:339,151
DA:352,0
DA:359,0
DA:369,0
DA:371,0
DA:379,0
DA:381,0
DA:391,0
DA:392,0
DA:406,3
DA:421,2
DA:427,2
DA:428,2
DA:429,0
DA:430,0
DA:432,0
DA:435,2
DA:440,3
DA:441,3
DA:445,3
DA:462,7
DA:463,2
DA:466,5
DA:467,0
DA:470,5
DA:474,9
DA:475,5
DA:478,4
DA:482,4
DA:487,4
DA:488,4
DA:489,2
DA:492,2
DA:496,15
DA:497,15
DA:504,5
DA:505,4
DA:508,1
DA:510,2
LF:121
LH:92
BRDA:73,0,0,0
BRDA:75,1,0,1
BRDA:75,1,1,0
BRDA:78,2,0,0
BRDA:78,2,1,1
BRDA:78,3,0,1
BRDA:78,3,1,0
BRDA:82,4,0,1
BRDA:82,4,1,0
BRDA:91,5,0,1
BRDA:91,5,1,1
BRDA:92,6,0,1
BRDA:92,6,1,1
BRDA:105,7,0,0
BRDA:105,7,1,1
BRDA:128,8,0,0
BRDA:130,9,0,5
BRDA:130,9,1,0
BRDA:132,10,0,5
BRDA:132,10,1,5
BRDA:135,11,0,3
BRDA:135,11,1,2
BRDA:137,12,0,2
BRDA:137,12,1,0
BRDA:146,13,0,4
BRDA:146,13,1,1
BRDA:148,14,0,4
BRDA:148,14,1,2
BRDA:149,15,0,4
BRDA:149,15,1,2
BRDA:150,16,0,4
BRDA:150,16,1,2
BRDA:151,17,0,4
BRDA:151,17,1,2
BRDA:162,18,0,0
BRDA:162,18,1,1
BRDA:162,19,0,1
BRDA:162,19,1,0
BRDA:197,20,0,0
BRDA:197,20,1,0
BRDA:225,21,0,0
BRDA:225,21,1,0
BRDA:249,22,0,3
BRDA:249,22,1,1
BRDA:251,23,0,0
BRDA:251,23,1,3
BRDA:255,24,0,2
BRDA:255,24,1,1
BRDA:255,25,0,3
BRDA:255,25,1,0
BRDA:263,26,0,1
BRDA:263,26,1,1
BRDA:278,27,0,1
BRDA:278,27,1,15
BRDA:282,28,0,4
BRDA:282,28,1,11
BRDA:308,29,0,3
BRDA:322,30,0,1
BRDA:322,30,1,4
BRDA:334,31,0,4
BRDA:334,31,1,1
BRDA:367,32,0,0
BRDA:427,33,0,2
BRDA:427,33,1,0
BRDA:429,34,0,0
BRDA:429,34,1,0
BRDA:440,35,0,3
BRDA:440,35,1,0
BRDA:441,36,0,2
BRDA:441,36,1,1
BRDA:443,37,0,1
BRDA:443,37,1,0
BRDA:454,38,0,0
BRDA:454,38,1,3
BRDA:454,39,0,0
BRDA:454,39,1,0
BRDA:455,40,0,3
BRDA:455,40,1,0
BRDA:462,41,0,2
BRDA:462,41,1,5
BRDA:462,42,0,7
BRDA:462,42,1,2
BRDA:466,43,0,0
BRDA:466,43,1,5
BRDA:474,44,0,5
BRDA:474,44,1,4
BRDA:478,45,0,4
BRDA:478,45,1,0
BRDA:488,46,0,2
BRDA:488,46,1,2
BRDA:492,47,0,2
BRDA:492,47,1,0
BRDA:497,48,0,15
BRDA:497,48,1,9
BRDA:504,49,0,4
BRDA:504,49,1,1
BRDA:504,50,0,5
BRDA:504,50,1,5
BRDA:504,51,0,5
BRDA:504,51,1,0
BRDA:511,52,0,2
BRDA:511,52,1,1
BRF:102
BRH:71
end_of_record
TN:
SF:src\conversation\dto\create-conversation.dto.ts
FNF:0
FNH:0
DA:1,0
DA:4,0
DA:7,0
DA:11,0
DA:15,0
DA:19,0
DA:24,0
DA:29,0
DA:33,0
LF:9
LH:0
BRF:0
BRH:0
end_of_record
TN:
SF:src\conversation\dto\delete-conversation-query.dto.ts
FN:5,(anonymous_2)
FNF:1
FNH:0
FNDA:0,(anonymous_2)
DA:1,0
DA:2,0
DA:4,0
DA:5,0
DA:8,0
LF:5
LH:0
BRF:0
BRH:0
end_of_record
TN:
SF:src\conversation\dto\find-active-conversation-query.dto.ts
FN:5,(anonymous_2)
FN:10,(anonymous_3)
FNF:2
FNH:0
FNDA:0,(anonymous_2)
FNDA:0,(anonymous_3)
DA:1,0
DA:2,0
DA:4,0
DA:5,0
DA:8,0
DA:10,0
DA:13,0
LF:7
LH:0
BRF:0
BRH:0
end_of_record
TN:
SF:src\conversation\dto\get-messages-query.dto.ts
FN:5,(anonymous_2)
FN:11,(anonymous_3)
FNF:2
FNH:0
FNDA:0,(anonymous_2)
FNDA:0,(anonymous_3)
DA:1,0
DA:2,0
DA:4,0
DA:5,0
DA:8,0
DA:11,0
DA:14,0
DA:19,0
LF:8
LH:0
BRF:0
BRH:0
end_of_record
TN:
SF:src\conversation\dto\list-conversations-query.dto.ts
FN:5,(anonymous_2)
FN:10,(anonymous_3)
FNF:2
FNH:0
FNDA:0,(anonymous_2)
FNDA:0,(anonymous_3)
DA:1,0
DA:2,0
DA:4,0
DA:5,0
DA:8,0
DA:10,0
DA:13,0
LF:7
LH:0
BRF:0
BRH:0
end_of_record
TN:
SF:src\conversation\dto\open-conversation.dto.ts
FNF:0
FNH:0
DA:1,0
DA:4,0
DA:7,0
DA:11,0
DA:15,0
DA:19,0
DA:24,0
DA:29,0
DA:33,0
LF:9
LH:0
BRF:0
BRH:0
end_of_record
TN:
SF:src\conversation\dto\search-conversations-query.dto.ts
FN:5,(anonymous_2)
FN:10,(anonymous_3)
FNF:2
FNH:0
FNDA:0,(anonymous_2)
FNDA:0,(anonymous_3)
DA:1,0
DA:2,0
DA:4,0
DA:5,0
DA:8,0
DA:10,0
DA:13,0
DA:17,0
LF:8
LH:0
BRF:0
BRH:0
end_of_record
TN:
SF:src\conversation\dto\update-conversation.dto.ts
FNF:0
FNH:0
DA:1,0
DA:3,0
DA:7,0
DA:11,0
LF:4
LH:0
BRF:0
BRH:0
end_of_record
TN:
SF:src\conversation\entities\conversation.entity.ts
FN:53,(anonymous_2)
FN:53,(anonymous_3)
FNF:2
FNH:0
FNDA:0,(anonymous_2)
FNDA:0,(anonymous_3)
DA:1,2
DA:10,2
DA:16,2
DA:18,2
DA:21,2
DA:24,2
DA:27,2
DA:30,2
DA:33,2
DA:36,2
DA:39,2
DA:42,2
DA:45,2
DA:48,2
DA:51,2
DA:53,0
DA:56,2
LF:17
LH:16
BRF:0
BRH:0
end_of_record
TN:
SF:src\conversation\entities\message.entity.ts
FN:18,(anonymous_2)
FN:18,(anonymous_3)
FNF:2
FNH:0
FNDA:0,(anonymous_2)
FNDA:0,(anonymous_3)
DA:1,2
DA:9,2
DA:14,2
DA:16,2
DA:18,0
DA:22,2
DA:25,2
DA:28,2
DA:31,2
DA:34,2
LF:10
LH:9
BRF:0
BRH:0
end_of_record
